time,crd,vel,ekin,epot,etotal,coff_0,coff_1,prob,random,state
0.000,-5.00000000,0.01450000,0.21025000,-0.00999657,0.20025343,1.00000000,0.00000000,0.00000000,0.70624235,0
1.000,-4.98550000,0.01450000,0.21024992,-0.00999649,0.20025344,1.00000000,0.00000000,0.00000000,0.39179712,0
2.000,-4.97100001,0.01449999,0.21024984,-0.00999640,0.20025344,1.00000000,0.00000000,0.00000000,0.07340561,0
3.000,-4.95650001,0.01449999,0.21024976,-0.00999632,0.20025344,1.00000000,0.00000000,0.00000000,0.32877152,0
4.000,-4.94200002,0.01449999,0.21024967,-0.00999623,0.20025344,1.00000000,0.00000000,0.00000000,0.75575049,0
5.000,-4.92750003,0.01449999,0.21024959,-0.00999614,0.20025344,1.00000000,0.00000000,0.00000000,0.61984822,0
6.000,-4.91300005,0.01449998,0.21024950,-0.00999605,0.20025345,1.00000000,0.00000000,0.00000000,0.21787081,0
7.000,-4.89850007,0.01449998,0.21024941,-0.00999596,0.20025345,1.00000000,0.00000000,0.00000000,0.00967903,0
8.000,-4.88400009,0.01449998,0.21024932,-0.00999587,0.20025345,1.00000000,0.00000000,0.00000000,0.03903690,0
9.000,-4.86950012,0.01449997,0.21024922,-0.00999577,0.20025345,1.00000000,0.00000000,0.00000000,0.39739409,0
10.000,-4.85500015,0.01449997,0.21024912,-0.00999567,0.20025345,1.00000000,0.00000000,0.00000000,0.08263194,0
11.000,-4.84050018,0.01449997,0.21024902,-0.00999557,0.20025346,1.00000000,0.00000000,0.00000000,0.08173542,0
12.000,-4.82600021,0.01449996,0.21024892,-0.00999546,0.20025346,1.00000000,0.00000000,0.00000000,0.06819480,0
13.000,-4.81150025,0.01449996,0.21024882,-0.00999536,0.20025346,1.00000000,0.00000000,0.00000000,0.14617115,0
14.000,-4.79700029,0.01449996,0.21024871,-0.00999525,0.20025346,1.00000000,0.00000000,0.00000000,0.21914733,0
15.000,-4.78250034,0.01449995,0.21024860,-0.00999514,0.20025347,1.00000000,0.00000000,0.00000000,0.35988511,0
16.000,-4.76800039,0.01449995,0.21024849,-0.00999502,0.20025347,1.00000000,0.00000000,0.00000000,0.77277586,0
17.000,-4.75350044,0.01449994,0.21024838,-0.00999491,0.20025347,1.00000000,0.00000000,0.00000000,0.50578457,0
18.000,-4.73900050,0.01449994,0.21024826,-0.00999479,0.20025347,1.00000000,0.00000000,0.00000000,0.87004928,0
19.000,-4.72450056,0.01449994,0.21024814,-0.00999466,0.20025348,1.00000000,0.00000000,0.00000000,0.74542030,0
20.000,-4.71000063,0.01449993,0.21024802,-0.00999454,0.20025348,1.00000000,0.00000000,0.00000000,0.22786443,0
21.000,-4.69550070,0.01449993,0.21024789,-0.00999441,0.20025348,1.00000000,0.00000000,0.00000000,0.78814174,0
22.000,-4.68100078,0.01449992,0.21024777,-0.00999428,0.20025349,1.00000000,0.00000000,0.00000000,0.59083789,0
23.000,-4.66650085,0.01449992,0.21024763,-0.00999415,0.20025349,1.00000000,0.00000000,0.00000000,0.77668623,0
24.000,-4.65200094,0.01449991,0.21024750,-0.00999401,0.20025349,1.00000000,0.00000000,0.00000000,0.54382933,0
25.000,-4.63750103,0.01449991,0.21024736,-0.00999387,0.20025350,1.00000000,0.00000000,0.00000000,0.43796882,0
26.000,-4.62300112,0.01449990,0.21024722,-0.00999372,0.20025350,1.00000000,0.00000000,0.00000000,0.70076271,0
27.000,-4.60850122,0.01449990,0.21024708,-0.00999358,0.20025350,1.00000000,0.00000000,0.00000000,0.79943230,0
28.000,-4.59400132,0.01449989,0.21024693,-0.00999343,0.20025351,1.00000000,0.00000000,0.00000000,0.97904846,0
29.000,-4.57950143,0.01449989,0.21024678,-0.00999327,0.20025351,1.00000000,0.00000000,0.00000000,0.34315224,0
30.000,-4.56500154,0.01449988,0.21024663,-0.00999311,0.20025351,1.00000000,0.00000000,0.00000000,0.09228545,0
31.000,-4.55050166,0.01449988,0.21024647,-0.00999295,0.20025352,1.00000000,0.00000000,0.00000000,0.73084391,0
32.000,-4.53600179,0.01449987,0.21024631,-0.00999279,0.20025352,1.00000000,0.00000000,0.00000000,0.57215498,0
33.000,-4.52150192,0.01449987,0.21024614,-0.00999262,0.20025352,1.00000000,0.00000000,0.00000000,0.07375259,0
34.000,-4.50700205,0.01449986,0.21024597,-0.00999244,0.20025353,1.00000000,0.00000000,0.00000000,0.44907602,0
35.000,-4.49250220,0.01449986,0.21024580,-0.00999227,0.20025353,1.00000000,0.00000000,0.00000000,0.15515634,0
36.000,-4.47800234,0.01449985,0.21024562,-0.00999209,0.20025354,1.00000000,0.00000000,0.00000000,0.38044417,0
37.000,-4.46350250,0.01449984,0.21024544,-0.00999190,0.20025354,1.00000000,0.00000000,0.00000000,0.40461417,0
38.000,-4.44900266,0.01449984,0.21024525,-0.00999171,0.20025354,1.00000000,0.00000000,0.00000000,0.72047554,0
39.000,-4.43450282,0.01449983,0.21024506,-0.00999151,0.20025355,1.00000000,0.00000000,0.00000000,0.56241771,0
40.000,-4.42000300,0.01449982,0.21024487,-0.00999132,0.20025355,1.00000000,0.00000000,0.00000000,0.41645409,0
41.000,-4.40550318,0.01449982,0.21024467,-0.00999111,0.20025356,1.00000000,0.00000000,0.00000000,0.43451836,0
42.000,-4.39100337,0.01449981,0.21024447,-0.00999090,0.20025356,1.00000000,0.00000000,0.00000000,0.41334444,0
43.000,-4.37650356,0.01449980,0.21024426,-0.00999069,0.20025357,1.00000000,0.00000000,0.00000000,0.96721230,0
44.000,-4.36200376,0.01449979,0.21024404,-0.00999047,0.20025357,1.00000000,0.00000000,0.00000000,0.59643090,0
45.000,-4.34750397,0.01449979,0.21024383,-0.00999025,0.20025358,1.00000000,0.00000000,0.00000000,0.96142070,0
46.000,-4.33300419,0.01449978,0.21024360,-0.00999002,0.20025358,1.00000000,0.00000000,0.00000000,0.99929787,0
47.000,-4.31850441,0.01449977,0.21024337,-0.00998978,0.20025359,1.00000000,0.00000000,0.00000000,0.83631173,0
48.000,-4.30400464,0.01449976,0.21024314,-0.00998954,0.20025359,1.00000000,0.00000000,0.00000000,0.49921025,0
49.000,-4.28950489,0.01449976,0.21024290,-0.00998930,0.20025360,1.00000000,0.00000000,0.00000000,0.23378952,0
50.000,-4.27500513,0.01449975,0.21024265,-0.00998905,0.20025361,1.00000000,0.00000000,0.00000000,0.65105242,0
51.000,-4.26050539,0.01449974,0.21024240,-0.00998879,0.20025361,1.00000000,0.00000000,0.00000000,0.77168033,0
52.000,-4.24600566,0.01449973,0.21024215,-0.00998853,0.20025362,1.00000000,0.00000000,0.00000000,0.23532352,0
53.000,-4.23150593,0.01449972,0.21024188,-0.00998826,0.20025362,1.00000000,0.00000000,0.00000000,0.73569814,0
54.000,-4.21700622,0.01449971,0.21024161,-0.00998798,0.20025363,1.00000000,0.00000000,0.00000000,0.48451765,0
55.000,-4.20250651,0.01449970,0.21024134,-0.00998770,0.20025364,1.00000000,0.00000000,0.00000000,0.96478695,0
56.000,-4.18800682,0.01449969,0.21024106,-0.00998741,0.20025364,1.00000000,0.00000000,0.00000000,0.43391019,0
57.000,-4.17350713,0.01449968,0.21024077,-0.00998712,0.20025365,1.00000000,0.00000000,0.00000000,0.06040283,0
58.000,-4.15900745,0.01449967,0.21024047,-0.00998681,0.20025366,1.00000000,0.00000000,0.00000000,0.77485108,0
59.000,-4.14450779,0.01449966,0.21024017,-0.00998650,0.20025366,1.00000000,0.00000000,0.00000000,0.29447994,0
60.000,-4.13000813,0.01449965,0.21023986,-0.00998619,0.20025367,1.00000000,0.00000000,0.00000000,0.82988981,0
61.000,-4.11550849,0.01449964,0.21023954,-0.00998586,0.20025368,1.00000000,0.00000000,0.00000000,0.03966150,0
62.000,-4.10100885,0.01449963,0.21023922,-0.00998553,0.20025369,1.00000000,0.00000000,0.00000000,0.28819906,0
63.000,-4.08650923,0.01449962,0.21023889,-0.00998519,0.20025369,1.00000000,0.00000000,0.00000000,0.65375036,0
64.000,-4.07200962,0.01449961,0.21023855,-0.00998485,0.20025370,1.00000000,0.00000000,0.00000000,0.65919880,0
65.000,-4.05751002,0.01449959,0.21023820,-0.00998449,0.20025371,1.00000000,0.00000000,0.00000000,0.63173778,0
66.000,-4.04301043,0.01449958,0.21023784,-0.00998413,0.20025372,1.00000000,0.00000000,0.00000000,0.84317521,0
67.000,-4.02851086,0.01449957,0.21023748,-0.00998375,0.20025373,1.00000000,0.00000000,0.00000000,0.98013726,0
68.000,-4.01401130,0.01449956,0.21023711,-0.00998337,0.20025374,1.00000000,0.00000000,0.00000000,0.10277889,0
69.000,-3.99951175,0.01449954,0.21023673,-0.00998298,0.20025374,1.00000000,0.00000000,0.00000000,0.91243891,0
70.000,-3.98501221,0.01449953,0.21023634,-0.00998258,0.20025375,1.00000000,0.00000000,0.00000000,0.37122404,0
71.000,-3.97051269,0.01449952,0.21023594,-0.00998217,0.20025376,1.00000000,0.00000000,0.00000000,0.49881342,0
72.000,-3.95601318,0.01449950,0.21023553,-0.00998175,0.20025377,1.00000000,0.00000000,0.00000000,0.26052727,0
73.000,-3.94151369,0.01449949,0.21023511,-0.00998133,0.20025378,1.00000000,0.00000000,0.00000000,0.14238121,0
74.000,-3.92701421,0.01449947,0.21023468,-0.00998089,0.20025379,1.00000000,0.00000000,0.00000000,0.69702387,0
75.000,-3.91251474,0.01449946,0.21023424,-0.00998044,0.20025380,1.00000000,0.00000000,0.00000000,0.94436418,0
76.000,-3.89801530,0.01449944,0.21023379,-0.00997998,0.20025381,1.00000000,0.00000000,0.00000000,0.00887805,0
77.000,-3.88351586,0.01449943,0.21023333,-0.00997951,0.20025382,1.00000000,0.00000000,0.00000000,0.71596023,0
78.000,-3.86901644,0.01449941,0.21023286,-0.00997903,0.20025383,1.00000000,0.00000000,0.00000000,0.18946956,0
79.000,-3.85451704,0.01449939,0.21023238,-0.00997854,0.20025385,1.00000000,0.00000000,0.00000000,0.48493885,0
80.000,-3.84001766,0.01449938,0.21023189,-0.00997803,0.20025386,1.00000000,0.00000000,0.00000000,0.40920713,0
81.000,-3.82551829,0.01449936,0.21023139,-0.00997752,0.20025387,1.00000000,0.00000000,0.00000000,0.40546644,0
82.000,-3.81101894,0.01449934,0.21023087,-0.00997699,0.20025388,1.00000000,0.00000000,0.00000000,0.80378031,0
83.000,-3.79651961,0.01449932,0.21023034,-0.00997645,0.20025389,1.00000000,0.00000000,0.00000000,0.75915505,0
84.000,-3.78202030,0.01449930,0.21022980,-0.00997590,0.20025391,1.00000000,0.00000000,0.00000000,0.29693022,0
85.000,-3.76752100,0.01449928,0.21022925,-0.00997533,0.20025392,1.00000000,0.00000000,0.00000000,0.48561607,0
86.000,-3.75302173,0.01449927,0.21022869,-0.00997475,0.20025393,1.00000000,0.00000000,0.00000000,0.47709276,0
87.000,-3.73852247,0.01449925,0.21022811,-0.00997416,0.20025395,1.00000000,0.00000000,0.00000000,0.21750128,0
88.000,-3.72402324,0.01449922,0.21022751,-0.00997355,0.20025396,1.00000000,0.00000000,0.00000000,0.40628773,0
89.000,-3.70952403,0.01449920,0.21022691,-0.00997293,0.20025397,1.00000000,0.00000000,0.00000000,0.57442968,0
90.000,-3.69502483,0.01449918,0.21022629,-0.00997230,0.20025399,1.00000000,0.00000000,0.00000000,0.14583129,0
91.000,-3.68052566,0.01449916,0.21022565,-0.00997165,0.20025400,1.00000000,0.00000000,0.00000000,0.09140891,0
92.000,-3.66602651,0.01449914,0.21022500,-0.00997098,0.20025402,1.00000000,0.00000000,0.00000000,0.52565189,0
93.000,-3.65152738,0.01449912,0.21022434,-0.00997030,0.20025403,1.00000000,0.00000000,0.00000000,0.91761979,0
94.000,-3.63702828,0.01449909,0.21022365,-0.00996960,0.20025405,1.00000000,0.00000000,0.00000000,0.51956968,0
95.000,-3.62252920,0.01449907,0.21022296,-0.00996889,0.20025407,1.00000000,0.00000000,0.00000000,0.35393407,0
96.000,-3.60803015,0.01449904,0.21022224,-0.00996816,0.20025408,1.00000000,0.00000000,0.00000000,0.26149855,0
97.000,-3.59353112,0.01449902,0.21022151,-0.00996741,0.20025410,1.00000000,0.00000000,0.00000000,0.50522145,0
98.000,-3.57903211,0.01449899,0.21022077,-0.00996665,0.20025412,1.00000000,0.00000000,0.00000000,0.84651001,0
99.000,-3.56453313,0.01449897,0.21022000,-0.00996587,0.20025414,1.00000000,0.00000000,0.00000000,0.76504574,0
100.000,-3.55003418,0.01449894,0.21021922,-0.00996507,0.20025415,1.00000000,0.00000000,0.00000000,0.38835028,0
101.000,-3.53553525,0.01449891,0.21021842,-0.00996425,0.20025417,1.00000000,0.00000000,0.00000000,0.76589990,0
102.000,-3.52103636,0.01449888,0.21021760,-0.00996341,0.20025419,1.00000000,0.00000000,0.00000000,0.92373979,0
103.000,-3.50653749,0.01449885,0.21021676,-0.00996255,0.20025421,1.00000000,0.00000000,0.00000000,0.46648978,0
104.000,-3.49203865,0.01449882,0.21021590,-0.00996167,0.20025423,1.00000000,0.00000000,0.00000000,0.39940413,0
105.000,-3.47753984,0.01449879,0.21021502,-0.00996077,0.20025425,1.00000000,0.00000000,0.00000000,0.74591019,0
106.000,-3.46304106,0.01449876,0.21021412,-0.00995985,0.20025427,1.00000000,0.00000000,0.00000000,0.83846574,0
107.000,-3.44854232,0.01449873,0.21021320,-0.00995891,0.20025430,1.00000000,0.00000000,0.00000000,0.46283098,0
108.000,-3.43404360,0.01449870,0.21021226,-0.00995794,0.20025432,1.00000000,0.00000000,0.00000000,0.78872722,0
109.000,-3.41954492,0.01449867,0.21021129,-0.00995695,0.20025434,1.00000000,0.00000000,0.00000000,0.86029067,0
110.000,-3.40504627,0.01449863,0.21021031,-0.00995594,0.20025436,1.00000000,0.00000000,0.00000000,0.42802122,0
111.000,-3.39054766,0.01449860,0.21020930,-0.00995491,0.20025439,1.00000000,0.00000000,0.00000000,0.72759845,0
112.000,-3.37604908,0.01449856,0.21020826,-0.00995385,0.20025441,1.00000000,0.00000000,0.00000000,0.37587740,0
113.000,-3.36155054,0.01449852,0.21020720,-0.00995277,0.20025444,1.00000000,0.00000000,0.00000000,0.18306293,0
114.000,-3.34705203,0.01449849,0.21020612,-0.00995166,0.20025446,1.00000000,0.00000000,0.00000000,0.91491721,0
115.000,-3.33255356,0.01449845,0.21020501,-0.00995053,0.20025449,1.00000000,0.00000000,0.00000000,0.37841660,0
116.000,-3.31805513,0.01449841,0.21020388,-0.00994936,0.20025451,1.00000000,0.00000000,0.00000000,0.23839738,0
117.000,-3.30355674,0.01449837,0.21020272,-0.00994818,0.20025454,1.00000000,0.00000000,0.00000000,0.80831257,0
118.000,-3.28905839,0.01449833,0.21020153,-0.00994696,0.20025457,1.00000000,0.00000000,0.00000000,0.80892530,0
119.000,-3.27456009,0.01449829,0.21020031,-0.00994572,0.20025460,1.00000000,0.00000000,0.00000000,0.63438783,0
120.000,-3.26006182,0.01449824,0.21019907,-0.00994444,0.20025463,1.00000000,0.00000000,0.00000000,0.00784218,0
121.000,-3.24556360,0.01449820,0.21019779,-0.00994314,0.20025466,1.00000000,0.00000000,0.00000000,0.16347267,0
122.000,-3.23106542,0.01449815,0.21019649,-0.00994180,0.20025469,1.00000000,0.00000000,0.00000000,0.71434996,0
123.000,-3.21656729,0.01449811,0.21019516,-0.00994044,0.20025472,1.00000000,0.00000000,0.00000000,0.92033859,0
124.000,-3.20206920,0.01449806,0.21019379,-0.00993904,0.20025475,1.00000000,0.00000000,0.00000000,0.02878258,0
125.000,-3.18757117,0.01449801,0.21019239,-0.00993761,0.20025478,1.00000000,0.00000000,0.00000000,0.00309174,0
126.000,-3.17307318,0.01449796,0.21019096,-0.00993614,0.20025482,1.00000000,0.00000000,0.00000000,0.04465987,0
127.000,-3.15857524,0.01449791,0.21018950,-0.00993465,0.20025485,1.00000000,0.00000000,0.00000000,0.29050719,0
128.000,-3.14407735,0.01449786,0.21018800,-0.00993311,0.20025489,1.00000000,0.00000000,0.00000000,0.78999652,0
129.000,-3.12957951,0.01449781,0.21018646,-0.00993154,0.20025492,1.00000000,0.00000000,0.00000000,0.74099184,0
130.000,-3.11508173,0.01449775,0.21018489,-0.00992994,0.20025496,1.00000000,0.00000000,0.00000000,0.46684415,0
131.000,-3.10058400,0.01449770,0.21018329,-0.00992829,0.20025500,1.00000000,0.00000000,0.00000000,0.98304696,0
132.000,-3.08608633,0.01449764,0.21018164,-0.00992661,0.20025503,1.00000000,0.00000000,0.00000000,0.90247349,0
133.000,-3.07158872,0.01449758,0.21017996,-0.00992489,0.20025507,1.00000000,0.00000000,0.00000000,0.41130938,0
134.000,-3.05709116,0.01449753,0.21017824,-0.00992312,0.20025511,1.00000000,0.00000000,0.00000000,0.36918577,0
135.000,-3.04259367,0.01449746,0.21017648,-0.00992132,0.20025516,1.00000000,0.00000000,0.00000000,0.36016962,0
136.000,-3.02809623,0.01449740,0.21017467,-0.00991947,0.20025520,1.00000000,0.00000000,0.00000000,0.11064875,0
137.000,-3.01359886,0.01449734,0.21017283,-0.00991758,0.20025524,1.00000000,0.00000000,0.00000000,0.71032334,0
138.000,-2.99910156,0.01449727,0.21017094,-0.00991565,0.20025529,1.00000000,0.00000000,0.00000000,0.38149381,0
139.000,-2.98460432,0.01449721,0.21016900,-0.00991367,0.20025533,1.00000000,0.00000000,0.00000000,0.52572530,0
140.000,-2.97010714,0.01449714,0.21016702,-0.00991164,0.20025538,1.00000000,0.00000000,0.00000000,0.39357310,0
141.000,-2.95561004,0.01449707,0.21016500,-0.00990957,0.20025542,1.00000000,0.00000000,0.00000000,0.72902942,0
142.000,-2.94111301,0.01449700,0.21016292,-0.00990745,0.20025547,1.00000000,0.00000000,0.00000000,0.91191149,0
143.000,-2.92661605,0.01449692,0.21016080,-0.00990528,0.20025552,1.00000000,0.00000000,0.00000000,0.27285797,0
144.000,-2.91211916,0.01449685,0.21015863,-0.00990305,0.20025557,1.00000000,0.00000000,0.00000000,0.17587372,0
145.000,-2.89762235,0.01449677,0.21015641,-0.00990078,0.20025563,1.00000000,0.00000000,0.00000000,0.64776749,0
146.000,-2.88312562,0.01449669,0.21015413,-0.00989845,0.20025568,1.00000000,0.00000000,0.00000000,0.34243369,0
147.000,-2.86862896,0.01449661,0.21015180,-0.00989607,0.20025573,1.00000000,0.00000000,0.00000000,0.38485905,0
148.000,-2.85413239,0.01449653,0.21014942,-0.00989363,0.20025579,1.00000000,0.00000000,0.00000000,0.06437044,0
149.000,-2.83963590,0.01449645,0.21014698,-0.00989113,0.20025585,0.99999999,0.00000001,0.00000000,0.53814572,0
150.000,-2.82513949,0.01449636,0.21014448,-0.00988858,0.20025590,0.99999999,0.00000001,0.00000000,0.97616768,0
151.000,-2.81064318,0.01449627,0.21014193,-0.00988597,0.20025596,0.99999999,0.00000001,0.00000000,0.53122458,0
152.000,-2.79614695,0.01449618,0.21013931,-0.00988329,0.20025603,0.99999999,0.00000001,0.00000000,0.16258871,0
153.000,-2.78165081,0.01449609,0.21013664,-0.00988055,0.20025609,0.99999999,0.00000001,0.00000000,0.63012436,0
154.000,-2.76715477,0.01449600,0.21013390,-0.00987775,0.20025615,0.99999999,0.00000001,0.00000000,0.58660262,0
155.000,-2.75265882,0.01449590,0.21013110,-0.00987488,0.20025622,0.99999999,0.00000001,0.00000000,0.68279271,0
156.000,-2.73816297,0.01449580,0.21012823,-0.00987194,0.20025628,0.99999998,0.00000002,0.00000000,0.16379230,0
157.000,-2.72366722,0.01449570,0.21012529,-0.00986894,0.20025635,0.99999998,0.00000002,0.00000000,0.38213885,0
158.000,-2.70917157,0.01449560,0.21012229,-0.00986586,0.20025642,0.99999998,0.00000002,0.00000000,0.92225277,0
159.000,-2.69467603,0.01449549,0.21011921,-0.00986272,0.20025650,0.99999997,0.00000003,0.00000000,0.71993914,0
160.000,-2.68018059,0.01449538,0.21011607,-0.00985950,0.20025657,0.99999997,0.00000003,0.00000000,0.60454974,0
161.000,-2.66568527,0.01449527,0.21011284,-0.00985620,0.20025665,0.99999996,0.00000004,0.00000000,0.56944265,0
162.000,-2.65119005,0.01449516,0.21010955,-0.00985283,0.20025672,0.99999996,0.00000004,0.00000000,0.32827101,0
163.000,-2.63669495,0.01449504,0.21010617,-0.00984937,0.20025680,0.99999995,0.00000005,0.00000000,0.12967112,0
164.000,-2.62219997,0.01449492,0.21010272,-0.00984584,0.20025688,0.99999994,0.00000006,0.00000000,0.64404286,0
165.000,-2.60770511,0.01449480,0.21009919,-0.00984222,0.20025696,0.99999993,0.00000007,0.00000000,0.39562654,0
166.000,-2.59321038,0.01449467,0.21009557,-0.00983852,0.20025705,0.99999992,0.00000008,0.00000000,0.29061480,0
167.000,-2.57871576,0.01449455,0.21009187,-0.00983473,0.20025714,0.99999990,0.00000010,0.00000000,0.93326276,0
168.000,-2.56422128,0.01449442,0.21008808,-0.00983085,0.20025722,0.99999989,0.00000011,0.00000000,0.88840085,0
169.000,-2.54972693,0.01449428,0.21008420,-0.00982689,0.20025732,0.99999987,0.00000013,0.00000000,0.58624270,0
170.000,-2.53523272,0.01449414,0.21008023,-0.00982283,0.20025741,0.99999985,0.00000015,0.00000000,0.08892525,0
171.000,-2.52073864,0.01449400,0.21007617,-0.00981867,0.20025750,0.99999983,0.00000017,0.00000000,0.69662600,0
172.000,-2.50624471,0.01449386,0.21007202,-0.00981442,0.20025760,0.99999980,0.00000020,0.00000000,0.11585355,0
173.000,-2.49175092,0.01449371,0.21006776,-0.00981006,0.20025770,0.99999977,0.00000023,0.00000000,0.45051107,0
174.000,-2.47725728,0.01449356,0.21006341,-0.00980561,0.20025780,0.99999973,0.00000027,0.00000000,0.22889842,0
175.000,-2.46276379,0.01449341,0.21005895,-0.00980105,0.20025791,0.99999969,0.00000031,0.00000000,0.68542693,0
176.000,-2.44827046,0.01449325,0.21005439,-0.00979638,0.20025801,0.99999964,0.00000036,0.00000000,0.44188139,0
177.000,-2.43377729,0.01449309,0.21004973,-0.00979161,0.20025812,0.99999959,0.00000041,0.00000000,0.72199179,0
178.000,-2.41928428,0.01449293,0.21004495,-0.00978672,0.20025823,0.99999953,0.00000047,0.00000000,0.04584945,0
179.000,-2.40479143,0.01449276,0.21004006,-0.00978172,0.20025835,0.99999946,0.00000054,0.00000000,0.87123203,0
180.000,-2.39029876,0.01449259,0.21003506,-0.00977660,0.20025846,0.99999937,0.00000063,0.00000000,0.59335498,0
181.000,-2.37580626,0.01449241,0.21002994,-0.00977136,0.20025858,0.99999928,0.00000072,0.00000000,0.53628807,0
182.000,-2.36131394,0.01449223,0.21002470,-0.00976600,0.20025871,0.99999918,0.00000082,0.00000000,0.20364537,0
183.000,-2.34682180,0.01449204,0.21001934,-0.00976051,0.20025883,0.99999905,0.00000095,0.00000000,0.05515022,0
184.000,-2.33232985,0.01449185,0.21001385,-0.00975489,0.20025896,0.99999892,0.00000108,0.00000000,0.41093980,0
185.000,-2.31783809,0.01449166,0.21000824,-0.00974915,0.20025909,0.99999876,0.00000124,0.00000000,0.92945819,0
186.000,-2.30334653,0.01449146,0.21000249,-0.00974327,0.20025922,0.99999858,0.00000142,0.00000000,0.02047772,0
187.000,-2.28885517,0.01449126,0.20999661,-0.00973725,0.20025936,0.99999837,0.00000163,0.00000000,0.39478272,0
188.000,-2.27436401,0.01449105,0.20999059,-0.00973109,0.20025950,0.99999814,0.00000186,0.00000000,0.60239524,0
189.000,-2.25987306,0.01449084,0.20998444,-0.00972479,0.20025964,0.99999788,0.00000212,0.00000000,0.08384888,0
190.000,-2.24538233,0.01449062,0.20997813,-0.00971834,0.20025979,0.99999758,0.00000242,0.00000000,0.16186052,0
191.000,-2.23089182,0.01449040,0.20997168,-0.00971174,0.20025994,0.99999724,0.00000276,0.00000000,0.83614406,0
192.000,-2.21640153,0.01449017,0.20996508,-0.00970499,0.20026010,0.99999686,0.00000314,0.00000000,0.68542952,0
193.000,-2.20191147,0.01448994,0.20995833,-0.00969808,0.20026025,0.99999642,0.00000358,0.00000000,0.85919151,0
194.000,-2.18742165,0.01448970,0.20995142,-0.00969101,0.20026041,0.99999593,0.00000407,0.00000000,0.48374247,0
195.000,-2.17293207,0.01448946,0.20994435,-0.00968377,0.20026058,0.99999538,0.00000462,0.00000000,0.26550988,0
196.000,-2.15844274,0.01448921,0.20993711,-0.00967637,0.20026074,0.99999476,0.00000524,0.00000000,0.24310096,0
197.000,-2.14395366,0.01448895,0.20992971,-0.00966879,0.20026092,0.99999405,0.00000595,0.00000000,0.46128213,0
198.000,-2.12946484,0.01448869,0.20992213,-0.00966104,0.20026109,0.99999326,0.00000674,0.00000000,0.29063625,0
199.000,-2.11497628,0.01448842,0.20991438,-0.00965311,0.20026127,0.99999237,0.00000763,0.00000000,0.97199960,0
200.000,-2.10048799,0.01448815,0.20990645,-0.00964499,0.20026145,0.99999136,0.00000864,0.00000000,0.93443821,0
201.000,-2.08599998,0.01448787,0.20989833,-0.00963669,0.20026164,0.99999023,0.00000977,0.00000000,0.92156589,0
202.000,-2.07151225,0.01448758,0.20989003,-0.00962820,0.20026183,0.99998897,0.00001103,0.00000000,0.99329158,0
203.000,-2.05702482,0.01448729,0.20988154,-0.00961951,0.20026203,0.99998755,0.00001245,0.00000000,0.20988944,0
204.000,-2.04253768,0.01448699,0.20987284,-0.00961062,0.20026223,0.99998595,0.00001405,0.00000000,0.27987216,0
205.000,-2.02805084,0.01448668,0.20986395,-0.00960152,0.20026243,0.99998417,0.00001583,0.00000000,0.16021950,0
206.000,-2.01356431,0.01448637,0.20985486,-0.00959222,0.20026264,0.99998217,0.00001783,0.00000000,0.06415973,0
207.000,-1.99907810,0.01448605,0.20984555,-0.00958270,0.20026285,0.99997994,0.00002006,0.00000000,0.66439527,0
208.000,-1.98459222,0.01448572,0.20983604,-0.00957296,0.20026307,0.99997745,0.00002255,0.00000000,0.29096407,0
209.000,-1.97010667,0.01448538,0.20982630,-0.00956301,0.20026329,0.99997467,0.00002533,0.00000000,0.16897898,0
210.000,-1.95562145,0.01448504,0.20981634,-0.00955282,0.20026352,0.99997157,0.00002843,0.00000000,0.99208708,0
211.000,-1.94113659,0.01448469,0.20980616,-0.00954240,0.20026375,0.99996811,0.00003189,0.00000000,0.50073049,0
212.000,-1.92665208,0.01448433,0.20979574,-0.00953175,0.20026399,0.99996426,0.00003574,0.00000000,0.34763515,0
213.000,-1.91216794,0.01448396,0.20978508,-0.00952085,0.20026423,0.99995998,0.00004002,0.00000000,0.79227911,0
214.000,-1.89768416,0.01448358,0.20977419,-0.00950971,0.20026448,0.99995522,0.00004478,0.00000000,0.87705723,0
215.000,-1.88320077,0.01448320,0.20976305,-0.00949832,0.20026473,0.99994994,0.00005006,0.00000000,0.55083838,0
216.000,-1.86871776,0.01448281,0.20975165,-0.00948667,0.20026498,0.99994408,0.00005592,0.00000000,0.21445698,0
217.000,-1.85423516,0.01448240,0.20974000,-0.00947476,0.20026524,0.99993758,0.00006242,0.00000000,0.72884426,0
218.000,-1.83975296,0.01448199,0.20972809,-0.00946258,0.20026551,0.99993038,0.00006962,0.00000000,0.28237443,0
219.000,-1.82527117,0.01448157,0.20971592,-0.00945014,0.20026578,0.99992241,0.00007759,0.00000000,0.65865176,0
220.000,-1.81078981,0.01448114,0.20970347,-0.00943741,0.20026605,0.99991360,0.00008640,0.00000000,0.80243144,0
221.000,-1.79630889,0.01448070,0.20969075,-0.00942441,0.20026634,0.99990386,0.00009614,0.00000000,0.69156029,0
222.000,-1.78182841,0.01448025,0.20967774,-0.00941112,0.20026662,0.99989311,0.00010689,0.00000000,0.10671085,0
223.000,-1.76734838,0.01447979,0.20966445,-0.00939754,0.20026691,0.99988125,0.00011875,0.00000000,0.66479853,0
224.000,-1.75286882,0.01447933,0.20965087,-0.00938366,0.20026721,0.99986818,0.00013182,0.00000000,0.58133446,0
225.000,-1.73838973,0.01447885,0.20963699,-0.00936948,0.20026751,0.99985378,0.00014622,0.00000000,0.52919315,0
226.000,-1.72391113,0.01447836,0.20962281,-0.00935499,0.20026782,0.99983794,0.00016206,0.00000000,0.54351215,0
227.000,-1.70943302,0.01447786,0.20960832,-0.00934019,0.20026813,0.99982052,0.00017948,0.00000000,0.88528865,0
228.000,-1.69495542,0.01447735,0.20959352,-0.00932508,0.20026844,0.99980138,0.00019862,0.00000000,0.99622171,0
229.000,-1.68047833,0.01447682,0.20957841,-0.00930964,0.20026876,0.99978037,0.00021963,0.00000000,0.68756128,0
230.000,-1.66600177,0.01447629,0.20956297,-0.00929388,0.20026909,0.99975733,0.00024267,0.00000000,0.41809201,0
231.000,-1.65152575,0.01447575,0.20954721,-0.00927778,0.20026942,0.99973207,0.00026793,0.00000000,0.73043454,0
232.000,-1.63705028,0.01447519,0.20953111,-0.00926135,0.20026976,0.99970442,0.00029558,0.00000000,0.48427722,0
233.000,-1.62257537,0.01447462,0.20951468,-0.00924458,0.20027010,0.99967416,0.00032584,0.00000000,0.51576272,0
234.000,-1.60810104,0.01447404,0.20949791,-0.00922747,0.20027044,0.99964108,0.00035892,0.00000000,0.62049677,0
235.000,-1.59362729,0.01447345,0.20948079,-0.00921000,0.20027079,0.99960494,0.00039506,0.00000000,0.95006253,0
236.000,-1.57915413,0.01447285,0.20946332,-0.00919218,0.20027115,0.99956550,0.00043450,0.00000000,0.90488680,0
237.000,-1.56468159,0.01447223,0.20944550,-0.00917400,0.20027150,0.99952249,0.00047751,0.00000000,0.55451030,0
238.000,-1.55020967,0.01447160,0.20942732,-0.00915546,0.20027187,0.99947561,0.00052439,0.00000000,0.71044555,0
239.000,-1.53573838,0.01447096,0.20940878,-0.00913655,0.20027223,0.99942457,0.00057543,0.00000000,0.62305803,0
240.000,-1.52126774,0.01447031,0.20938987,-0.00911727,0.20027260,0.99936904,0.00063096,0.00000000,0.16132518,0
241.000,-1.50679776,0.01446964,0.20937059,-0.00909761,0.20027298,0.99930867,0.00069133,0.00000000,0.48668576,0
242.000,-1.49232845,0.01446896,0.20935093,-0.00907758,0.20027336,0.99924309,0.00075691,0.00000000,0.38375408,0
243.000,-1.47785983,0.01446827,0.20933090,-0.00905716,0.20027374,0.99917192,0.00082808,0.00000000,0.25622606,0
244.000,-1.46339191,0.01446757,0.20931049,-0.00903636,0.20027412,0.99909473,0.00090527,0.00000000,0.96170903,0
245.000,-1.44892470,0.01446685,0.20928969,-0.00901518,0.20027451,0.99901109,0.00098891,0.00000000,0.10448992,0
246.000,-1.43445821,0.01446612,0.20926850,-0.00899360,0.20027490,0.99892052,0.00107948,0.00000000,0.22754688,0
247.000,-1.41999247,0.01446537,0.20924692,-0.00897163,0.20027529,0.99882254,0.00117746,0.00000000,0.72710437,0
248.000,-1.40552747,0.01446461,0.20922495,-0.00894926,0.20027569,0.99871661,0.00128339,0.00000000,0.60365231,0
249.000,-1.39106325,0.01446384,0.20920258,-0.00892650,0.20027609,0.99860218,0.00139782,0.00000000,0.68785798,0
250.000,-1.37659980,0.01446305,0.20917982,-0.00890333,0.20027649,0.99847868,0.00152132,0.00000000,0.14598503,0
251.000,-1.36213715,0.01446225,0.20915665,-0.00887976,0.20027689,0.99834548,0.00165452,0.00000000,0.30787998,0
252.000,-1.34767530,0.01446143,0.20913309,-0.00885579,0.20027729,0.99820193,0.00179807,0.00000000,0.63836925,0
253.000,-1.33321428,0.01446061,0.20910912,-0.00883142,0.20027770,0.99804736,0.00195264,0.00000000,0.65407689,0
254.000,-1.31875409,0.01445976,0.20908474,-0.00880664,0.20027810,0.99788105,0.00211895,0.00000000,0.47420708,0
255.000,-1.30429475,0.01445891,0.20905996,-0.00878145,0.20027851,0.99770224,0.00229776,0.00000000,0.38077499,0
256.000,-1.28983628,0.01445803,0.20903477,-0.00875585,0.20027892,0.99751015,0.00248985,0.00000000,0.11948610,0
257.000,-1.27537868,0.01445715,0.20900918,-0.00872985,0.20027932,0.99730394,0.00269606,0.00000000,0.81051807,0
258.000,-1.26092198,0.01445625,0.20898317,-0.00870344,0.20027973,0.99708277,0.00291723,0.00000000,0.10760771,0
259.000,-1.24646618,0.01445534,0.20895676,-0.00867662,0.20028014,0.99684571,0.00315429,0.00000000,0.42478011,0
260.000,-1.23201131,0.01445441,0.20892994,-0.00864939,0.20028055,0.99659182,0.00340818,0.00000000,0.33178807,0
261.000,-1.21755736,0.01445347,0.20890271,-0.00862175,0.20028096,0.99632013,0.00367987,0.00000000,0.85860794,0
262.000,-1.20310437,0.01445251,0.20887507,-0.00859371,0.20028137,0.99602960,0.00397040,0.00000000,0.94373336,0
263.000,-1.18865234,0.01445154,0.20884703,-0.00856525,0.20028177,0.99571917,0.00428083,0.00000000,0.51726232,0
264.000,-1.17420129,0.01445056,0.20881857,-0.00853639,0.20028218,0.99538772,0.00461228,0.00000000,0.71080152,0
265.000,-1.15975123,0.01444956,0.20878971,-0.00850713,0.20028259,0.99503410,0.00496590,0.00000000,0.09083294,0
266.000,-1.14530218,0.01444854,0.20876045,-0.00847745,0.20028299,0.99465712,0.00534288,0.00000000,0.09610701,0
267.000,-1.13085414,0.01444752,0.20873078,-0.00844738,0.20028340,0.99425552,0.00574448,0.00000000,0.07899782,0
268.000,-1.11640714,0.01444648,0.20870070,-0.00841690,0.20028380,0.99382804,0.00617196,0.00000000,0.35810122,0
269.000,-1.10196119,0.01444542,0.20867022,-0.00838602,0.20028420,0.99337333,0.00662667,0.00000000,0.48444060,0
270.000,-1.08751630,0.01444435,0.20863934,-0.00835473,0.20028461,0.99289002,0.00710998,0.00000000,0.24050168,0
271.000,-1.07307248,0.01444327,0.20860805,-0.00832304,0.20028501,0.99237670,0.00762330,0.00000000,0.39435982,0
272.000,-1.05862976,0.01444217,0.20857636,-0.00829095,0.20028541,0.99183189,0.00816811,0.00000000,0.83367053,0
273.000,-1.04418813,0.01444106,0.20854427,-0.00825846,0.20028581,0.99125410,0.00874590,0.00000000,0.20531148,0
274.000,-1.02974763,0.01443994,0.20851178,-0.00822557,0.20028621,0.99064176,0.00935824,0.00000000,0.49906168,0
275.000,-1.01530826,0.01443880,0.20847889,-0.00819228,0.20028661,0.98999328,0.01000672,0.00000000,0.22655269,0
276.000,-1.00087004,0.01443765,0.20844560,-0.00815858,0.20028702,0.98930701,0.01069299,0.00000000,0.51655620,0
277.000,-0.98643297,0.01443648,0.20841190,-0.00812448,0.20028742,0.98858127,0.01141873,0.00000000,0.67386096,0
278.000,-0.97199708,0.01443530,0.20837780,-0.00808998,0.20028782,0.98781431,0.01218569,0.00000000,0.45288548,0
279.000,-0.95756238,0.01443410,0.20834330,-0.00805507,0.20028823,0.98700437,0.01299563,0.00000000,0.85090164,0
280.000,-0.94312888,0.01443289,0.20830839,-0.00801975,0.20028864,0.98614960,0.01385040,0.00000000,0.77300793,0
281.000,-0.92869659,0.01443167,0.20827307,-0.00798402,0.20028905,0.98524815,0.01475185,0.00000000,0.19588819,0
282.000,-0.91426554,0.01443043,0.20823734,-0.00794788,0.20028946,0.98429809,0.01570191,0.00000000,0.01215326,0
283.000,-0.89983573,0.01442918,0.20820120,-0.00791132,0.20028988,0.98329745,0.01670255,0.00000000,0.45269124,0
284.000,-0.88540718,0.01442791,0.20816464,-0.00787434,0.20029030,0.98224422,0.01775578,0.00000000,0.76990728,0
285.000,-0.87097990,0.01442663,0.20812765,-0.00783692,0.20029073,0.98113633,0.01886367,0.00000000,0.34374680,0
286.000,-0.85655392,0.01442533,0.20809024,-0.00779907,0.20029117,0.97997166,0.02002834,0.00000000,0.82093678,0
287.000,-0.84212924,0.01442402,0.20805239,-0.00776079,0.20029161,0.97874804,0.02125196,0.00000000,0.74175079,0
288.000,-0.82770588,0.01442269,0.20801410,-0.00772205,0.20029206,0.97746323,0.02253677,0.00000000,0.14840196,0
289.000,-0.81328385,0.01442135,0.20797536,-0.00768285,0.20029251,0.97611494,0.02388506,0.00000000,0.96166015,0
290.000,-0.79886317,0.01441999,0.20793617,-0.00764319,0.20029298,0.97470081,0.02529919,0.00000000,0.44486368,0
291.000,-0.78444387,0.01441862,0.20789650,-0.00760305,0.20029346,0.97321842,0.02678158,0.00000000,0.66923965,0
292.000,-0.77002594,0.01441722,0.20785636,-0.00756242,0.20029394,0.97166526,0.02833474,0.00000000,0.67657983,0
293.000,-0.75560942,0.01441582,0.20781573,-0.00752129,0.20029444,0.97003875,0.02996125,0.00000000,0.68512680,0
294.000,-0.74119431,0.01441439,0.20777460,-0.00747965,0.20029495,0.96833621,0.03166379,0.00000000,0.75533172,0
295.000,-0.72678064,0.01441294,0.20773296,-0.00743748,0.20029548,0.96655488,0.03344512,0.00000000,0.16504201,0
296.000,-0.71236842,0.01441148,0.20769079,-0.00739477,0.20029602,0.96469188,0.03530812,0.00000000,0.20047044,0
297.000,-0.69795768,0.01441000,0.20764808,-0.00735151,0.20029657,0.96274422,0.03725578,0.00000000,0.48667700,0
298.000,-0.68354842,0.01440850,0.20760481,-0.00730767,0.20029714,0.96070878,0.03929122,0.00000000,0.90348309,0
299.000,-0.66914068,0.01440698,0.20756098,-0.00726325,0.20029773,0.95858227,0.04141773,0.00000000,0.39081939,0
300.000,-0.65473447,0.01440543,0.20751655,-0.00721822,0.20029833,0.95636128,0.04363872,0.00000000,0.16191827,0
301.000,-0.64032981,0.01440387,0.20747153,-0.00717258,0.20029895,0.95404221,0.04595779,0.00000000,0.23477950,0
302.000,-0.62592673,0.01440229,0.20742588,-0.00712630,0.20029958,0.95162125,0.04837875,0.00000000,0.27492753,0
303.000,-0.61152524,0.01440068,0.20737960,-0.00707937,0.20030023,0.94909439,0.05090561,0.00000000,0.35561204,0
304.000,-0.59712537,0.01439905,0.20733266,-0.00703176,0.20030090,0.94645736,0.05354264,0.00000000,0.86859082,0
305.000,-0.58272714,0.01439740,0.20728506,-0.00698347,0.20030159,0.94370565,0.05629435,0.00000000,0.55572171,0
306.000,-0.56833057,0.01439572,0.20723677,-0.00693448,0.20030229,0.94083442,0.05916558,0.00000000,0.71420159,0
307.000,-0.55393569,0.01439402,0.20718778,-0.00688478,0.20030300,0.93783854,0.06216146,0.00000000,0.29814129,0
308.000,-0.53954253,0.01439229,0.20713807,-0.00683435,0.20030373,0.93471248,0.06528752,0.00000000,0.92027500,0
309.000,-0.52515111,0.01439054,0.20708764,-0.00678318,0.20030446,0.93145035,0.06854965,0.00000000,0.49963860,0
310.000,-0.51076145,0.01438876,0.20703647,-0.00673126,0.20030521,0.92804577,0.07195423,0.00000000,0.28842867,0
311.000,-0.49637359,0.01438696,0.20698455,-0.00667858,0.20030597,0.92449193,0.07550807,0.00000000,0.33965574,0
312.000,-0.48198754,0.01438513,0.20693187,-0.00662515,0.20030672,0.92078144,0.07921856,0.00000000,0.53648809,0
313.000,-0.46760333,0.01438327,0.20687844,-0.00657096,0.20030748,0.91690635,0.08309365,0.00000000,0.78049923,0
314.000,-0.45322100,0.01438139,0.20682425,-0.00651601,0.20030824,0.91285807,0.08714193,0.00000000,0.21945462,0
315.000,-0.43884056,0.01437948,0.20676930,-0.00646032,0.20030898,0.90862728,0.09137272,0.00000000,0.98758751,0
316.000,-0.42446205,0.01437754,0.20671361,-0.00640389,0.20030972,0.90420394,0.09579606,0.00000000,0.65442925,0
317.000,-0.41008549,0.01437558,0.20665719,-0.00634676,0.20031043,0.89957714,0.10042286,0.00000000,0.40436755,0
318.000,-0.39571090,0.01437359,0.20660006,-0.00628894,0.20031112,0.89473508,0.10526492,0.00000000,0.84079340,0
319.000,-0.38133831,0.01437158,0.20654224,-0.00623048,0.20031177,0.88966498,0.11033502,0.00000000,0.08053351,0
320.000,-0.36696774,0.01436954,0.20648378,-0.00617141,0.20031237,0.88435303,0.11564697,0.00000000,0.32420861,0
321.000,-0.35259922,0.01436749,0.20642472,-0.00611180,0.20031292,0.87878425,0.12121575,0.00000000,0.49075695,0
322.000,-0.33823276,0.01436541,0.20636511,-0.00605171,0.20031341,0.87294249,0.12705751,0.00000000,0.27598945,0
323.000,-0.32386839,0.01436332,0.20630503,-0.00599121,0.20031381,0.86681029,0.13318971,0.00000000,0.19665972,0
324.000,-0.30950612,0.01436122,0.20624454,-0.00593042,0.20031412,0.86036886,0.13963114,0.00000000,0.09553392,0
325.000,-0.29514596,0.01435910,0.20618376,-0.00586943,0.20031433,0.85359800,0.14640200,0.00000000,0.55936050,0
326.000,-0.28078792,0.01394654,0.19450604,0.00580837,0.20031441,0.84647604,0.15352396,0.00877172,0.00579615,1
327.000,-0.26643201,0.01394654,0.19450604,0.00574912,0.20025516,0.83897982,0.16102018,0.00000000,0.34376360,1
328.000,-0.25248440,0.01394867,0.19456528,0.00569008,0.20025536,0.83131318,0.16868682,0.00000000,0.67036574,1
329.000,-0.23853467,0.01395078,0.19462430,0.00563143,0.20025573,0.82324614,0.17675386,0.00000000,0.02884262,1
330.000,-0.22458284,0.01395288,0.19468294,0.00557337,0.20025630,0.81475216,0.18524784,0.00000000,0.44278021,1
331.000,-0.21062891,0.01395496,0.19474098,0.00551612,0.20025710,0.80580469,0.19419531,0.00000000,0.12419244,1
332.000,-0.19667291,0.01395701,0.19479821,0.00545994,0.20025814,0.79637624,0.20362376,0.00000000,0.82255627,1
333.000,-0.18271488,0.01395902,0.19485437,0.00540510,0.20025946,0.78643865,0.21356135,0.00000000,0.92087814,1
334.000,-0.16875486,0.01396099,0.19490918,0.00535192,0.20026110,0.77596339,0.22403661,0.00000000,0.74513792,1
335.000,-0.15479291,0.01396289,0.19496233,0.00530074,0.20026307,0.76492210,0.23507790,0.00000000,0.36145416,1
336.000,-0.14082908,0.01396472,0.19501347,0.00525194,0.20026542,0.75328718,0.24671282,0.00000000,0.66609985,1
337.000,-0.12686346,0.01396647,0.19506224,0.00520594,0.20026818,0.74103249,0.25896751,0.00000000,0.71441997,1
338.000,-0.11289615,0.01396811,0.19510820,0.00516319,0.20027139,0.72813437,0.27186563,0.00000000,0.70432746,1
339.000,-0.09892724,0.01396964,0.19515092,0.00512417,0.20027508,0.71457263,0.28542737,0.00000000,0.16953174,1
340.000,-0.08495686,0.01397104,0.19518989,0.00508940,0.20027930,0.70033191,0.29966809,0.00000000,0.31495122,1
341.000,-0.07098516,0.01397228,0.19522461,0.00505946,0.20028407,0.68540305,0.31459695,0.00000000,0.78029993,1
342.000,-0.05701230,0.01397335,0.19525451,0.00503491,0.20028942,0.66978468,0.33021532,0.00000000,0.35592724,1
343.000,-0.04303846,0.01397423,0.19527900,0.00501640,0.20029540,0.65348482,0.34651518,0.00000000,0.38122538,1
344.000,-0.02906385,0.01397489,0.19529746,0.00500455,0.20030201,0.63652255,0.36347745,0.00000000,0.92796389,1
345.000,-0.01508869,0.01397531,0.19530925,0.00500003,0.20030928,0.61892950,0.38107050,0.00000000,0.11002082,1
346.000,-0.00111323,0.01397547,0.19531372,0.00500332,0.20031704,0.60075111,0.39924889,0.00000000,0.52483403,1
347.000,0.01286225,0.01397535,0.19531048,0.00501405,0.20032453,0.58204752,0.41795248,0.00000000,0.55402230,1
348.000,0.02683747,0.01397497,0.19529981,0.00503155,0.20033135,0.56366765,0.43633235,0.00000000,0.75903980,1
349.000,0.04081219,0.01397435,0.19528237,0.00505517,0.20033753,0.54575568,0.45424432,0.00000000,0.19079443,1
350.000,0.05478617,0.01397350,0.19525879,0.00508429,0.20034309,0.52837548,0.47162452,0.00000000,0.43552186,1
351.000,0.06875920,0.01397246,0.19522972,0.00511833,0.20034805,0.51157718,0.48842282,0.00000000,0.75987505,1
352.000,0.08273109,0.01397125,0.19519573,0.00515671,0.20035244,0.49539783,0.50460217,0.00000000,0.98217913,1
353.000,0.09670169,0.01396987,0.19515740,0.00519890,0.20035630,0.47986252,0.52013748,0.00000000,0.76533171,1
354.000,0.11067084,0.01396837,0.19511524,0.00524442,0.20035966,0.46498569,0.53501431,0.00000000,0.04613626,1
355.000,0.12463842,0.01396674,0.19506977,0.00529280,0.20036256,0.45077253,0.54922747,0.00000000,0.99859818,1
356.000,0.13860432,0.01396501,0.19502142,0.00534362,0.20036504,0.43722049,0.56277951,0.00000000,0.81238834,1
357.000,0.15256844,0.01396319,0.19497063,0.00539651,0.20036713,0.42432067,0.57567933,0.00000000,0.55768119,1
358.000,0.16653070,0.01396130,0.19491777,0.00545110,0.20036887,0.41205912,0.58794088,0.00000000,0.22304133,1
359.000,0.18049103,0.01395934,0.19486320,0.00550709,0.20037029,0.40041805,0.59958195,0.00000000,0.88195366,1
360.000,0.19444938,0.01395734,0.19480724,0.00556419,0.20037142,0.38937685,0.61062315,0.00000000,0.63537595,1
361.000,0.20840570,0.01395529,0.19475016,0.00562213,0.20037230,0.37891296,0.62108704,0.00000000,0.96254443,1
362.000,0.22235996,0.01395322,0.19469224,0.00568070,0.20037294,0.36900263,0.63099737,0.00000000,0.82767103,1
363.000,0.23631213,0.01395112,0.19463368,0.00573969,0.20037338,0.35962151,0.64037849,0.00000000,0.86898912,1
364.000,0.25026220,0.01394900,0.19457471,0.00579892,0.20037363,0.35074513,0.64925487,0.00000000,0.73098154,1
365.000,0.26421014,0.01394688,0.19451549,0.00585823,0.20037373,0.34234931,0.65765069,0.00000000,0.47373003,1
366.000,0.27815596,0.01394475,0.19445619,0.00591749,0.20037368,0.33441039,0.66558961,0.00000000,0.25518588,1
367.000,0.29209965,0.01394263,0.19439694,0.00597657,0.20037351,0.32690550,0.67309450,0.00000000,0.17233751,1
368.000,0.30604122,0.01394051,0.19433787,0.00603537,0.20037324,0.31981268,0.68018732,0.00000000,0.26159468,1
369.000,0.31998067,0.01393840,0.19427908,0.00609379,0.20037288,0.31311098,0.68688902,0.00000000,0.90662805,1
370.000,0.33391803,0.01393631,0.19422066,0.00615178,0.20037244,0.30678053,0.69321947,0.00000000,0.34056647,1
371.000,0.34785329,0.01393423,0.19416269,0.00620924,0.20037193,0.30080255,0.69919745,0.00000000,0.73300816,1
372.000,0.36178648,0.01393217,0.19410522,0.00626615,0.20037137,0.29515938,0.70484062,0.00000000,0.81310642,1
373.000,0.37571762,0.01393012,0.19404832,0.00632245,0.20037077,0.28983443,0.71016557,0.00000000,0.82558904,1
374.000,0.38964673,0.01392810,0.19399203,0.00637810,0.20037013,0.28481216,0.71518784,0.00000000,0.69925084,1
375.000,0.40357382,0.01392610,0.19393638,0.00643308,0.20036946,0.28007805,0.71992195,0.00000000,0.01071462,1
376.000,0.41749893,0.01392413,0.19388140,0.00648737,0.20036877,0.27561851,0.72438149,0.00000000,0.82785812,1
377.000,0.43142208,0.01392218,0.19382711,0.00654095,0.20036806,0.27142090,0.72857910,0.00000000,0.01543800,1
378.000,0.44534329,0.01392026,0.19377353,0.00659381,0.20036734,0.26747338,0.73252662,0.00000000,0.08348798,1
379.000,0.45926259,0.01391836,0.19372067,0.00664596,0.20036662,0.26376495,0.73623505,0.00000000,0.68174058,1
380.000,0.47318001,0.01391648,0.19366853,0.00669737,0.20036590,0.26028531,0.73971469,0.00000000,0.02938737,1
381.000,0.48709556,0.01391464,0.19361711,0.00674807,0.20036518,0.25702485,0.74297515,0.00000000,0.86361356,1
382.000,0.50100928,0.01391281,0.19356641,0.00679805,0.20036446,0.25397458,0.74602542,0.00000000,0.03045139,1
383.000,0.51492119,0.01391102,0.19351643,0.00684732,0.20036375,0.25112608,0.74887392,0.00000000,0.74891015,1
384.000,0.52883132,0.01390925,0.19346716,0.00689588,0.20036305,0.24847147,0.75152853,0.00000000,0.84210680,1
385.000,0.54273969,0.01390750,0.19341859,0.00694376,0.20036236,0.24600333,0.75399667,0.00000000,0.57612854,1
386.000,0.55664632,0.01390578,0.19337071,0.00699097,0.20036168,0.24371465,0.75628535,0.00000000,0.26939452,1
387.000,0.57055125,0.01390408,0.19332351,0.00703751,0.20036102,0.24159885,0.75840115,0.00000000,0.02552586,1
388.000,0.58445449,0.01390241,0.19327696,0.00708340,0.20036037,0.23964966,0.76035034,0.00000000,0.43985980,1
389.000,0.59835606,0.01390076,0.19323107,0.00712866,0.20035973,0.23786116,0.76213884,0.00000000,0.75996035,1
390.000,0.61225600,0.01389913,0.19318581,0.00717331,0.20035911,0.23622769,0.76377231,0.00000000,0.07768776,1
391.000,0.62615432,0.01389752,0.19314116,0.00721735,0.20035851,0.23474384,0.76525616,0.00000000,0.56427878,1
392.000,0.64005105,0.01389594,0.19309712,0.00726080,0.20035792,0.23340444,0.76659556,0.00000000,0.85804266,1
393.000,0.65394620,0.01389438,0.19305367,0.00730368,0.20035735,0.23220449,0.76779551,0.00000000,0.08905833,1
394.000,0.66783980,0.01389283,0.19301078,0.00734601,0.20035679,0.23113920,0.76886080,0.00000000,0.96261583,1
395.000,0.68173187,0.01389131,0.19296845,0.00738780,0.20035625,0.23020392,0.76979608,0.00000000,0.75986984,1
396.000,0.69562242,0.01388980,0.19292667,0.00742905,0.20035572,0.22939412,0.77060588,0.00000000,0.59335634,1
397.000,0.70951147,0.01388832,0.19288541,0.00746980,0.20035521,0.22870542,0.77129458,0.00000000,0.72311678,1
398.000,0.72339906,0.01388685,0.19284466,0.00751005,0.20035471,0.22813354,0.77186646,0.00000000,0.31326159,1
399.000,0.73728518,0.01388540,0.19280441,0.00754981,0.20035422,0.22767427,0.77232573,0.00000000,0.12016478,1
400.000,0.75116986,0.01388397,0.19276465,0.00758909,0.20035374,0.22732351,0.77267649,0.00000000,0.80103901,1
401.000,0.76505312,0.01388256,0.19272537,0.00762791,0.20035328,0.22707722,0.77292278,0.00000000,0.55420260,1
402.000,0.77893497,0.01388116,0.19268655,0.00766627,0.20035282,0.22693143,0.77306857,0.00000000,0.89628683,1
403.000,0.79281544,0.01387978,0.19264818,0.00770419,0.20035238,0.22688224,0.77311776,0.00000000,0.31563341,1
404.000,0.80669453,0.01387841,0.19261026,0.00774168,0.20035194,0.22692578,0.77307422,0.00011336,0.53960158,1
405.000,0.82057226,0.01387706,0.19257277,0.00777874,0.20035152,0.22705825,0.77294175,0.00022487,0.41048097,1
406.000,0.83444864,0.01387572,0.19253571,0.00781538,0.20035110,0.22727589,0.77272411,0.00033164,0.53753390,1
407.000,0.84832370,0.01387440,0.19249907,0.00785161,0.20035068,0.22757497,0.77242503,0.00043375,0.16866074,1
408.000,0.86219745,0.01387310,0.19246284,0.00788743,0.20035028,0.22795182,0.77204818,0.00053129,0.39343599,1
409.000,0.87606990,0.01387181,0.19242702,0.00792285,0.20034988,0.22840281,0.77159719,0.00062432,0.76880031,1
410.000,0.88994107,0.01387053,0.19239160,0.00795788,0.20034948,0.22892434,0.77107566,0.00071292,0.72545888,1
411.000,0.90381096,0.01386927,0.19235657,0.00799251,0.20034909,0.22951286,0.77048714,0.00079715,0.61574681,1
412.000,0.91767960,0.01386802,0.19232194,0.00802676,0.20034870,0.23016487,0.76983513,0.00087707,0.57238543,1
413.000,0.93154700,0.01386678,0.19228769,0.00806062,0.20034831,0.23087689,0.76912311,0.00095275,0.51474651,1
414.000,0.94541317,0.01386556,0.19225383,0.00809410,0.20034793,0.23164550,0.76835450,0.00102424,0.43871673,1
415.000,0.95927812,0.01386436,0.19222035,0.00812720,0.20034755,0.23246734,0.76753266,0.00109162,0.28002336,1
416.000,0.97314188,0.01386316,0.19218725,0.00815992,0.20034717,0.23333907,0.76666093,0.00115493,0.20830551,1
417.000,0.98700445,0.01386198,0.19215453,0.00819227,0.20034680,0.23425743,0.76574257,0.00121426,0.14552471,1
418.000,1.00086584,0.01386081,0.19212219,0.00822423,0.20034642,0.23521919,0.76478081,0.00126965,0.59751394,1
419.000,1.01472608,0.01385966,0.19209022,0.00825583,0.20034605,0.23622119,0.76377881,0.00132117,0.09680366,1
420.000,1.02858516,0.01385852,0.19205862,0.00828705,0.20034567,0.23726034,0.76273966,0.00136890,0.21160407,1
421.000,1.04244312,0.01385740,0.19202740,0.00831789,0.20034530,0.23833357,0.76166643,0.00141290,0.56645109,1
422.000,1.05629995,0.01385628,0.19199656,0.00834836,0.20034492,0.23943793,0.76056207,0.00145324,0.55024578,1
423.000,1.07015568,0.01385518,0.19196609,0.00837846,0.20034455,0.24057050,0.75942950,0.00149000,0.20651966,1
424.000,1.08401032,0.01385410,0.19193599,0.00840818,0.20034417,0.24172843,0.75827157,0.00152325,0.48277814,1
425.000,1.09786388,0.01385302,0.19190627,0.00843753,0.20034380,0.24290897,0.75709103,0.00155307,0.41976926,1
426.000,1.11171637,0.01385196,0.19187693,0.00846650,0.20034342,0.24410940,0.75589060,0.00157954,0.75033368,1
427.000,1.12556781,0.01385092,0.19184796,0.00849509,0.20034305,0.24532711,0.75467289,0.00160275,0.09055440,1
428.000,1.13941821,0.01384989,0.19181936,0.00852331,0.20034267,0.24655955,0.75344045,0.00162277,0.67998618,1
429.000,1.15326758,0.01384887,0.19179114,0.00855115,0.20034229,0.24780427,0.75219573,0.00163969,0.12476275,1
430.000,1.16711594,0.01384786,0.19176330,0.00857862,0.20034192,0.24905887,0.75094113,0.00165361,0.74434627,1
431.000,1.18096331,0.01384687,0.19173583,0.00860570,0.20034154,0.25032106,0.74967894,0.00166461,0.78302889,1
432.000,1.19480968,0.01384589,0.19170875,0.00863241,0.20034116,0.25158862,0.74841138,0.00167279,0.92232238,1
433.000,1.20865509,0.01384493,0.19168204,0.00865874,0.20034078,0.25285941,0.74714059,0.00167824,0.68509231,1
434.000,1.22249954,0.01384398,0.19165571,0.00868470,0.20034041,0.25413138,0.74586862,0.00168106,0.85256252,1
435.000,1.23634305,0.01384304,0.19162975,0.00871027,0.20034003,0.25540258,0.74459742,0.00168134,0.58992395,1
436.000,1.25018562,0.01384212,0.19160418,0.00873547,0.20033965,0.25667111,0.74332889,0.00167919,0.00558456,1
437.000,1.26402728,0.01384121,0.19157898,0.00876029,0.20033927,0.25793520,0.74206480,0.00167469,0.77646212,1
438.000,1.27786803,0.01384031,0.19155416,0.00878473,0.20033889,0.25919313,0.74080687,0.00166796,0.16195383,1
439.000,1.29170790,0.01383943,0.19152972,0.00880880,0.20033852,0.26044329,0.73955671,0.00165909,0.55675796,1
440.000,1.30554688,0.01383856,0.19150565,0.00883249,0.20033814,0.26168415,0.73831585,0.00164818,0.78854353,1
441.000,1.31938501,0.01383770,0.19148196,0.00885581,0.20033777,0.26291424,0.73708576,0.00163534,0.58039567,1
442.000,1.33322229,0.01383686,0.19145864,0.00887875,0.20033739,0.26413222,0.73586778,0.00162066,0.49107848,1
443.000,1.34705873,0.01383603,0.19143570,0.00890132,0.20033702,0.26533680,0.73466320,0.00160426,0.71348870,1
444.000,1.36089434,0.01383521,0.19141313,0.00892352,0.20033665,0.26652678,0.73347322,0.00158622,0.40686692,1
445.000,1.37472915,0.01383441,0.19139093,0.00894536,0.20033628,0.26770104,0.73229896,0.00156664,0.10091206,1
446.000,1.38856317,0.01383362,0.19136910,0.00896682,0.20033592,0.26885856,0.73114144,0.00154564,0.46548590,1
447.000,1.40239640,0.01383285,0.19134763,0.00898792,0.20033555,0.26999836,0.73000164,0.00152330,0.96765507,1
448.000,1.41622886,0.01383208,0.19132653,0.00900866,0.20033519,0.27111958,0.72888042,0.00149973,0.98109684,1
449.000,1.43006056,0.01383133,0.19130579,0.00902904,0.20033483,0.27222140,0.72777860,0.00147502,0.13992194,1
450.000,1.44389153,0.01383060,0.19128541,0.00904906,0.20033447,0.27330309,0.72669691,0.00144926,0.67884102,1
451.000,1.45772176,0.01382987,0.19126539,0.00906872,0.20033412,0.27436401,0.72563599,0.00142255,0.00306503,1
452.000,1.47155127,0.01382916,0.19124573,0.00908804,0.20033376,0.27540355,0.72459645,0.00139498,0.25514068,1
453.000,1.48538008,0.01382846,0.19122641,0.00910700,0.20033341,0.27642120,0.72357880,0.00136663,0.39987807,1
454.000,1.49920820,0.01382778,0.19120745,0.00912562,0.20033307,0.27741649,0.72258351,0.00133760,0.74646183,1
455.000,1.51303564,0.01382710,0.19118883,0.00914390,0.20033273,0.27838905,0.72161095,0.00130797,0.25891103,1
456.000,1.52686241,0.01382644,0.19117055,0.00916184,0.20033239,0.27933854,0.72066146,0.00127783,0.75273134,1
457.000,1.54068853,0.01382580,0.19115261,0.00917944,0.20033205,0.28026469,0.71973531,0.00124724,0.93441064,1
458.000,1.55451400,0.01382516,0.19113500,0.00919672,0.20033172,0.28116729,0.71883271,0.00121630,0.83409708,1
459.000,1.56833884,0.01382453,0.19111773,0.00921366,0.20033139,0.28204618,0.71795382,0.00118506,0.63506156,1
460.000,1.58216307,0.01382392,0.19110079,0.00923028,0.20033107,0.28290125,0.71709875,0.00115362,0.08047358,1
461.000,1.59598668,0.01382332,0.19108417,0.00924658,0.20033075,0.28373245,0.71626755,0.00112203,0.09862969,1
462.000,1.60980971,0.01382273,0.19106787,0.00926256,0.20033043,0.28453977,0.71546023,0.00109037,0.91093905,1
463.000,1.62363214,0.01382215,0.19105188,0.00927824,0.20033012,0.28532325,0.71467675,0.00105869,0.26730444,1
464.000,1.63745401,0.01382158,0.19103621,0.00929360,0.20032981,0.28608296,0.71391704,0.00102706,0.30607390,1
465.000,1.65127531,0.01382103,0.19102084,0.00930866,0.20032951,0.28681903,0.71318097,0.00099554,0.63925762,1
466.000,1.66509607,0.01382048,0.19100578,0.00932343,0.20032921,0.28753163,0.71246837,0.00096417,0.86459917,1
467.000,1.67891628,0.01381995,0.19099102,0.00933790,0.20032891,0.28822093,0.71177907,0.00093302,0.53917473,1
468.000,1.69273597,0.01381943,0.19097655,0.00935207,0.20032862,0.28888718,0.71111282,0.00090212,0.59785034,1
469.000,1.70655513,0.01381891,0.19096237,0.00936597,0.20032834,0.28953063,0.71046937,0.00087153,0.72537242,1
470.000,1.72037379,0.01381841,0.19094848,0.00937958,0.20032806,0.29015158,0.70984842,0.00084129,0.98138830,1
471.000,1.73419196,0.01381792,0.19093487,0.00939291,0.20032778,0.29075033,0.70924967,0.00081144,0.68009795,1
472.000,1.74800963,0.01381744,0.19092153,0.00940597,0.20032751,0.29132724,0.70867276,0.00078201,0.45400240,1
473.000,1.76182683,0.01381696,0.19090847,0.00941877,0.20032724,0.29188266,0.70811734,0.00075304,0.91852257,1
474.000,1.77564356,0.01381650,0.19089567,0.00943130,0.20032697,0.29241697,0.70758303,0.00072456,0.54324420,1
475.000,1.78945983,0.01381605,0.19088314,0.00944357,0.20032671,0.29293060,0.70706940,0.00069659,0.57173442,1
476.000,1.80327565,0.01381560,0.19087087,0.00945559,0.20032646,0.29342394,0.70657606,0.00066918,0.12570831,1
477.000,1.81709103,0.01381517,0.19085885,0.00946735,0.20032621,0.29389745,0.70610255,0.00064232,0.22933008,1
478.000,1.83090599,0.01381474,0.19084709,0.00947888,0.20032596,0.29435157,0.70564843,0.00061606,0.84204607,1
479.000,1.84472052,0.01381432,0.19083557,0.00949016,0.20032572,0.29478675,0.70521325,0.00059040,0.35932496,1
480.000,1.85853463,0.01381392,0.19082428,0.00950120,0.20032548,0.29520346,0.70479654,0.00056536,0.39612268,1
481.000,1.87234835,0.01381352,0.19081324,0.00951201,0.20032525,0.29560220,0.70439780,0.00054095,0.07415475,1
482.000,1.88616167,0.01381313,0.19080243,0.00952259,0.20032502,0.29598343,0.70401657,0.00051719,0.92088424,1
483.000,1.89997460,0.01381274,0.19079185,0.00953295,0.20032480,0.29634764,0.70365236,0.00049407,0.61056111,1
484.000,1.91378715,0.01381237,0.19078149,0.00954309,0.20032458,0.29669534,0.70330466,0.00047162,0.64496298,1
485.000,1.92759933,0.01381200,0.19077135,0.00955301,0.20032436,0.29702701,0.70297299,0.00044984,0.56393015,1
486.000,1.94141115,0.01381164,0.19076142,0.00956273,0.20032415,0.29734314,0.70265686,0.00042872,0.14830003,1
487.000,1.95522262,0.01381129,0.19075171,0.00957223,0.20032394,0.29764425,0.70235575,0.00040826,0.90036937,1
488.000,1.96903373,0.01381095,0.19074220,0.00958154,0.20032374,0.29793081,0.70206919,0.00038848,0.77066909,1
489.000,1.98284451,0.01381061,0.19073290,0.00959064,0.20032354,0.29820332,0.70179668,0.00036936,0.96582566,1
490.000,1.99665495,0.01381028,0.19072380,0.00959955,0.20032335,0.29846227,0.70153773,0.00035090,0.51732079,1
491.000,2.01046506,0.01380996,0.19071489,0.00960827,0.20032315,0.29870814,0.70129186,0.00033310,0.44808796,1
492.000,2.02427486,0.01380964,0.19070617,0.00961680,0.20032297,0.29894141,0.70105859,0.00031595,0.39325603,1
493.000,2.03808434,0.01380933,0.19069764,0.00962514,0.20032278,0.29916255,0.70083745,0.00029944,0.68324167,1
494.000,2.05189352,0.01380903,0.19068929,0.00963331,0.20032260,0.29937203,0.70062797,0.00028357,0.73872886,1
495.000,2.06570240,0.01380873,0.19068113,0.00964130,0.20032243,0.29957031,0.70042969,0.00026832,0.11092104,1
496.000,2.07951099,0.01380844,0.19067314,0.00964912,0.20032225,0.29975783,0.70024217,0.00025369,0.18558080,1
497.000,2.09331929,0.01380816,0.19066532,0.00965677,0.20032208,0.29993504,0.70006496,0.00023966,0.88609412,1
498.000,2.10712731,0.01380788,0.19065767,0.00966425,0.20032192,0.30010238,0.69989762,0.00022621,0.97707836,1
499.000,2.12093506,0.01380761,0.19065018,0.00967157,0.20032176,0.30026026,0.69973974,0.00021335,0.35893146,1
500.000,2.13474254,0.01380735,0.19064286,0.00967873,0.20032160,0.30040909,0.69959091,0.00020105,0.69675636,1
501.000,2.14854976,0.01380709,0.19063570,0.00968574,0.20032144,0.30054929,0.69945071,0.00018931,0.95568610,1
502.000,2.16235672,0.01380683,0.19062869,0.00969260,0.20032129,0.30068124,0.69931876,0.00017810,0.71949173,1
503.000,2.17616343,0.01380659,0.19062183,0.00969931,0.20032114,0.30080533,0.69919467,0.00016741,0.48548261,1
504.000,2.18996989,0.01380634,0.19061513,0.00970587,0.20032099,0.30092192,0.69907808,0.00015723,0.09968959,1
505.000,2.20377611,0.01380611,0.19060857,0.00971229,0.20032085,0.30103138,0.69896862,0.00014754,0.77321040,1
506.000,2.21758210,0.01380587,0.19060215,0.00971856,0.20032071,0.30113406,0.69886594,0.00013833,0.36662033,1
507.000,2.23138786,0.01380565,0.19059587,0.00972471,0.20032057,0.30123029,0.69876971,0.00012958,0.66437544,1
508.000,2.24519340,0.01380542,0.19058972,0.00973072,0.20032044,0.30132039,0.69867961,0.00012127,0.58200290,1
509.000,2.25899871,0.01380521,0.19058372,0.00973659,0.20032031,0.30140469,0.69859531,0.00011340,0.13418780,1
510.000,2.27280381,0.01380499,0.19057784,0.00974234,0.20032018,0.30148349,0.69851651,0.00010594,0.29330755,1
511.000,2.28660870,0.01380478,0.19057209,0.00974797,0.20032006,0.30155708,0.69844292,0.00009889,0.67697376,1
512.000,2.30041338,0.01380458,0.19056646,0.00975347,0.20031993,0.30162575,0.69837425,0.00009221,0.15099423,1
513.000,2.31421786,0.01380438,0.19056096,0.00975885,0.20031981,0.30168975,0.69831025,0.00008591,0.08953733,1
514.000,2.32802214,0.01380419,0.19055558,0.00976412,0.20031970,0.30174936,0.69825064,0.00007996,0.50762897,1
515.000,2.34182623,0.01380400,0.19055031,0.00976927,0.20031958,0.30180482,0.69819518,0.00007435,0.39680888,1
516.000,2.35563013,0.01380381,0.19054516,0.00977431,0.20031947,0.30185637,0.69814363,0.00006907,0.16207513,1
517.000,2.36943385,0.01380363,0.19054012,0.00977924,0.20031936,0.30190424,0.69809576,0.00006409,0.51815670,1
518.000,2.38323739,0.01380345,0.19053519,0.00978406,0.20031925,0.30194864,0.69805136,0.00005942,0.60304089,1
519.000,2.39704075,0.01380327,0.19053037,0.00978877,0.20031914,0.30198980,0.69801020,0.00005503,0.11430171,1
520.000,2.41084394,0.01380310,0.19052566,0.00979339,0.20031904,0.30202789,0.69797211,0.00005091,0.35059019,1
521.000,2.42464695,0.01380294,0.19052104,0.00979790,0.20031894,0.30206312,0.69793688,0.00004704,0.19290068,1
522.000,2.43844981,0.01380277,0.19051653,0.00980231,0.20031884,0.30209566,0.69790434,0.00004343,0.19445267,1
523.000,2.45225250,0.01380261,0.19051212,0.00980663,0.20031875,0.30212569,0.69787431,0.00004004,0.49877169,1
524.000,2.46605503,0.01380246,0.19050780,0.00981085,0.20031865,0.30215337,0.69784663,0.00003688,0.80279615,1
525.000,2.47985741,0.01380230,0.19050358,0.00981498,0.20031856,0.30217885,0.69782115,0.00003392,0.90960197,1
526.000,2.49365964,0.01380215,0.19049945,0.00981902,0.20031847,0.30220227,0.69779773,0.00003117,0.73687846,1
527.000,2.50746172,0.01380201,0.19049541,0.00982297,0.20031838,0.30222379,0.69777621,0.00002860,0.05699189,1
528.000,2.52126365,0.01380186,0.19049145,0.00982684,0.20031829,0.30224352,0.69775648,0.00002621,0.77373451,1
529.000,2.53506545,0.01380172,0.19048759,0.00983062,0.20031821,0.30226159,0.69773841,0.00002399,0.74626024,1
530.000,2.54886710,0.01380159,0.19048381,0.00983432,0.20031813,0.30227813,0.69772187,0.00002192,0.82580928,1
531.000,2.56266862,0.01380145,0.19048011,0.00983794,0.20031805,0.30229323,0.69770677,0.00002001,0.90999814,1
532.000,2.57647001,0.01380132,0.19047649,0.00984148,0.20031797,0.30230700,0.69769300,0.00001823,0.75436502,1
533.000,2.59027127,0.01380119,0.19047295,0.00984494,0.20031789,0.30231955,0.69768045,0.00001659,0.10199845,1
534.000,2.60407240,0.01380107,0.19046949,0.00984833,0.20031781,0.30233096,0.69766904,0.00001507,0.66908099,1
535.000,2.61787340,0.01380095,0.19046610,0.00985164,0.20031774,0.30234131,0.69765869,0.00001366,0.22686462,1
536.000,2.63167429,0.01380083,0.19046279,0.00985488,0.20031767,0.30235069,0.69764931,0.00001237,0.30332675,1
537.000,2.64547505,0.01380071,0.19045955,0.00985805,0.20031760,0.30235918,0.69764082,0.00001118,0.40862178,1
538.000,2.65927570,0.01380059,0.19045638,0.00986115,0.20031753,0.30236685,0.69763315,0.00001008,0.28261809,1
539.000,2.67307624,0.01380048,0.19045328,0.00986418,0.20031746,0.30237375,0.69762625,0.00000907,0.90391841,1
540.000,2.68687667,0.01380037,0.19045025,0.00986715,0.20031739,0.30237996,0.69762004,0.00000814,0.66822068,1
541.000,2.70067698,0.01380026,0.19044728,0.00987005,0.20031733,0.30238553,0.69761447,0.00000730,0.42110200,1
542.000,2.71447719,0.01380016,0.19044438,0.00987288,0.20031726,0.30239051,0.69760949,0.00000652,0.52856212,1
543.000,2.72827730,0.01380006,0.19044154,0.00987566,0.20031720,0.30239496,0.69760504,0.00000581,0.97952719,1
544.000,2.74207731,0.01379996,0.19043876,0.00987838,0.20031714,0.30239892,0.69760108,0.00000516,0.20554107,1
545.000,2.75587721,0.01379986,0.19043605,0.00988103,0.20031708,0.30240243,0.69759757,0.00000457,0.00016055,1
546.000,2.76967702,0.01379976,0.19043339,0.00988363,0.20031702,0.30240554,0.69759446,0.00000404,0.22276796,1
547.000,2.78347673,0.01379967,0.19043080,0.00988617,0.20031697,0.30240828,0.69759172,0.00000355,0.95716861,1
548.000,2.79727635,0.01379957,0.19042825,0.00988866,0.20031691,0.30241068,0.69758932,0.00000311,0.95080952,1
549.000,2.81107588,0.01379948,0.19042577,0.00989109,0.20031686,0.30241278,0.69758722,0.00000271,0.48118765,1
550.000,2.82487532,0.01379940,0.19042334,0.00989347,0.20031680,0.30241461,0.69758539,0.00000235,0.29053575,1
551.000,2.83867467,0.01379931,0.19042096,0.00989579,0.20031675,0.30241618,0.69758382,0.00000202,0.16415703,1
552.000,2.85247394,0.01379923,0.19041863,0.00989807,0.20031670,0.30241754,0.69758246,0.00000173,0.82916196,1
553.000,2.86627312,0.01379914,0.19041636,0.00990029,0.20031665,0.30241869,0.69758131,0.00000147,0.25774151,1
554.000,2.88007223,0.01379906,0.19041413,0.00990247,0.20031660,0.30241967,0.69758033,0.00000123,0.08804475,1
555.000,2.89387125,0.01379898,0.19041195,0.00990460,0.20031655,0.30242048,0.69757952,0.00000102,0.41534259,1
556.000,2.90767020,0.01379891,0.19040982,0.00990668,0.20031651,0.30242116,0.69757884,0.00000084,0.77947525,1
557.000,2.92146906,0.01379883,0.19040774,0.00990872,0.20031646,0.30242170,0.69757830,0.00000067,0.72855671,1
558.000,2.93526786,0.01379876,0.19040570,0.00991072,0.20031642,0.30242214,0.69757786,0.00000053,0.49770711,1
559.000,2.94906658,0.01379869,0.19040371,0.00991266,0.20031637,0.30242247,0.69757753,0.00000040,0.91080593,1
560.000,2.96286523,0.01379861,0.19040176,0.00991457,0.20031633,0.30242272,0.69757728,0.00000029,0.51419459,1
561.000,2.97666381,0.01379855,0.19039985,0.00991644,0.20031629,0.30242289,0.69757711,0.00000019,0.48331230,1
562.000,2.99046232,0.01379848,0.19039799,0.00991826,0.20031625,0.30242300,0.69757700,0.00000010,0.40136691,1
563.000,3.00426076,0.01379841,0.19039616,0.00992005,0.20031621,0.30242304,0.69757696,0.00000003,0.68581051,1
564.000,3.01805914,0.01379835,0.19039438,0.00992179,0.20031617,0.30242304,0.69757696,0.00000000,0.27552345,1
565.000,3.03185746,0.01379828,0.19039263,0.00992350,0.20031613,0.30242300,0.69757700,0.00000000,0.16083748,1
566.000,3.04565571,0.01379822,0.19039092,0.00992517,0.20031609,0.30242292,0.69757708,0.00000000,0.33311917,1
567.000,3.05945390,0.01379816,0.19038925,0.00992680,0.20031606,0.30242281,0.69757719,0.00000000,0.44399023,1
568.000,3.07325203,0.01379810,0.19038762,0.00992840,0.20031602,0.30242267,0.69757733,0.00000000,0.97946644,1
569.000,3.08705010,0.01379804,0.19038602,0.00992997,0.20031599,0.30242252,0.69757748,0.00000000,0.85314124,1
570.000,3.10084812,0.01379799,0.19038446,0.00993150,0.20031595,0.30242235,0.69757765,0.00000000,0.54458670,1
571.000,3.11464608,0.01379793,0.19038293,0.00993299,0.20031592,0.30242216,0.69757784,0.00000000,0.14311263,1
572.000,3.12844398,0.01379788,0.19038143,0.00993445,0.20031589,0.30242197,0.69757803,0.00000000,0.40727877,1
573.000,3.14224183,0.01379782,0.19037997,0.00993589,0.20031585,0.30242177,0.69757823,0.00000000,0.90737243,1
574.000,3.15603963,0.01379777,0.19037854,0.00993729,0.20031582,0.30242156,0.69757844,0.00000000,0.89953212,1
575.000,3.16983738,0.01379772,0.19037714,0.00993865,0.20031579,0.30242136,0.69757864,0.00000000,0.34728168,1
576.000,3.18363508,0.01379767,0.19037577,0.00993999,0.20031576,0.30242115,0.69757885,0.00000000,0.83714081,1
577.000,3.19743273,0.01379762,0.19037443,0.00994130,0.20031573,0.30242094,0.69757906,0.00000000,0.52202727,1
578.000,3.21123033,0.01379758,0.19037312,0.00994259,0.20031570,0.30242074,0.69757926,0.00000000,0.01708985,1
579.000,3.22502788,0.01379753,0.19037184,0.00994384,0.20031568,0.30242054,0.69757946,0.00000000,0.07635709,1
580.000,3.23882539,0.01379748,0.19037058,0.00994507,0.20031565,0.30242034,0.69757966,0.00000000,0.52701253,1
581.000,3.25262285,0.01379744,0.19036936,0.00994626,0.20031562,0.30242015,0.69757985,0.00000000,0.66593524,1
582.000,3.26642027,0.01379740,0.19036816,0.00994744,0.20031560,0.30241997,0.69758003,0.00000000,0.52439433,1
583.000,3.28021764,0.01379735,0.19036698,0.00994859,0.20031557,0.30241979,0.69758021,0.00000000,0.48489540,1
584.000,3.29401497,0.01379731,0.19036584,0.00994971,0.20031555,0.30241961,0.69758039,0.00000000,0.91712593,1
585.000,3.30781227,0.01379727,0.19036471,0.00995081,0.20031552,0.30241945,0.69758055,0.00000000,0.18976714,1
586.000,3.32160952,0.01379723,0.19036362,0.00995188,0.20031550,0.30241929,0.69758071,0.00000000,0.08289268,1
587.000,3.33540673,0.01379719,0.19036254,0.00995293,0.20031547,0.30241914,0.69758086,0.00000000,0.05578253,1
588.000,3.34920390,0.01379716,0.19036149,0.00995396,0.20031545,0.30241899,0.69758101,0.00000000,0.37476329,1
589.000,3.36300104,0.01379712,0.19036046,0.00995496,0.20031543,0.30241886,0.69758114,0.00000000,0.38018910,1
590.000,3.37679814,0.01379708,0.19035946,0.00995595,0.20031541,0.30241873,0.69758127,0.00000000,0.21371803,1
591.000,3.39059520,0.01379705,0.19035848,0.00995691,0.20031538,0.30241860,0.69758140,0.00000000,0.61770407,1
592.000,3.40439223,0.01379701,0.19035751,0.00995785,0.20031536,0.30241849,0.69758151,0.00000000,0.72211646,1
593.000,3.41818923,0.01379698,0.19035657,0.00995877,0.20031534,0.30241838,0.69758162,0.00000000,0.81101524,1
594.000,3.43198619,0.01379694,0.19035565,0.00995967,0.20031532,0.30241828,0.69758172,0.00000000,0.33926757,1
595.000,3.44578311,0.01379691,0.19035475,0.00996055,0.20031530,0.30241818,0.69758182,0.00000000,0.98348213,1
596.000,3.45958001,0.01379688,0.19035387,0.00996141,0.20031528,0.30241809,0.69758191,0.00000000,0.27738854,1
597.000,3.47337687,0.01379685,0.19035301,0.00996225,0.20031526,0.30241800,0.69758200,0.00000000,0.00524191,1
598.000,3.48717370,0.01379682,0.19035217,0.00996308,0.20031525,0.30241792,0.69758208,0.00000000,0.19246553,1
599.000,3.50097051,0.01379679,0.19035134,0.00996388,0.20031523,0.30241785,0.69758215,0.00000000,0.45692458,1
600.000,3.51476728,0.01379676,0.19035054,0.00996467,0.20031521,0.30241778,0.69758222,0.00000000,0.01708104,1
601.000,3.52856402,0.01379673,0.19034975,0.00996544,0.20031519,0.30241771,0.69758229,0.00000000,0.36032542,1
602.000,3.54236074,0.01379670,0.19034898,0.00996620,0.20031518,0.30241765,0.69758235,0.00000000,0.75379278,1
603.000,3.55615743,0.01379667,0.19034822,0.00996694,0.20031516,0.30241760,0.69758240,0.00000000,0.32080804,1
604.000,3.56995409,0.01379665,0.19034748,0.00996766,0.20031514,0.30241755,0.69758245,0.00000000,0.92380108,1
605.000,3.58375072,0.01379662,0.19034676,0.00996836,0.20031513,0.30241750,0.69758250,0.00000000,0.31122976,1
606.000,3.59754733,0.01379660,0.19034606,0.00996906,0.20031511,0.30241745,0.69758255,0.00000000,0.58789669,1
607.000,3.61134391,0.01379657,0.19034537,0.00996973,0.20031510,0.30241741,0.69758259,0.00000000,0.01573835,1
608.000,3.62514047,0.01379655,0.19034469,0.00997039,0.20031508,0.30241737,0.69758263,0.00000000,0.95932155,1
609.000,3.63893701,0.01379652,0.19034403,0.00997104,0.20031507,0.30241734,0.69758266,0.00000000,0.61624610,1
610.000,3.65273352,0.01379650,0.19034338,0.00997167,0.20031505,0.30241730,0.69758270,0.00000000,0.04883585,1
611.000,3.66653000,0.01379648,0.19034275,0.00997229,0.20031504,0.30241727,0.69758273,0.00000000,0.87983700,1
612.000,3.68032647,0.01379645,0.19034213,0.00997289,0.20031503,0.30241725,0.69758275,0.00000000,0.65368528,1
613.000,3.69412291,0.01379643,0.19034153,0.00997349,0.20031501,0.30241722,0.69758278,0.00000000,0.64872347,1
614.000,3.70791933,0.01379641,0.19034094,0.00997406,0.20031500,0.30241720,0.69758280,0.00000000,0.09378789,1
615.000,3.72171573,0.01379639,0.19034036,0.00997463,0.20031499,0.30241718,0.69758282,0.00000000,0.48781214,1
616.000,3.73551211,0.01379637,0.19033979,0.00997519,0.20031498,0.30241716,0.69758284,0.00000000,0.59818907,1
617.000,3.74930847,0.01379635,0.19033924,0.00997573,0.20031496,0.30241714,0.69758286,0.00000000,0.54265999,1
618.000,3.76310481,0.01379633,0.19033869,0.00997626,0.20031495,0.30241712,0.69758288,0.00000000,0.99272445,1
619.000,3.77690113,0.01379631,0.19033816,0.00997678,0.20031494,0.30241711,0.69758289,0.00000000,0.87985389,1
620.000,3.79069743,0.01379629,0.19033765,0.00997728,0.20031493,0.30241709,0.69758291,0.00000000,0.76842999,1
621.000,3.80449371,0.01379627,0.19033714,0.00997778,0.20031492,0.30241708,0.69758292,0.00000000,0.56327342,1
622.000,3.81828997,0.01379625,0.19033664,0.00997826,0.20031491,0.30241707,0.69758293,0.00000000,0.43529884,1
623.000,3.83208622,0.01379624,0.19033616,0.00997874,0.20031490,0.30241706,0.69758294,0.00000000,0.78232863,1
624.000,3.84588245,0.01379622,0.19033568,0.00997920,0.20031489,0.30241705,0.69758295,0.00000000,0.89290354,1
625.000,3.85967866,0.01379620,0.19033522,0.00997966,0.20031488,0.30241704,0.69758296,0.00000000,0.28371448,1
626.000,3.87347485,0.01379619,0.19033477,0.00998010,0.20031487,0.30241703,0.69758297,0.00000000,0.82079539,1
627.000,3.88727103,0.01379617,0.19033432,0.00998053,0.20031486,0.30241703,0.69758297,0.00000000,0.67526681,1
628.000,3.90106719,0.01379615,0.19033389,0.00998096,0.20031485,0.30241702,0.69758298,0.00000000,0.53195441,1
629.000,3.91486334,0.01379614,0.19033346,0.00998138,0.20031484,0.30241701,0.69758299,0.00000000,0.33458145,1
630.000,3.92865947,0.01379612,0.19033305,0.00998178,0.20031483,0.30241701,0.69758299,0.00000000,0.52895324,1
631.000,3.94245559,0.01379611,0.19033264,0.00998218,0.20031482,0.30241700,0.69758300,0.00000000,0.70253071,1
632.000,3.95625169,0.01379610,0.19033224,0.00998257,0.20031481,0.30241700,0.69758300,0.00000000,0.13711068,1
633.000,3.97004778,0.01379608,0.19033185,0.00998295,0.20031480,0.30241700,0.69758300,0.00000000,0.38001469,1
634.000,3.98384385,0.01379607,0.19033147,0.00998332,0.20031479,0.30241699,0.69758301,0.00000000,0.61729499,1
635.000,3.99763991,0.01379605,0.19033110,0.00998369,0.20031479,0.30241699,0.69758301,0.00000000,0.11395865,1
636.000,4.01143596,0.01379604,0.19033074,0.00998404,0.20031478,0.30241699,0.69758301,0.00000000,0.36111024,1
637.000,4.02523200,0.01379603,0.19033038,0.00998439,0.20031477,0.30241698,0.69758302,0.00000000,0.83325854,1
638.000,4.03902802,0.01379602,0.19033003,0.00998473,0.20031476,0.30241698,0.69758302,0.00000000,0.51591884,1
639.000,4.05282403,0.01379600,0.19032969,0.00998506,0.20031475,0.30241698,0.69758302,0.00000000,0.60544449,1
640.000,4.06662002,0.01379599,0.19032936,0.00998539,0.20031475,0.30241698,0.69758302,0.00000000,0.97103118,1
641.000,4.08041601,0.01379598,0.19032903,0.00998571,0.20031474,0.30241698,0.69758302,0.00000000,0.06645698,1
642.000,4.09421198,0.01379597,0.19032871,0.00998602,0.20031473,0.30241697,0.69758303,0.00000000,0.03964160,1
643.000,4.10800794,0.01379596,0.19032840,0.00998633,0.20031473,0.30241697,0.69758303,0.00000000,0.41834345,1
644.000,4.12180389,0.01379594,0.19032809,0.00998663,0.20031472,0.30241697,0.69758303,0.00000000,0.64084697,1
645.000,4.13559983,0.01379593,0.19032780,0.00998692,0.20031471,0.30241697,0.69758303,0.00000000,0.75265084,1
646.000,4.14939576,0.01379592,0.19032750,0.00998720,0.20031471,0.30241697,0.69758303,0.00000000,0.03472347,1
647.000,4.16319168,0.01379591,0.19032722,0.00998748,0.20031470,0.30241697,0.69758303,0.00000000,0.23142233,1
648.000,4.17698759,0.01379590,0.19032694,0.00998776,0.20031469,0.30241697,0.69758303,0.00000000,0.91754559,1
649.000,4.19078348,0.01379589,0.19032667,0.00998802,0.20031469,0.30241697,0.69758303,0.00000000,0.31773554,1
650.000,4.20457937,0.01379588,0.19032640,0.00998828,0.20031468,0.30241697,0.69758303,0.00000000,0.21326498,1
651.000,4.21837525,0.01379587,0.19032614,0.00998854,0.20031468,0.30241697,0.69758303,0.00000000,0.02661350,1
652.000,4.23217112,0.01379586,0.19032588,0.00998879,0.20031467,0.30241697,0.69758303,0.00000000,0.34515786,1
653.000,4.24596698,0.01379586,0.19032563,0.00998903,0.20031467,0.30241696,0.69758304,0.00000000,0.73166024,1
654.000,4.25976283,0.01379585,0.19032539,0.00998927,0.20031466,0.30241696,0.69758304,0.00000000,0.36532425,1
655.000,4.27355867,0.01379584,0.19032515,0.00998951,0.20031466,0.30241696,0.69758304,0.00000000,0.74992227,1
656.000,4.28735451,0.01379583,0.19032491,0.00998974,0.20031465,0.30241696,0.69758304,0.00000000,0.62715666,1
657.000,4.30115033,0.01379582,0.19032468,0.00998996,0.20031465,0.30241696,0.69758304,0.00000000,0.31466955,1
658.000,4.31494615,0.01379581,0.19032446,0.00999018,0.20031464,0.30241696,0.69758304,0.00000000,0.69868653,1
659.000,4.32874196,0.01379581,0.19032424,0.00999040,0.20031464,0.30241696,0.69758304,0.00000000,0.83131715,1
660.000,4.34253776,0.01379580,0.19032403,0.00999060,0.20031463,0.30241696,0.69758304,0.00000000,0.72653003,1
661.000,4.35633355,0.01379579,0.19032382,0.00999081,0.20031463,0.30241696,0.69758304,0.00000000,0.27983445,1
662.000,4.37012934,0.01379578,0.19032361,0.00999101,0.20031462,0.30241696,0.69758304,0.00000000,0.28348291,1
663.000,4.38392512,0.01379578,0.19032341,0.00999121,0.20031462,0.30241696,0.69758304,0.00000000,0.43168029,1
664.000,4.39772089,0.01379577,0.19032321,0.00999140,0.20031461,0.30241696,0.69758304,0.00000000,0.45095378,1
665.000,4.41151665,0.01379576,0.19032302,0.00999159,0.20031461,0.30241696,0.69758304,0.00000000,0.44811185,1
666.000,4.42531241,0.01379575,0.19032283,0.00999177,0.20031460,0.30241696,0.69758304,0.00000000,0.37508060,1
667.000,4.43910816,0.01379575,0.19032265,0.00999195,0.20031460,0.30241696,0.69758304,0.00000000,0.81498062,1
668.000,4.45290391,0.01379574,0.19032247,0.00999213,0.20031460,0.30241696,0.69758304,0.00000000,0.45562916,1
669.000,4.46669964,0.01379573,0.19032230,0.00999230,0.20031459,0.30241696,0.69758304,0.00000000,0.56335089,1
670.000,4.48049538,0.01379573,0.19032212,0.00999247,0.20031459,0.30241696,0.69758304,0.00000000,0.63248848,1
671.000,4.49429110,0.01379572,0.19032196,0.00999263,0.20031459,0.30241696,0.69758304,0.00000000,0.91335748,1
672.000,4.50808682,0.01379572,0.19032179,0.00999279,0.20031458,0.30241696,0.69758304,0.00000000,0.98405989,1
673.000,4.52188253,0.01379571,0.19032163,0.00999295,0.20031458,0.30241696,0.69758304,0.00000000,0.96893166,1
674.000,4.53567824,0.01379570,0.19032147,0.00999310,0.20031457,0.30241696,0.69758304,0.00000000,0.81578982,1
675.000,4.54947394,0.01379570,0.19032132,0.00999325,0.20031457,0.30241696,0.69758304,0.00000000,0.14512264,1
676.000,4.56326964,0.01379569,0.19032117,0.00999340,0.20031457,0.30241696,0.69758304,0.00000000,0.91935551,1
677.000,4.57706533,0.01379569,0.19032102,0.00999354,0.20031456,0.30241696,0.69758304,0.00000000,0.53300929,1
678.000,4.59086102,0.01379568,0.19032088,0.00999369,0.20031456,0.30241696,0.69758304,0.00000000,0.82310760,1
679.000,4.60465670,0.01379568,0.19032074,0.00999382,0.20031456,0.30241696,0.69758304,0.00000000,0.72684314,1
680.000,4.61845237,0.01379567,0.19032060,0.00999396,0.20031456,0.30241696,0.69758304,0.00000000,0.20157043,1
681.000,4.63224804,0.01379567,0.19032046,0.00999409,0.20031455,0.30241696,0.69758304,0.00000000,0.58216014,1
682.000,4.64604371,0.01379566,0.19032033,0.00999422,0.20031455,0.30241696,0.69758304,0.00000000,0.03316038,1
683.000,4.65983937,0.01379566,0.19032020,0.00999435,0.20031455,0.30241696,0.69758304,0.00000000,0.04793326,1
684.000,4.67363503,0.01379565,0.19032008,0.00999447,0.20031454,0.30241696,0.69758304,0.00000000,0.24158411,1
685.000,4.68743068,0.01379565,0.19031995,0.00999459,0.20031454,0.30241696,0.69758304,0.00000000,0.53041752,1
686.000,4.70122633,0.01379565,0.19031983,0.00999471,0.20031454,0.30241696,0.69758304,0.00000000,0.92577243,1
687.000,4.71502197,0.01379564,0.19031971,0.00999482,0.20031454,0.30241696,0.69758304,0.00000000,0.93907962,1
688.000,4.72881761,0.01379564,0.19031960,0.00999494,0.20031453,0.30241696,0.69758304,0.00000000,0.22472719,1
689.000,4.74261324,0.01379563,0.19031948,0.00999505,0.20031453,0.30241696,0.69758304,0.00000000,0.82719804,1
690.000,4.75640888,0.01379563,0.19031937,0.00999515,0.20031453,0.30241696,0.69758304,0.00000000,0.86254479,1
691.000,4.77020450,0.01379562,0.19031927,0.00999526,0.20031453,0.30241696,0.69758304,0.00000000,0.74447441,1
692.000,4.78400012,0.01379562,0.19031916,0.00999536,0.20031452,0.30241696,0.69758304,0.00000000,0.84212967,1
693.000,4.79779574,0.01379562,0.19031906,0.00999547,0.20031452,0.30241696,0.69758304,0.00000000,0.35186920,1
694.000,4.81159136,0.01379561,0.19031896,0.00999556,0.20031452,0.30241696,0.69758304,0.00000000,0.39760957,1
695.000,4.82538697,0.01379561,0.19031886,0.00999566,0.20031452,0.30241696,0.69758304,0.00000000,0.52956398,1
696.000,4.83918258,0.01379561,0.19031876,0.00999576,0.20031452,0.30241696,0.69758304,0.00000000,0.30919236,1
697.000,4.85297818,0.01379560,0.19031867,0.00999585,0.20031451,0.30241696,0.69758304,0.00000000,0.46719306,1
698.000,4.86677379,0.01379560,0.19031857,0.00999594,0.20031451,0.30241696,0.69758304,0.00000000,0.86380897,1
699.000,4.88056938,0.01379560,0.19031848,0.00999603,0.20031451,0.30241696,0.69758304,0.00000000,0.79896327,1
700.000,4.89436498,0.01379559,0.19031839,0.00999611,0.20031451,0.30241696,0.69758304,0.00000000,0.11566745,1
701.000,4.90816057,0.01379559,0.19031831,0.00999620,0.20031451,0.30241696,0.69758304,0.00000000,0.91623354,1
702.000,4.92195616,0.01379559,0.19031822,0.00999628,0.20031450,0.30241696,0.69758304,0.00000000,0.31229682,1
703.000,4.93575174,0.01379558,0.19031814,0.00999636,0.20031450,0.30241696,0.69758304,0.00000000,0.84012180,1
704.000,4.94954733,0.01379558,0.19031806,0.00999644,0.20031450,0.30241696,0.69758304,0.00000000,0.18465104,1
705.000,4.96334291,0.01379558,0.19031798,0.00999652,0.20031450,0.30241696,0.69758304,0.00000000,0.85901926,1
706.000,4.97713848,0.01379558,0.19031790,0.00999660,0.20031450,0.30241696,0.69758304,0.00000000,0.97019395,1
707.000,4.99093406,0.01379557,0.19031782,0.00999667,0.20031449,0.30241696,0.69758304,0.00000000,0.21548070,1
