time,crd,vel,ekin,ene_0,ene_1,epot,etotal,coff_0,coff_1,prob,random,state
0.000,-5.00000000,0.01450000,0.21025000,-0.00999657,0.00999657,-0.00999657,0.20025343,1.00000000,0.00000000,0.00000000,0.11167107,0
1.000,-4.98550000,0.01450000,0.21024992,-0.00999649,0.00999649,-0.00999649,0.20025344,1.00000000,0.00000000,0.00000000,0.57578443,0
2.000,-4.97100001,0.01449999,0.21024984,-0.00999640,0.00999640,-0.00999640,0.20025344,1.00000000,0.00000000,0.00000000,0.43776836,0
3.000,-4.95650001,0.01449999,0.21024976,-0.00999632,0.00999632,-0.00999632,0.20025344,1.00000000,0.00000000,0.00000000,0.83451039,0
4.000,-4.94200002,0.01449999,0.21024967,-0.00999623,0.00999623,-0.00999623,0.20025344,1.00000000,0.00000000,0.00000000,0.90282988,0
5.000,-4.92750003,0.01449999,0.21024959,-0.00999614,0.00999614,-0.00999614,0.20025344,1.00000000,0.00000000,0.00000000,0.73481807,0
6.000,-4.91300005,0.01449998,0.21024950,-0.00999605,0.00999605,-0.00999605,0.20025345,1.00000000,0.00000000,0.00000000,0.88452420,0
7.000,-4.89850007,0.01449998,0.21024941,-0.00999596,0.00999596,-0.00999596,0.20025345,1.00000000,0.00000000,0.00000000,0.89310088,0
8.000,-4.88400009,0.01449998,0.21024932,-0.00999587,0.00999587,-0.00999587,0.20025345,1.00000000,0.00000000,0.00000000,0.34516280,0
9.000,-4.86950012,0.01449997,0.21024922,-0.00999577,0.00999577,-0.00999577,0.20025345,1.00000000,0.00000000,0.00000000,0.54351168,0
10.000,-4.85500015,0.01449997,0.21024912,-0.00999567,0.00999567,-0.00999567,0.20025345,1.00000000,0.00000000,0.00000000,0.04597938,0
11.000,-4.84050018,0.01449997,0.21024902,-0.00999557,0.00999557,-0.00999557,0.20025346,1.00000000,0.00000000,0.00000000,0.25511978,0
12.000,-4.82600021,0.01449996,0.21024892,-0.00999546,0.00999546,-0.00999546,0.20025346,1.00000000,0.00000000,0.00000000,0.96490826,0
13.000,-4.81150025,0.01449996,0.21024882,-0.00999536,0.00999536,-0.00999536,0.20025346,1.00000000,0.00000000,0.00000000,0.99852922,0
14.000,-4.79700029,0.01449996,0.21024871,-0.00999525,0.00999525,-0.00999525,0.20025346,1.00000000,0.00000000,0.00000000,0.78344706,0
15.000,-4.78250034,0.01449995,0.21024860,-0.00999514,0.00999514,-0.00999514,0.20025347,1.00000000,0.00000000,0.00000000,0.69694600,0
16.000,-4.76800039,0.01449995,0.21024849,-0.00999502,0.00999502,-0.00999502,0.20025347,1.00000000,0.00000000,0.00000000,0.31820611,0
17.000,-4.75350044,0.01449994,0.21024838,-0.00999491,0.00999491,-0.00999491,0.20025347,1.00000000,0.00000000,0.00000000,0.80274067,0
18.000,-4.73900050,0.01449994,0.21024826,-0.00999479,0.00999479,-0.00999479,0.20025347,1.00000000,0.00000000,0.00000000,0.66552174,0
19.000,-4.72450056,0.01449994,0.21024814,-0.00999466,0.00999466,-0.00999466,0.20025348,1.00000000,0.00000000,0.00000000,0.78581375,0
20.000,-4.71000063,0.01449993,0.21024802,-0.00999454,0.00999454,-0.00999454,0.20025348,1.00000000,0.00000000,0.00000000,0.47418315,0
21.000,-4.69550070,0.01449993,0.21024789,-0.00999441,0.00999441,-0.00999441,0.20025348,1.00000000,0.00000000,0.00000000,0.96092194,0
22.000,-4.68100078,0.01449992,0.21024777,-0.00999428,0.00999428,-0.00999428,0.20025349,1.00000000,0.00000000,0.00000000,0.85420570,0
23.000,-4.66650085,0.01449992,0.21024763,-0.00999415,0.00999415,-0.00999415,0.20025349,1.00000000,0.00000000,0.00000000,0.94069763,0
24.000,-4.65200094,0.01449991,0.21024750,-0.00999401,0.00999401,-0.00999401,0.20025349,1.00000000,0.00000000,0.00000000,0.99707452,0
25.000,-4.63750103,0.01449991,0.21024736,-0.00999387,0.00999387,-0.00999387,0.20025350,1.00000000,0.00000000,0.00000000,0.18336961,0
26.000,-4.62300112,0.01449990,0.21024722,-0.00999372,0.00999372,-0.00999372,0.20025350,1.00000000,0.00000000,0.00000000,0.77282419,0
27.000,-4.60850122,0.01449990,0.21024708,-0.00999358,0.00999358,-0.00999358,0.20025350,1.00000000,0.00000000,0.00000000,0.05382005,0
28.000,-4.59400132,0.01449989,0.21024693,-0.00999343,0.00999343,-0.00999343,0.20025351,1.00000000,0.00000000,0.00000000,0.45401426,0
29.000,-4.57950143,0.01449989,0.21024678,-0.00999327,0.00999327,-0.00999327,0.20025351,1.00000000,0.00000000,0.00000000,0.96124995,0
30.000,-4.56500154,0.01449988,0.21024663,-0.00999311,0.00999311,-0.00999311,0.20025351,1.00000000,0.00000000,0.00000000,0.90340014,0
31.000,-4.55050166,0.01449988,0.21024647,-0.00999295,0.00999295,-0.00999295,0.20025352,1.00000000,0.00000000,0.00000000,0.45505713,0
32.000,-4.53600179,0.01449987,0.21024631,-0.00999279,0.00999279,-0.00999279,0.20025352,1.00000000,0.00000000,0.00000000,0.18386681,0
33.000,-4.52150192,0.01449987,0.21024614,-0.00999262,0.00999262,-0.00999262,0.20025352,1.00000000,0.00000000,0.00000000,0.23182492,0
34.000,-4.50700205,0.01449986,0.21024597,-0.00999244,0.00999244,-0.00999244,0.20025353,1.00000000,0.00000000,0.00000000,0.79239815,0
35.000,-4.49250220,0.01449986,0.21024580,-0.00999227,0.00999227,-0.00999227,0.20025353,1.00000000,0.00000000,0.00000000,0.47132699,0
36.000,-4.47800234,0.01449985,0.21024562,-0.00999209,0.00999209,-0.00999209,0.20025354,1.00000000,0.00000000,0.00000000,0.51297207,0
37.000,-4.46350250,0.01449984,0.21024544,-0.00999190,0.00999190,-0.00999190,0.20025354,1.00000000,0.00000000,0.00000000,0.07792646,0
38.000,-4.44900266,0.01449984,0.21024525,-0.00999171,0.00999171,-0.00999171,0.20025354,1.00000000,0.00000000,0.00000000,0.95230984,0
39.000,-4.43450282,0.01449983,0.21024506,-0.00999151,0.00999151,-0.00999151,0.20025355,1.00000000,0.00000000,0.00000000,0.15439389,0
40.000,-4.42000300,0.01449982,0.21024487,-0.00999132,0.00999132,-0.00999132,0.20025355,1.00000000,0.00000000,0.00000000,0.53037106,0
41.000,-4.40550318,0.01449982,0.21024467,-0.00999111,0.00999111,-0.00999111,0.20025356,1.00000000,0.00000000,0.00000000,0.85377568,0
42.000,-4.39100337,0.01449981,0.21024447,-0.00999090,0.00999090,-0.00999090,0.20025356,1.00000000,0.00000000,0.00000000,0.15419276,0
43.000,-4.37650356,0.01449980,0.21024426,-0.00999069,0.00999069,-0.00999069,0.20025357,1.00000000,0.00000000,0.00000000,0.01078711,0
44.000,-4.36200376,0.01449979,0.21024404,-0.00999047,0.00999047,-0.00999047,0.20025357,1.00000000,0.00000000,0.00000000,0.65744550,0
45.000,-4.34750397,0.01449979,0.21024383,-0.00999025,0.00999025,-0.00999025,0.20025358,1.00000000,0.00000000,0.00000000,0.30851034,0
46.000,-4.33300419,0.01449978,0.21024360,-0.00999002,0.00999002,-0.00999002,0.20025358,1.00000000,0.00000000,0.00000000,0.64071782,0
47.000,-4.31850441,0.01449977,0.21024337,-0.00998978,0.00998978,-0.00998978,0.20025359,1.00000000,0.00000000,0.00000000,0.31546041,0
48.000,-4.30400464,0.01449976,0.21024314,-0.00998954,0.00998954,-0.00998954,0.20025359,1.00000000,0.00000000,0.00000000,0.22834794,0
49.000,-4.28950489,0.01449976,0.21024290,-0.00998930,0.00998930,-0.00998930,0.20025360,1.00000000,0.00000000,0.00000000,0.83038991,0
50.000,-4.27500513,0.01449975,0.21024265,-0.00998905,0.00998905,-0.00998905,0.20025361,1.00000000,0.00000000,0.00000000,0.07415255,0
51.000,-4.26050539,0.01449974,0.21024240,-0.00998879,0.00998879,-0.00998879,0.20025361,1.00000000,0.00000000,0.00000000,0.61378598,0
52.000,-4.24600566,0.01449973,0.21024215,-0.00998853,0.00998853,-0.00998853,0.20025362,1.00000000,0.00000000,0.00000000,0.82024993,0
53.000,-4.23150593,0.01449972,0.21024188,-0.00998826,0.00998826,-0.00998826,0.20025362,1.00000000,0.00000000,0.00000000,0.83661744,0
54.000,-4.21700622,0.01449971,0.21024161,-0.00998798,0.00998798,-0.00998798,0.20025363,1.00000000,0.00000000,0.00000000,0.99444452,0
55.000,-4.20250651,0.01449970,0.21024134,-0.00998770,0.00998770,-0.00998770,0.20025364,1.00000000,0.00000000,0.00000000,0.66969347,0
56.000,-4.18800682,0.01449969,0.21024106,-0.00998741,0.00998741,-0.00998741,0.20025364,1.00000000,0.00000000,0.00000000,0.62344333,0
57.000,-4.17350713,0.01449968,0.21024077,-0.00998712,0.00998712,-0.00998712,0.20025365,1.00000000,0.00000000,0.00000000,0.11431768,0
58.000,-4.15900745,0.01449967,0.21024047,-0.00998681,0.00998681,-0.00998681,0.20025366,1.00000000,0.00000000,0.00000000,0.60069232,0
59.000,-4.14450779,0.01449966,0.21024017,-0.00998650,0.00998650,-0.00998650,0.20025366,1.00000000,0.00000000,0.00000000,0.62234151,0
60.000,-4.13000813,0.01449965,0.21023986,-0.00998619,0.00998619,-0.00998619,0.20025367,1.00000000,0.00000000,0.00000000,0.36625467,0
61.000,-4.11550849,0.01449964,0.21023954,-0.00998586,0.00998586,-0.00998586,0.20025368,1.00000000,0.00000000,0.00000000,0.87126699,0
62.000,-4.10100885,0.01449963,0.21023922,-0.00998553,0.00998553,-0.00998553,0.20025369,1.00000000,0.00000000,0.00000000,0.41669494,0
63.000,-4.08650923,0.01449962,0.21023889,-0.00998519,0.00998519,-0.00998519,0.20025369,1.00000000,0.00000000,0.00000000,0.10636548,0
64.000,-4.07200962,0.01449961,0.21023855,-0.00998485,0.00998485,-0.00998485,0.20025370,1.00000000,0.00000000,0.00000000,0.36106291,0
65.000,-4.05751002,0.01449959,0.21023820,-0.00998449,0.00998449,-0.00998449,0.20025371,1.00000000,0.00000000,0.00000000,0.39455854,0
66.000,-4.04301043,0.01449958,0.21023784,-0.00998413,0.00998413,-0.00998413,0.20025372,1.00000000,0.00000000,0.00000000,0.54499484,0
67.000,-4.02851086,0.01449957,0.21023748,-0.00998375,0.00998375,-0.00998375,0.20025373,1.00000000,0.00000000,0.00000000,0.19519949,0
68.000,-4.01401130,0.01449956,0.21023711,-0.00998337,0.00998337,-0.00998337,0.20025374,1.00000000,0.00000000,0.00000000,0.68903809,0
69.000,-3.99951175,0.01449954,0.21023673,-0.00998298,0.00998298,-0.00998298,0.20025374,1.00000000,0.00000000,0.00000000,0.67307858,0
70.000,-3.98501221,0.01449953,0.21023634,-0.00998258,0.00998258,-0.00998258,0.20025375,1.00000000,0.00000000,0.00000000,0.85245031,0
71.000,-3.97051269,0.01449952,0.21023594,-0.00998217,0.00998217,-0.00998217,0.20025376,1.00000000,0.00000000,0.00000000,0.71054836,0
72.000,-3.95601318,0.01449950,0.21023553,-0.00998175,0.00998175,-0.00998175,0.20025377,1.00000000,0.00000000,0.00000000,0.10742870,0
73.000,-3.94151369,0.01449949,0.21023511,-0.00998133,0.00998133,-0.00998133,0.20025378,1.00000000,0.00000000,0.00000000,0.89042643,0
74.000,-3.92701421,0.01449947,0.21023468,-0.00998089,0.00998089,-0.00998089,0.20025379,1.00000000,0.00000000,0.00000000,0.97201231,0
75.000,-3.91251474,0.01449946,0.21023424,-0.00998044,0.00998044,-0.00998044,0.20025380,1.00000000,0.00000000,0.00000000,0.25769112,0
76.000,-3.89801530,0.01449944,0.21023379,-0.00997998,0.00997998,-0.00997998,0.20025381,1.00000000,0.00000000,0.00000000,0.56052082,0
77.000,-3.88351586,0.01449943,0.21023333,-0.00997951,0.00997951,-0.00997951,0.20025382,1.00000000,0.00000000,0.00000000,0.73532102,0
78.000,-3.86901644,0.01449941,0.21023286,-0.00997903,0.00997903,-0.00997903,0.20025383,1.00000000,0.00000000,0.00000000,0.75448260,0
79.000,-3.85451704,0.01449939,0.21023238,-0.00997854,0.00997854,-0.00997854,0.20025385,1.00000000,0.00000000,0.00000000,0.64840300,0
80.000,-3.84001766,0.01449938,0.21023189,-0.00997803,0.00997803,-0.00997803,0.20025386,1.00000000,0.00000000,0.00000000,0.50426197,0
81.000,-3.82551829,0.01449936,0.21023139,-0.00997752,0.00997752,-0.00997752,0.20025387,1.00000000,0.00000000,0.00000000,0.78848942,0
82.000,-3.81101894,0.01449934,0.21023087,-0.00997699,0.00997699,-0.00997699,0.20025388,1.00000000,0.00000000,0.00000000,0.89614999,0
83.000,-3.79651961,0.01449932,0.21023034,-0.00997645,0.00997645,-0.00997645,0.20025389,1.00000000,0.00000000,0.00000000,0.62363438,0
84.000,-3.78202030,0.01449930,0.21022980,-0.00997590,0.00997590,-0.00997590,0.20025391,1.00000000,0.00000000,0.00000000,0.17524093,0
85.000,-3.76752100,0.01449928,0.21022925,-0.00997533,0.00997533,-0.00997533,0.20025392,1.00000000,0.00000000,0.00000000,0.91601675,0
86.000,-3.75302173,0.01449927,0.21022869,-0.00997475,0.00997475,-0.00997475,0.20025393,1.00000000,0.00000000,0.00000000,0.62212789,0
87.000,-3.73852247,0.01449925,0.21022811,-0.00997416,0.00997416,-0.00997416,0.20025395,1.00000000,0.00000000,0.00000000,0.18385517,0
88.000,-3.72402324,0.01449922,0.21022751,-0.00997355,0.00997355,-0.00997355,0.20025396,1.00000000,0.00000000,0.00000000,0.92594522,0
89.000,-3.70952403,0.01449920,0.21022691,-0.00997293,0.00997293,-0.00997293,0.20025397,1.00000000,0.00000000,0.00000000,0.28764250,0
90.000,-3.69502483,0.01449918,0.21022629,-0.00997230,0.00997230,-0.00997230,0.20025399,1.00000000,0.00000000,0.00000000,0.82055808,0
91.000,-3.68052566,0.01449916,0.21022565,-0.00997165,0.00997165,-0.00997165,0.20025400,1.00000000,0.00000000,0.00000000,0.37507228,0
92.000,-3.66602651,0.01449914,0.21022500,-0.00997098,0.00997098,-0.00997098,0.20025402,1.00000000,0.00000000,0.00000000,0.75922248,0
93.000,-3.65152738,0.01449912,0.21022434,-0.00997030,0.00997030,-0.00997030,0.20025403,1.00000000,0.00000000,0.00000000,0.86750172,0
94.000,-3.63702828,0.01449909,0.21022365,-0.00996960,0.00996960,-0.00996960,0.20025405,1.00000000,0.00000000,0.00000000,0.75880087,0
95.000,-3.62252920,0.01449907,0.21022296,-0.00996889,0.00996889,-0.00996889,0.20025407,1.00000000,0.00000000,0.00000000,0.23916455,0
96.000,-3.60803015,0.01449904,0.21022224,-0.00996816,0.00996816,-0.00996816,0.20025408,1.00000000,0.00000000,0.00000000,0.57160874,0
97.000,-3.59353112,0.01449902,0.21022151,-0.00996741,0.00996741,-0.00996741,0.20025410,1.00000000,0.00000000,0.00000000,0.96168658,0
98.000,-3.57903211,0.01449899,0.21022077,-0.00996665,0.00996665,-0.00996665,0.20025412,1.00000000,0.00000000,0.00000000,0.59905847,0
99.000,-3.56453313,0.01449897,0.21022000,-0.00996587,0.00996587,-0.00996587,0.20025414,1.00000000,0.00000000,0.00000000,0.17511659,0
100.000,-3.55003418,0.01449894,0.21021922,-0.00996507,0.00996507,-0.00996507,0.20025415,1.00000000,0.00000000,0.00000000,0.42066297,0
101.000,-3.53553525,0.01449891,0.21021842,-0.00996425,0.00996425,-0.00996425,0.20025417,1.00000000,0.00000000,0.00000000,0.64134211,0
102.000,-3.52103636,0.01449888,0.21021760,-0.00996341,0.00996341,-0.00996341,0.20025419,1.00000000,0.00000000,0.00000000,0.98827178,0
103.000,-3.50653749,0.01449885,0.21021676,-0.00996255,0.00996255,-0.00996255,0.20025421,1.00000000,0.00000000,0.00000000,0.47479675,0
104.000,-3.49203865,0.01449882,0.21021590,-0.00996167,0.00996167,-0.00996167,0.20025423,1.00000000,0.00000000,0.00000000,0.12508527,0
105.000,-3.47753984,0.01449879,0.21021502,-0.00996077,0.00996077,-0.00996077,0.20025425,1.00000000,0.00000000,0.00000000,0.54159722,0
106.000,-3.46304106,0.01449876,0.21021412,-0.00995985,0.00995985,-0.00995985,0.20025427,1.00000000,0.00000000,0.00000000,0.85150069,0
107.000,-3.44854232,0.01449873,0.21021320,-0.00995891,0.00995891,-0.00995891,0.20025430,1.00000000,0.00000000,0.00000000,0.26093757,0
108.000,-3.43404360,0.01449870,0.21021226,-0.00995794,0.00995794,-0.00995794,0.20025432,1.00000000,0.00000000,0.00000000,0.97526535,0
109.000,-3.41954492,0.01449867,0.21021129,-0.00995695,0.00995695,-0.00995695,0.20025434,1.00000000,0.00000000,0.00000000,0.07628661,0
110.000,-3.40504627,0.01449863,0.21021031,-0.00995594,0.00995594,-0.00995594,0.20025436,1.00000000,0.00000000,0.00000000,0.68520562,0
111.000,-3.39054766,0.01449860,0.21020930,-0.00995491,0.00995491,-0.00995491,0.20025439,1.00000000,0.00000000,0.00000000,0.40078224,0
112.000,-3.37604908,0.01449856,0.21020826,-0.00995385,0.00995385,-0.00995385,0.20025441,1.00000000,0.00000000,0.00000000,0.15363687,0
113.000,-3.36155054,0.01449852,0.21020720,-0.00995277,0.00995277,-0.00995277,0.20025444,1.00000000,0.00000000,0.00000000,0.65037182,0
114.000,-3.34705203,0.01449849,0.21020612,-0.00995166,0.00995166,-0.00995166,0.20025446,1.00000000,0.00000000,0.00000000,0.41900200,0
115.000,-3.33255356,0.01449845,0.21020501,-0.00995053,0.00995053,-0.00995053,0.20025449,1.00000000,0.00000000,0.00000000,0.95017441,0
116.000,-3.31805513,0.01449841,0.21020388,-0.00994936,0.00994936,-0.00994936,0.20025451,1.00000000,0.00000000,0.00000000,0.19956385,0
117.000,-3.30355674,0.01449837,0.21020272,-0.00994818,0.00994818,-0.00994818,0.20025454,1.00000000,0.00000000,0.00000000,0.13374660,0
118.000,-3.28905839,0.01449833,0.21020153,-0.00994696,0.00994696,-0.00994696,0.20025457,1.00000000,0.00000000,0.00000000,0.93287141,0
119.000,-3.27456009,0.01449829,0.21020031,-0.00994572,0.00994572,-0.00994572,0.20025460,1.00000000,0.00000000,0.00000000,0.47158213,0
120.000,-3.26006182,0.01449824,0.21019907,-0.00994444,0.00994444,-0.00994444,0.20025463,1.00000000,0.00000000,0.00000000,0.79916843,0
121.000,-3.24556360,0.01449820,0.21019779,-0.00994314,0.00994314,-0.00994314,0.20025466,1.00000000,0.00000000,0.00000000,0.98387771,0
122.000,-3.23106542,0.01449815,0.21019649,-0.00994180,0.00994180,-0.00994180,0.20025469,1.00000000,0.00000000,0.00000000,0.82049099,0
123.000,-3.21656729,0.01449811,0.21019516,-0.00994044,0.00994044,-0.00994044,0.20025472,1.00000000,0.00000000,0.00000000,0.08938235,0
124.000,-3.20206920,0.01449806,0.21019379,-0.00993904,0.00993904,-0.00993904,0.20025475,1.00000000,0.00000000,0.00000000,0.73956862,0
125.000,-3.18757117,0.01449801,0.21019239,-0.00993761,0.00993761,-0.00993761,0.20025478,1.00000000,0.00000000,0.00000000,0.80898431,0
126.000,-3.17307318,0.01449796,0.21019096,-0.00993614,0.00993614,-0.00993614,0.20025482,1.00000000,0.00000000,0.00000000,0.81967445,0
127.000,-3.15857524,0.01449791,0.21018950,-0.00993465,0.00993465,-0.00993465,0.20025485,1.00000000,0.00000000,0.00000000,0.08848182,0
128.000,-3.14407735,0.01449786,0.21018800,-0.00993311,0.00993311,-0.00993311,0.20025489,1.00000000,0.00000000,0.00000000,0.67261811,0
129.000,-3.12957951,0.01449781,0.21018646,-0.00993154,0.00993154,-0.00993154,0.20025492,1.00000000,0.00000000,0.00000000,0.41531120,0
130.000,-3.11508173,0.01449775,0.21018489,-0.00992994,0.00992994,-0.00992994,0.20025496,1.00000000,0.00000000,0.00000000,0.60315900,0
131.000,-3.10058400,0.01449770,0.21018329,-0.00992829,0.00992829,-0.00992829,0.20025500,1.00000000,0.00000000,0.00000000,0.41228485,0
132.000,-3.08608633,0.01449764,0.21018164,-0.00992661,0.00992661,-0.00992661,0.20025503,1.00000000,0.00000000,0.00000000,0.65390712,0
133.000,-3.07158872,0.01449758,0.21017996,-0.00992489,0.00992489,-0.00992489,0.20025507,1.00000000,0.00000000,0.00000000,0.20071123,0
134.000,-3.05709116,0.01449753,0.21017824,-0.00992312,0.00992312,-0.00992312,0.20025511,1.00000000,0.00000000,0.00000000,0.15190919,0
135.000,-3.04259367,0.01449746,0.21017648,-0.00992132,0.00992132,-0.00992132,0.20025516,1.00000000,0.00000000,0.00000000,0.20690317,0
136.000,-3.02809623,0.01449740,0.21017467,-0.00991947,0.00991947,-0.00991947,0.20025520,1.00000000,0.00000000,0.00000000,0.93954154,0
137.000,-3.01359886,0.01449734,0.21017283,-0.00991758,0.00991758,-0.00991758,0.20025524,1.00000000,0.00000000,0.00000000,0.89038056,0
138.000,-2.99910156,0.01449727,0.21017094,-0.00991565,0.00991565,-0.00991565,0.20025529,1.00000000,0.00000000,0.00000000,0.32702639,0
139.000,-2.98460432,0.01449721,0.21016900,-0.00991367,0.00991367,-0.00991367,0.20025533,1.00000000,0.00000000,0.00000000,0.04732096,0
140.000,-2.97010714,0.01449714,0.21016702,-0.00991164,0.00991164,-0.00991164,0.20025538,1.00000000,0.00000000,0.00000000,0.44001956,0
141.000,-2.95561004,0.01449707,0.21016500,-0.00990957,0.00990957,-0.00990957,0.20025542,1.00000000,0.00000000,0.00000000,0.78238699,0
142.000,-2.94111301,0.01449700,0.21016292,-0.00990745,0.00990745,-0.00990745,0.20025547,1.00000000,0.00000000,0.00000000,0.04162403,0
143.000,-2.92661605,0.01449692,0.21016080,-0.00990528,0.00990528,-0.00990528,0.20025552,1.00000000,0.00000000,0.00000000,0.18852463,0
144.000,-2.91211916,0.01449685,0.21015863,-0.00990305,0.00990305,-0.00990305,0.20025557,1.00000000,0.00000000,0.00000000,0.34899733,0
145.000,-2.89762235,0.01449677,0.21015641,-0.00990078,0.00990078,-0.00990078,0.20025563,1.00000000,0.00000000,0.00000000,0.66407842,0
146.000,-2.88312562,0.01449669,0.21015413,-0.00989845,0.00989845,-0.00989845,0.20025568,1.00000000,0.00000000,0.00000000,0.87852663,0
147.000,-2.86862896,0.01449661,0.21015180,-0.00989607,0.00989607,-0.00989607,0.20025573,1.00000000,0.00000000,0.00000000,0.40271070,0
148.000,-2.85413239,0.01449653,0.21014942,-0.00989363,0.00989363,-0.00989363,0.20025579,1.00000000,0.00000000,0.00000000,0.92648706,0
149.000,-2.83963590,0.01449645,0.21014698,-0.00989113,0.00989113,-0.00989113,0.20025585,0.99999999,0.00000001,0.00000000,0.48827099,0
150.000,-2.82513949,0.01449636,0.21014448,-0.00988858,0.00988858,-0.00988858,0.20025590,0.99999999,0.00000001,0.00000000,0.95225038,0
151.000,-2.81064318,0.01449627,0.21014193,-0.00988597,0.00988597,-0.00988597,0.20025596,0.99999999,0.00000001,0.00000000,0.03992076,0
152.000,-2.79614695,0.01449618,0.21013931,-0.00988329,0.00988329,-0.00988329,0.20025603,0.99999999,0.00000001,0.00000000,0.19392533,0
153.000,-2.78165081,0.01449609,0.21013664,-0.00988055,0.00988055,-0.00988055,0.20025609,0.99999999,0.00000001,0.00000000,0.86326845,0
154.000,-2.76715477,0.01449600,0.21013390,-0.00987775,0.00987775,-0.00987775,0.20025615,0.99999999,0.00000001,0.00000000,0.72755705,0
155.000,-2.75265882,0.01449590,0.21013110,-0.00987488,0.00987488,-0.00987488,0.20025622,0.99999999,0.00000001,0.00000000,0.95240195,0
156.000,-2.73816297,0.01449580,0.21012823,-0.00987194,0.00987194,-0.00987194,0.20025628,0.99999998,0.00000002,0.00000000,0.61764449,0
157.000,-2.72366722,0.01449570,0.21012529,-0.00986894,0.00986894,-0.00986894,0.20025635,0.99999998,0.00000002,0.00000000,0.61830670,0
158.000,-2.70917157,0.01449560,0.21012229,-0.00986586,0.00986586,-0.00986586,0.20025642,0.99999998,0.00000002,0.00000000,0.69594888,0
159.000,-2.69467603,0.01449549,0.21011921,-0.00986272,0.00986272,-0.00986272,0.20025650,0.99999997,0.00000003,0.00000000,0.87914090,0
160.000,-2.68018059,0.01449538,0.21011607,-0.00985950,0.00985950,-0.00985950,0.20025657,0.99999997,0.00000003,0.00000000,0.42892940,0
161.000,-2.66568527,0.01449527,0.21011284,-0.00985620,0.00985620,-0.00985620,0.20025665,0.99999996,0.00000004,0.00000000,0.36603333,0
162.000,-2.65119005,0.01449516,0.21010955,-0.00985283,0.00985283,-0.00985283,0.20025672,0.99999996,0.00000004,0.00000000,0.24483532,0
163.000,-2.63669495,0.01449504,0.21010617,-0.00984937,0.00984937,-0.00984937,0.20025680,0.99999995,0.00000005,0.00000000,0.74334738,0
164.000,-2.62219997,0.01449492,0.21010272,-0.00984584,0.00984584,-0.00984584,0.20025688,0.99999994,0.00000006,0.00000000,0.67604146,0
165.000,-2.60770511,0.01449480,0.21009919,-0.00984222,0.00984222,-0.00984222,0.20025696,0.99999993,0.00000007,0.00000000,0.07883978,0
166.000,-2.59321038,0.01449467,0.21009557,-0.00983852,0.00983852,-0.00983852,0.20025705,0.99999992,0.00000008,0.00000000,0.07483344,0
167.000,-2.57871576,0.01449455,0.21009187,-0.00983473,0.00983473,-0.00983473,0.20025714,0.99999990,0.00000010,0.00000000,0.74372330,0
168.000,-2.56422128,0.01449442,0.21008808,-0.00983085,0.00983085,-0.00983085,0.20025722,0.99999989,0.00000011,0.00000000,0.94237405,0
169.000,-2.54972693,0.01449428,0.21008420,-0.00982689,0.00982689,-0.00982689,0.20025732,0.99999987,0.00000013,0.00000000,0.34038462,0
170.000,-2.53523272,0.01449414,0.21008023,-0.00982283,0.00982283,-0.00982283,0.20025741,0.99999985,0.00000015,0.00000000,0.25865858,0
171.000,-2.52073864,0.01449400,0.21007617,-0.00981867,0.00981867,-0.00981867,0.20025750,0.99999983,0.00000017,0.00000000,0.94731659,0
172.000,-2.50624471,0.01449386,0.21007202,-0.00981442,0.00981442,-0.00981442,0.20025760,0.99999980,0.00000020,0.00000000,0.08999899,0
173.000,-2.49175092,0.01449371,0.21006776,-0.00981006,0.00981006,-0.00981006,0.20025770,0.99999977,0.00000023,0.00000000,0.09777901,0
174.000,-2.47725728,0.01449356,0.21006341,-0.00980561,0.00980561,-0.00980561,0.20025780,0.99999973,0.00000027,0.00000000,0.54045526,0
175.000,-2.46276379,0.01449341,0.21005895,-0.00980105,0.00980105,-0.00980105,0.20025791,0.99999969,0.00000031,0.00000000,0.17337870,0
176.000,-2.44827046,0.01449325,0.21005439,-0.00979638,0.00979638,-0.00979638,0.20025801,0.99999964,0.00000036,0.00000000,0.98317779,0
177.000,-2.43377729,0.01449309,0.21004973,-0.00979161,0.00979161,-0.00979161,0.20025812,0.99999959,0.00000041,0.00000000,0.37281974,0
178.000,-2.41928428,0.01449293,0.21004495,-0.00978672,0.00978672,-0.00978672,0.20025823,0.99999953,0.00000047,0.00000000,0.38463187,0
179.000,-2.40479143,0.01449276,0.21004006,-0.00978172,0.00978172,-0.00978172,0.20025835,0.99999946,0.00000054,0.00000000,0.80679830,0
180.000,-2.39029876,0.01449259,0.21003506,-0.00977660,0.00977660,-0.00977660,0.20025846,0.99999937,0.00000063,0.00000000,0.98212846,0
181.000,-2.37580626,0.01449241,0.21002994,-0.00977136,0.00977136,-0.00977136,0.20025858,0.99999928,0.00000072,0.00000000,0.70746754,0
182.000,-2.36131394,0.01449223,0.21002470,-0.00976600,0.00976600,-0.00976600,0.20025871,0.99999918,0.00000082,0.00000000,0.68549984,0
183.000,-2.34682180,0.01449204,0.21001934,-0.00976051,0.00976051,-0.00976051,0.20025883,0.99999905,0.00000095,0.00000000,0.25451192,0
184.000,-2.33232985,0.01449185,0.21001385,-0.00975489,0.00975489,-0.00975489,0.20025896,0.99999892,0.00000108,0.00000000,0.57759206,0
185.000,-2.31783809,0.01449166,0.21000824,-0.00974915,0.00974915,-0.00974915,0.20025909,0.99999876,0.00000124,0.00000000,0.72406114,0
186.000,-2.30334653,0.01449146,0.21000249,-0.00974327,0.00974327,-0.00974327,0.20025922,0.99999858,0.00000142,0.00000000,0.58234294,0
187.000,-2.28885517,0.01449126,0.20999661,-0.00973725,0.00973725,-0.00973725,0.20025936,0.99999837,0.00000163,0.00000000,0.73539673,0
188.000,-2.27436401,0.01449105,0.20999059,-0.00973109,0.00973109,-0.00973109,0.20025950,0.99999814,0.00000186,0.00000000,0.69946244,0
189.000,-2.25987306,0.01449084,0.20998444,-0.00972479,0.00972479,-0.00972479,0.20025964,0.99999788,0.00000212,0.00000000,0.61621602,0
190.000,-2.24538233,0.01449062,0.20997813,-0.00971834,0.00971834,-0.00971834,0.20025979,0.99999758,0.00000242,0.00000000,0.50057874,0
191.000,-2.23089182,0.01449040,0.20997168,-0.00971174,0.00971174,-0.00971174,0.20025994,0.99999724,0.00000276,0.00000000,0.19714459,0
192.000,-2.21640153,0.01449017,0.20996508,-0.00970499,0.00970499,-0.00970499,0.20026010,0.99999686,0.00000314,0.00000000,0.21788156,0
193.000,-2.20191147,0.01448994,0.20995833,-0.00969808,0.00969808,-0.00969808,0.20026025,0.99999642,0.00000358,0.00000000,0.25433489,0
194.000,-2.18742165,0.01448970,0.20995142,-0.00969101,0.00969101,-0.00969101,0.20026041,0.99999593,0.00000407,0.00000000,0.48308033,0
195.000,-2.17293207,0.01448946,0.20994435,-0.00968377,0.00968377,-0.00968377,0.20026058,0.99999538,0.00000462,0.00000000,0.87987426,0
196.000,-2.15844274,0.01448921,0.20993711,-0.00967637,0.00967637,-0.00967637,0.20026074,0.99999476,0.00000524,0.00000000,0.62709836,0
197.000,-2.14395366,0.01448895,0.20992971,-0.00966879,0.00966879,-0.00966879,0.20026092,0.99999405,0.00000595,0.00000000,0.86450889,0
198.000,-2.12946484,0.01448869,0.20992213,-0.00966104,0.00966104,-0.00966104,0.20026109,0.99999326,0.00000674,0.00000000,0.70198662,0
199.000,-2.11497628,0.01448842,0.20991438,-0.00965311,0.00965311,-0.00965311,0.20026127,0.99999237,0.00000763,0.00000000,0.21515349,0
200.000,-2.10048799,0.01448815,0.20990645,-0.00964499,0.00964499,-0.00964499,0.20026145,0.99999136,0.00000864,0.00000000,0.53078293,0
201.000,-2.08599998,0.01448787,0.20989833,-0.00963669,0.00963669,-0.00963669,0.20026164,0.99999023,0.00000977,0.00000000,0.72172147,0
202.000,-2.07151225,0.01448758,0.20989003,-0.00962820,0.00962820,-0.00962820,0.20026183,0.99998897,0.00001103,0.00000000,0.14976873,0
203.000,-2.05702482,0.01448729,0.20988154,-0.00961951,0.00961951,-0.00961951,0.20026203,0.99998755,0.00001245,0.00000000,0.46642769,0
204.000,-2.04253768,0.01448699,0.20987284,-0.00961062,0.00961062,-0.00961062,0.20026223,0.99998595,0.00001405,0.00000000,0.55834233,0
205.000,-2.02805084,0.01448668,0.20986395,-0.00960152,0.00960152,-0.00960152,0.20026243,0.99998417,0.00001583,0.00000000,0.29304182,0
206.000,-2.01356431,0.01448637,0.20985486,-0.00959222,0.00959222,-0.00959222,0.20026264,0.99998217,0.00001783,0.00000000,0.10886219,0
207.000,-1.99907810,0.01448605,0.20984555,-0.00958270,0.00958270,-0.00958270,0.20026285,0.99997994,0.00002006,0.00000000,0.70178636,0
208.000,-1.98459222,0.01448572,0.20983604,-0.00957296,0.00957296,-0.00957296,0.20026307,0.99997745,0.00002255,0.00000000,0.30529834,0
209.000,-1.97010667,0.01448538,0.20982630,-0.00956301,0.00956301,-0.00956301,0.20026329,0.99997467,0.00002533,0.00000000,0.39779243,0
210.000,-1.95562145,0.01448504,0.20981634,-0.00955282,0.00955282,-0.00955282,0.20026352,0.99997157,0.00002843,0.00000000,0.32399816,0
211.000,-1.94113659,0.01448469,0.20980616,-0.00954240,0.00954240,-0.00954240,0.20026375,0.99996811,0.00003189,0.00000000,0.03327872,0
212.000,-1.92665208,0.01448433,0.20979574,-0.00953175,0.00953175,-0.00953175,0.20026399,0.99996426,0.00003574,0.00000000,0.95430017,0
213.000,-1.91216794,0.01448396,0.20978508,-0.00952085,0.00952085,-0.00952085,0.20026423,0.99995998,0.00004002,0.00000000,0.83833195,0
214.000,-1.89768416,0.01448358,0.20977419,-0.00950971,0.00950971,-0.00950971,0.20026448,0.99995522,0.00004478,0.00000000,0.58421144,0
215.000,-1.88320077,0.01448320,0.20976305,-0.00949832,0.00949832,-0.00949832,0.20026473,0.99994994,0.00005006,0.00000000,0.60365664,0
216.000,-1.86871776,0.01448281,0.20975165,-0.00948667,0.00948667,-0.00948667,0.20026498,0.99994408,0.00005592,0.00000000,0.91287290,0
217.000,-1.85423516,0.01448240,0.20974000,-0.00947476,0.00947476,-0.00947476,0.20026524,0.99993758,0.00006242,0.00000000,0.14035933,0
218.000,-1.83975296,0.01448199,0.20972809,-0.00946258,0.00946258,-0.00946258,0.20026551,0.99993038,0.00006962,0.00000000,0.75479068,0
219.000,-1.82527117,0.01448157,0.20971592,-0.00945014,0.00945014,-0.00945014,0.20026578,0.99992241,0.00007759,0.00000000,0.59943114,0
220.000,-1.81078981,0.01448114,0.20970347,-0.00943741,0.00943741,-0.00943741,0.20026605,0.99991360,0.00008640,0.00000000,0.30689913,0
221.000,-1.79630889,0.01448070,0.20969075,-0.00942441,0.00942441,-0.00942441,0.20026634,0.99990386,0.00009614,0.00000000,0.66403215,0
222.000,-1.78182841,0.01448025,0.20967774,-0.00941112,0.00941112,-0.00941112,0.20026662,0.99989311,0.00010689,0.00000000,0.90226504,0
223.000,-1.76734838,0.01447979,0.20966445,-0.00939754,0.00939754,-0.00939754,0.20026691,0.99988125,0.00011875,0.00000000,0.02460814,0
224.000,-1.75286882,0.01447933,0.20965087,-0.00938366,0.00938366,-0.00938366,0.20026721,0.99986818,0.00013182,0.00000000,0.74675928,0
225.000,-1.73838973,0.01447885,0.20963699,-0.00936948,0.00936948,-0.00936948,0.20026751,0.99985378,0.00014622,0.00000000,0.91752345,0
226.000,-1.72391113,0.01447836,0.20962281,-0.00935499,0.00935499,-0.00935499,0.20026782,0.99983794,0.00016206,0.00000000,0.89182169,0
227.000,-1.70943302,0.01447786,0.20960832,-0.00934019,0.00934019,-0.00934019,0.20026813,0.99982052,0.00017948,0.00000000,0.04164023,0
228.000,-1.69495542,0.01447735,0.20959352,-0.00932508,0.00932508,-0.00932508,0.20026844,0.99980138,0.00019862,0.00000000,0.06200168,0
229.000,-1.68047833,0.01447682,0.20957841,-0.00930964,0.00930964,-0.00930964,0.20026876,0.99978037,0.00021963,0.00000000,0.61102752,0
230.000,-1.66600177,0.01447629,0.20956297,-0.00929388,0.00929388,-0.00929388,0.20026909,0.99975733,0.00024267,0.00000000,0.23226000,0
231.000,-1.65152575,0.01447575,0.20954721,-0.00927778,0.00927778,-0.00927778,0.20026942,0.99973207,0.00026793,0.00000000,0.43773608,0
232.000,-1.63705028,0.01447519,0.20953111,-0.00926135,0.00926135,-0.00926135,0.20026976,0.99970442,0.00029558,0.00000000,0.12233442,0
233.000,-1.62257537,0.01447462,0.20951468,-0.00924458,0.00924458,-0.00924458,0.20027010,0.99967416,0.00032584,0.00000000,0.78341337,0
234.000,-1.60810104,0.01447404,0.20949791,-0.00922747,0.00922747,-0.00922747,0.20027044,0.99964108,0.00035892,0.00000000,0.25808243,0
235.000,-1.59362729,0.01447345,0.20948079,-0.00921000,0.00921000,-0.00921000,0.20027079,0.99960494,0.00039506,0.00000000,0.61775406,0
236.000,-1.57915413,0.01447285,0.20946332,-0.00919218,0.00919218,-0.00919218,0.20027115,0.99956550,0.00043450,0.00000000,0.38593080,0
237.000,-1.56468159,0.01447223,0.20944550,-0.00917400,0.00917400,-0.00917400,0.20027150,0.99952249,0.00047751,0.00000000,0.74122682,0
238.000,-1.55020967,0.01447160,0.20942732,-0.00915546,0.00915546,-0.00915546,0.20027187,0.99947561,0.00052439,0.00000000,0.91873644,0
239.000,-1.53573838,0.01447096,0.20940878,-0.00913655,0.00913655,-0.00913655,0.20027223,0.99942457,0.00057543,0.00000000,0.74033397,0
240.000,-1.52126774,0.01447031,0.20938987,-0.00911727,0.00911727,-0.00911727,0.20027260,0.99936904,0.00063096,0.00000000,0.91361901,0
241.000,-1.50679776,0.01446964,0.20937059,-0.00909761,0.00909761,-0.00909761,0.20027298,0.99930867,0.00069133,0.00000000,0.21922473,0
242.000,-1.49232845,0.01446896,0.20935093,-0.00907758,0.00907758,-0.00907758,0.20027336,0.99924309,0.00075691,0.00000000,0.54396339,0
243.000,-1.47785983,0.01446827,0.20933090,-0.00905716,0.00905716,-0.00905716,0.20027374,0.99917192,0.00082808,0.00000000,0.78988961,0
244.000,-1.46339191,0.01446757,0.20931049,-0.00903636,0.00903636,-0.00903636,0.20027412,0.99909473,0.00090527,0.00000000,0.37847726,0
245.000,-1.44892470,0.01446685,0.20928969,-0.00901518,0.00901518,-0.00901518,0.20027451,0.99901109,0.00098891,0.00000000,0.00130818,0
246.000,-1.43445821,0.01446612,0.20926850,-0.00899360,0.00899360,-0.00899360,0.20027490,0.99892052,0.00107948,0.00000000,0.21123169,0
247.000,-1.41999247,0.01446537,0.20924692,-0.00897163,0.00897163,-0.00897163,0.20027529,0.99882254,0.00117746,0.00000000,0.35153382,0
248.000,-1.40552747,0.01446461,0.20922495,-0.00894926,0.00894926,-0.00894926,0.20027569,0.99871661,0.00128339,0.00000000,0.71840647,0
249.000,-1.39106325,0.01446384,0.20920258,-0.00892650,0.00892650,-0.00892650,0.20027609,0.99860218,0.00139782,0.00000000,0.89771245,0
250.000,-1.37659980,0.01446305,0.20917982,-0.00890333,0.00890333,-0.00890333,0.20027649,0.99847868,0.00152132,0.00000000,0.46988316,0
251.000,-1.36213715,0.01446225,0.20915665,-0.00887976,0.00887976,-0.00887976,0.20027689,0.99834548,0.00165452,0.00000000,0.89175498,0
252.000,-1.34767530,0.01446143,0.20913309,-0.00885579,0.00885579,-0.00885579,0.20027729,0.99820193,0.00179807,0.00000000,0.72616973,0
253.000,-1.33321428,0.01446061,0.20910912,-0.00883142,0.00883142,-0.00883142,0.20027770,0.99804736,0.00195264,0.00000000,0.14959674,0
254.000,-1.31875409,0.01445976,0.20908474,-0.00880664,0.00880664,-0.00880664,0.20027810,0.99788105,0.00211895,0.00000000,0.93952042,0
255.000,-1.30429475,0.01445891,0.20905996,-0.00878145,0.00878145,-0.00878145,0.20027851,0.99770224,0.00229776,0.00000000,0.93248764,0
256.000,-1.28983628,0.01445803,0.20903477,-0.00875585,0.00875585,-0.00875585,0.20027892,0.99751015,0.00248985,0.00000000,0.56759932,0
257.000,-1.27537868,0.01445715,0.20900918,-0.00872985,0.00872985,-0.00872985,0.20027932,0.99730394,0.00269606,0.00000000,0.72031644,0
258.000,-1.26092198,0.01445625,0.20898317,-0.00870344,0.00870344,-0.00870344,0.20027973,0.99708277,0.00291723,0.00000000,0.88872451,0
259.000,-1.24646618,0.01445534,0.20895676,-0.00867662,0.00867662,-0.00867662,0.20028014,0.99684571,0.00315429,0.00000000,0.31338371,0
260.000,-1.23201131,0.01445441,0.20892994,-0.00864939,0.00864939,-0.00864939,0.20028055,0.99659182,0.00340818,0.00000000,0.16183760,0
261.000,-1.21755736,0.01445347,0.20890271,-0.00862175,0.00862175,-0.00862175,0.20028096,0.99632013,0.00367987,0.00000000,0.88615707,0
262.000,-1.20310437,0.01445251,0.20887507,-0.00859371,0.00859371,-0.00859371,0.20028137,0.99602960,0.00397040,0.00000000,0.80261373,0
263.000,-1.18865234,0.01445154,0.20884703,-0.00856525,0.00856525,-0.00856525,0.20028177,0.99571917,0.00428083,0.00000000,0.23107697,0
264.000,-1.17420129,0.01445056,0.20881857,-0.00853639,0.00853639,-0.00853639,0.20028218,0.99538772,0.00461228,0.00000000,0.04460300,0
265.000,-1.15975123,0.01444956,0.20878971,-0.00850713,0.00850713,-0.00850713,0.20028259,0.99503410,0.00496590,0.00000000,0.84332661,0
266.000,-1.14530218,0.01444854,0.20876045,-0.00847745,0.00847745,-0.00847745,0.20028299,0.99465712,0.00534288,0.00000000,0.43166014,0
267.000,-1.13085414,0.01444752,0.20873078,-0.00844738,0.00844738,-0.00844738,0.20028340,0.99425552,0.00574448,0.00000000,0.28451242,0
268.000,-1.11640714,0.01444648,0.20870070,-0.00841690,0.00841690,-0.00841690,0.20028380,0.99382804,0.00617196,0.00000000,0.20893598,0
269.000,-1.10196119,0.01444542,0.20867022,-0.00838602,0.00838602,-0.00838602,0.20028420,0.99337333,0.00662667,0.00000000,0.10637404,0
270.000,-1.08751630,0.01444435,0.20863934,-0.00835473,0.00835473,-0.00835473,0.20028461,0.99289002,0.00710998,0.00000000,0.45348375,0
271.000,-1.07307248,0.01444327,0.20860805,-0.00832304,0.00832304,-0.00832304,0.20028501,0.99237670,0.00762330,0.00000000,0.25686058,0
272.000,-1.05862976,0.01444217,0.20857636,-0.00829095,0.00829095,-0.00829095,0.20028541,0.99183189,0.00816811,0.00000000,0.87701037,0
273.000,-1.04418813,0.01444106,0.20854427,-0.00825846,0.00825846,-0.00825846,0.20028581,0.99125410,0.00874590,0.00000000,0.53460441,0
274.000,-1.02974763,0.01443994,0.20851178,-0.00822557,0.00822557,-0.00822557,0.20028621,0.99064176,0.00935824,0.00000000,0.51290965,0
275.000,-1.01530826,0.01443880,0.20847889,-0.00819228,0.00819228,-0.00819228,0.20028661,0.98999328,0.01000672,0.00000000,0.08205182,0
276.000,-1.00087004,0.01443765,0.20844560,-0.00815858,0.00815858,-0.00815858,0.20028702,0.98930701,0.01069299,0.00000000,0.22659540,0
277.000,-0.98643297,0.01443648,0.20841190,-0.00812448,0.00812448,-0.00812448,0.20028742,0.98858127,0.01141873,0.00000000,0.87415961,0
278.000,-0.97199708,0.01443530,0.20837780,-0.00808998,0.00808998,-0.00808998,0.20028782,0.98781431,0.01218569,0.00000000,0.45529300,0
279.000,-0.95756238,0.01443410,0.20834330,-0.00805507,0.00805507,-0.00805507,0.20028823,0.98700437,0.01299563,0.00000000,0.36954611,0
280.000,-0.94312888,0.01443289,0.20830839,-0.00801975,0.00801975,-0.00801975,0.20028864,0.98614960,0.01385040,0.00000000,0.03986711,0
281.000,-0.92869659,0.01443167,0.20827307,-0.00798402,0.00798402,-0.00798402,0.20028905,0.98524815,0.01475185,0.00000000,0.10452094,0
282.000,-0.91426554,0.01443043,0.20823734,-0.00794788,0.00794788,-0.00794788,0.20028946,0.98429809,0.01570191,0.00000000,0.31721760,0
283.000,-0.89983573,0.01442918,0.20820120,-0.00791132,0.00791132,-0.00791132,0.20028988,0.98329745,0.01670255,0.00000000,0.15451562,0
284.000,-0.88540718,0.01442791,0.20816464,-0.00787434,0.00787434,-0.00787434,0.20029030,0.98224422,0.01775578,0.00000000,0.05839436,0
285.000,-0.87097990,0.01442663,0.20812765,-0.00783692,0.00783692,-0.00783692,0.20029073,0.98113633,0.01886367,0.00000000,0.27261427,0
286.000,-0.85655392,0.01442533,0.20809024,-0.00779907,0.00779907,-0.00779907,0.20029117,0.97997166,0.02002834,0.00000000,0.12030998,0
287.000,-0.84212924,0.01442402,0.20805239,-0.00776079,0.00776079,-0.00776079,0.20029161,0.97874804,0.02125196,0.00000000,0.16544121,0
288.000,-0.82770588,0.01442269,0.20801410,-0.00772205,0.00772205,-0.00772205,0.20029206,0.97746323,0.02253677,0.00000000,0.12805550,0
289.000,-0.81328385,0.01442135,0.20797536,-0.00768285,0.00768285,-0.00768285,0.20029251,0.97611494,0.02388506,0.00000000,0.69425553,0
290.000,-0.79886317,0.01441999,0.20793617,-0.00764319,0.00764319,-0.00764319,0.20029298,0.97470081,0.02529919,0.00000000,0.48770942,0
291.000,-0.78444387,0.01441862,0.20789650,-0.00760305,0.00760305,-0.00760305,0.20029346,0.97321842,0.02678158,0.00000000,0.43267786,0
292.000,-0.77002594,0.01441722,0.20785636,-0.00756242,0.00756242,-0.00756242,0.20029394,0.97166526,0.02833474,0.00000000,0.38464513,0
293.000,-0.75560942,0.01441582,0.20781573,-0.00752129,0.00752129,-0.00752129,0.20029444,0.97003875,0.02996125,0.00000000,0.99651582,0
294.000,-0.74119431,0.01441439,0.20777460,-0.00747965,0.00747965,-0.00747965,0.20029495,0.96833621,0.03166379,0.00000000,0.27475870,0
295.000,-0.72678064,0.01441294,0.20773296,-0.00743748,0.00743748,-0.00743748,0.20029548,0.96655488,0.03344512,0.00000000,0.85811036,0
296.000,-0.71236842,0.01441148,0.20769079,-0.00739477,0.00739477,-0.00739477,0.20029602,0.96469188,0.03530812,0.00000000,0.43849246,0
297.000,-0.69795768,0.01441000,0.20764808,-0.00735151,0.00735151,-0.00735151,0.20029657,0.96274422,0.03725578,0.00000000,0.17537252,0
298.000,-0.68354842,0.01440850,0.20760481,-0.00730767,0.00730767,-0.00730767,0.20029714,0.96070878,0.03929122,0.00000000,0.93108945,0
299.000,-0.66914068,0.01440698,0.20756098,-0.00726325,0.00726325,-0.00726325,0.20029773,0.95858227,0.04141773,0.00000000,0.14377230,0
300.000,-0.65473447,0.01440543,0.20751655,-0.00721822,0.00721822,-0.00721822,0.20029833,0.95636128,0.04363872,0.00000000,0.13691329,0
301.000,-0.64032981,0.01440387,0.20747153,-0.00717258,0.00717258,-0.00717258,0.20029895,0.95404221,0.04595779,0.00000000,0.53850480,0
302.000,-0.62592673,0.01440229,0.20742588,-0.00712630,0.00712630,-0.00712630,0.20029958,0.95162125,0.04837875,0.00000000,0.59239055,0
303.000,-0.61152524,0.01440068,0.20737960,-0.00707937,0.00707937,-0.00707937,0.20030023,0.94909439,0.05090561,0.00000000,0.77428889,0
304.000,-0.59712537,0.01439905,0.20733266,-0.00703176,0.00703176,-0.00703176,0.20030090,0.94645736,0.05354264,0.00000000,0.61458067,0
305.000,-0.58272714,0.01439740,0.20728506,-0.00698347,0.00698347,-0.00698347,0.20030159,0.94370565,0.05629435,0.00000000,0.28495490,0
306.000,-0.56833057,0.01439572,0.20723677,-0.00693448,0.00693448,-0.00693448,0.20030229,0.94083442,0.05916558,0.00000000,0.69892798,0
307.000,-0.55393569,0.01439402,0.20718778,-0.00688478,0.00688478,-0.00688478,0.20030300,0.93783854,0.06216146,0.00000000,0.12309663,0
308.000,-0.53954253,0.01439229,0.20713807,-0.00683435,0.00683435,-0.00683435,0.20030373,0.93471248,0.06528752,0.00000000,0.30000955,0
309.000,-0.52515111,0.01439054,0.20708764,-0.00678318,0.00678318,-0.00678318,0.20030446,0.93145035,0.06854965,0.00000000,0.67195315,0
310.000,-0.51076145,0.01438876,0.20703647,-0.00673126,0.00673126,-0.00673126,0.20030521,0.92804577,0.07195423,0.00000000,0.90404351,0
311.000,-0.49637359,0.01438696,0.20698455,-0.00667858,0.00667858,-0.00667858,0.20030597,0.92449193,0.07550807,0.00000000,0.98830387,0
312.000,-0.48198754,0.01438513,0.20693187,-0.00662515,0.00662515,-0.00662515,0.20030672,0.92078144,0.07921856,0.00000000,0.44962285,0
313.000,-0.46760333,0.01438327,0.20687844,-0.00657096,0.00657096,-0.00657096,0.20030748,0.91690635,0.08309365,0.00000000,0.86059309,0
314.000,-0.45322100,0.01438139,0.20682425,-0.00651601,0.00651601,-0.00651601,0.20030824,0.91285807,0.08714193,0.00000000,0.51830138,0
315.000,-0.43884056,0.01437948,0.20676930,-0.00646032,0.00646032,-0.00646032,0.20030898,0.90862728,0.09137272,0.00000000,0.57376611,0
316.000,-0.42446205,0.01437754,0.20671361,-0.00640389,0.00640389,-0.00640389,0.20030972,0.90420394,0.09579606,0.00000000,0.24946538,0
317.000,-0.41008549,0.01437558,0.20665719,-0.00634676,0.00634676,-0.00634676,0.20031043,0.89957714,0.10042286,0.00000000,0.60797612,0
318.000,-0.39571090,0.01437359,0.20660006,-0.00628894,0.00628894,-0.00628894,0.20031112,0.89473508,0.10526492,0.00000000,0.74508498,0
319.000,-0.38133831,0.01437158,0.20654224,-0.00623048,0.00623048,-0.00623048,0.20031177,0.88966498,0.11033502,0.00000000,0.81659997,0
320.000,-0.36696774,0.01436954,0.20648378,-0.00617141,0.00617141,-0.00617141,0.20031237,0.88435303,0.11564697,0.00000000,0.47807075,0
321.000,-0.35259922,0.01436749,0.20642472,-0.00611180,0.00611180,-0.00611180,0.20031292,0.87878425,0.12121575,0.00000000,0.05991111,0
322.000,-0.33823276,0.01436541,0.20636511,-0.00605171,0.00605171,-0.00605171,0.20031341,0.87294249,0.12705751,0.00000000,0.54451447,0
323.000,-0.32386839,0.01436332,0.20630503,-0.00599121,0.00599121,-0.00599121,0.20031381,0.86681029,0.13318971,0.00000000,0.29710145,0
324.000,-0.30950612,0.01436122,0.20624454,-0.00593042,0.00593042,-0.00593042,0.20031412,0.86036886,0.13963114,0.00000000,0.42066847,0
325.000,-0.29514596,0.01435910,0.20618376,-0.00586943,0.00586943,-0.00586943,0.20031433,0.85359800,0.14640200,0.00000000,0.71867242,0
326.000,-0.28078792,0.01435698,0.20612278,-0.00580837,0.00580837,-0.00580837,0.20031441,0.84647604,0.15352396,0.00000000,0.64673195,0
327.000,-0.26643201,0.01435485,0.20606173,-0.00574739,0.00574739,-0.00574739,0.20031434,0.83897982,0.16102018,0.00000000,0.70618537,0
328.000,-0.25207822,0.01435273,0.20600077,-0.00568667,0.00568667,-0.00568667,0.20031410,0.83108472,0.16891528,0.00000000,0.50508140,0
329.000,-0.23772655,0.01435061,0.20594006,-0.00562638,0.00562638,-0.00562638,0.20031368,0.82276465,0.17723535,0.00000000,0.38626434,0
330.000,-0.22337700,0.01434851,0.20587979,-0.00556676,0.00556676,-0.00556676,0.20031303,0.81399215,0.18600785,0.00000000,0.72611950,0
331.000,-0.20902953,0.01434643,0.20582019,-0.00550804,0.00550804,-0.00550804,0.20031215,0.80473852,0.19526148,0.00000000,0.50188803,0
332.000,-0.19468413,0.01434439,0.20576149,-0.00545051,0.00545051,-0.00545051,0.20031099,0.79497407,0.20502593,0.00000000,0.53389508,0
333.000,-0.18034075,0.01434238,0.20570398,-0.00539446,0.00539446,-0.00539446,0.20030952,0.78466838,0.21533162,0.00000000,0.56166195,0
334.000,-0.16599936,0.01434043,0.20564797,-0.00534025,0.00534025,-0.00534025,0.20030772,0.77379076,0.22620924,0.00000000,0.83215271,0
335.000,-0.15165989,0.01433854,0.20559379,-0.00528825,0.00528825,-0.00528825,0.20030554,0.76231079,0.23768921,0.00000000,0.70623270,0
336.000,-0.13732227,0.01433673,0.20554182,-0.00523888,0.00523888,-0.00523888,0.20030295,0.75019906,0.24980094,0.00000000,0.58434243,0
337.000,-0.12298643,0.01396808,0.19510731,-0.00519259,0.00519259,0.00519259,0.20029990,0.73742802,0.26257198,0.01810741,0.00481684,1
338.000,-0.10865226,0.01396802,0.19510569,-0.00515091,0.00515091,0.00515091,0.20025661,0.72397308,0.27602692,0.00000000,0.02567547,1
339.000,-0.09468345,0.01396951,0.19514733,-0.00511313,0.00511313,0.00511313,0.20026046,0.71017986,0.28982014,0.00000000,0.36594416,1
340.000,-0.08071323,0.01397086,0.19518506,-0.00507977,0.00507977,0.00507977,0.20026484,0.69570467,0.30429533,0.00000000,0.05561784,1
341.000,-0.06674172,0.01397206,0.19521838,-0.00505140,0.00505140,0.00505140,0.20026978,0.68053897,0.31946103,0.00000000,0.62346740,1
342.000,-0.05276911,0.01397307,0.19524669,-0.00502863,0.00502863,0.00502863,0.20027532,0.66468408,0.33531592,0.00000000,0.09584660,1
343.000,-0.03879558,0.01397388,0.19526942,-0.00501207,0.00501207,0.00501207,0.20028149,0.64815130,0.35184870,0.00000000,0.34544337,1
344.000,-0.02482135,0.01397447,0.19528593,-0.00500237,0.00500237,0.00500237,0.20028830,0.63096344,0.36903656,0.00000000,0.40900308,1
345.000,-0.01084664,0.01397482,0.19529557,-0.00500020,0.00500020,0.00500020,0.20029577,0.61315629,0.38684371,0.00000000,0.20822422,1
346.000,0.00312829,0.01397490,0.19529769,-0.00500582,0.00500582,0.00500582,0.20030352,0.59477983,0.40522017,0.00000000,0.57606349,1
347.000,0.01710315,0.01397470,0.19529213,-0.00501867,0.00501867,0.00501867,0.20031080,0.57608777,0.42391223,0.00000000,0.16069134,1
348.000,0.03107768,0.01397424,0.19527933,-0.00503809,0.00503809,0.00503809,0.20031743,0.55781181,0.44218819,0.00000000,0.63278019,1
349.000,0.04505163,0.01397355,0.19525997,-0.00506345,0.00506345,0.00506345,0.20032341,0.54002562,0.45997438,0.00000000,0.84897061,1
350.000,0.05902477,0.01397264,0.19523466,-0.00509412,0.00509412,0.00509412,0.20032879,0.52278891,0.47721109,0.00000000,0.44330805,1
351.000,0.07299691,0.01397154,0.19520403,-0.00512953,0.00512953,0.00512953,0.20033357,0.50614777,0.49385223,0.00000000,0.28561685,1
352.000,0.08696786,0.01397028,0.19516867,-0.00516912,0.00516912,0.00516912,0.20033779,0.49013553,0.50986447,0.00000000,0.18622550,1
353.000,0.10093747,0.01396886,0.19512913,-0.00521237,0.00521237,0.00521237,0.20034150,0.47477390,0.52522610,0.00000000,0.99856419,1
354.000,0.11490559,0.01396732,0.19508592,-0.00525880,0.00525880,0.00525880,0.20034472,0.46007433,0.53992567,0.00000000,0.15829021,1
355.000,0.12887210,0.01396566,0.19503953,-0.00530796,0.00530796,0.00530796,0.20034749,0.44603950,0.55396050,0.00000000,0.00123907,1
356.000,0.14283690,0.01396390,0.19499040,-0.00535945,0.00535945,0.00535945,0.20034985,0.43266476,0.56733524,0.00000000,0.19224039,1
357.000,0.15679989,0.01396205,0.19493894,-0.00541288,0.00541288,0.00541288,0.20035183,0.41993949,0.58006051,0.00000000,0.35169712,1
358.000,0.17076100,0.01396014,0.19488553,-0.00546793,0.00546793,0.00546793,0.20035347,0.40784842,0.59215158,0.00000000,0.85861306,1
359.000,0.18472017,0.01395817,0.19483051,-0.00552428,0.00552428,0.00552428,0.20035479,0.39637277,0.60362723,0.00000000,0.61517463,1
360.000,0.19867734,0.01395615,0.19477419,-0.00558166,0.00558166,0.00558166,0.20035584,0.38549118,0.61450882,0.00000000,0.43491135,1
361.000,0.21263248,0.01395410,0.19471683,-0.00563981,0.00563981,0.00563981,0.20035664,0.37518063,0.62481937,0.00000000,0.53448370,1
362.000,0.22658554,0.01395201,0.19465869,-0.00569853,0.00569853,0.00569853,0.20035722,0.36541708,0.63458292,0.00000000,0.27802749,1
363.000,0.24053651,0.01394991,0.19459999,-0.00575761,0.00575761,0.00575761,0.20035760,0.35617604,0.64382396,0.00000000,0.94776511,1
364.000,0.25448536,0.01394779,0.19454093,-0.00581688,0.00581688,0.00581688,0.20035781,0.34743306,0.65256694,0.00000000,0.60068475,1
365.000,0.26843209,0.01394567,0.19448167,-0.00587618,0.00587618,0.00587618,0.20035786,0.33916403,0.66083597,0.00000000,0.57790357,1
366.000,0.28237670,0.01394354,0.19442238,-0.00593539,0.00593539,0.00593539,0.20035777,0.33134548,0.66865452,0.00000000,0.41684842,1
367.000,0.29631918,0.01394142,0.19436318,-0.00599440,0.00599440,0.00599440,0.20035757,0.32395477,0.67604523,0.00000000,0.49642945,1
368.000,0.31025954,0.01393930,0.19430418,-0.00605309,0.00605309,0.00605309,0.20035727,0.31697018,0.68302982,0.00000000,0.92197387,1
369.000,0.32419778,0.01393720,0.19424550,-0.00611139,0.00611139,0.00611139,0.20035688,0.31037107,0.68962893,0.00000000,0.23626767,1
370.000,0.33813393,0.01393511,0.19418721,-0.00616922,0.00616922,0.00616922,0.20035642,0.30413786,0.69586214,0.00000000,0.89413268,1
371.000,0.35206800,0.01393303,0.19412938,-0.00622652,0.00622652,0.00622652,0.20035590,0.29825208,0.70174792,0.00000000,0.01906448,1
372.000,0.36600000,0.01393098,0.19407208,-0.00628324,0.00628324,0.00628324,0.20035532,0.29269637,0.70730363,0.00000000,0.32901221,1
373.000,0.37992995,0.01392894,0.19401537,-0.00633934,0.00633934,0.00633934,0.20035471,0.28745443,0.71254557,0.00000000,0.10759615,1
374.000,0.39385788,0.01392693,0.19395926,-0.00639479,0.00639479,0.00639479,0.20035406,0.28251101,0.71748899,0.00000000,0.22768346,1
375.000,0.40778380,0.01392494,0.19390382,-0.00644956,0.00644956,0.00644956,0.20035338,0.27785186,0.72214814,0.00000000,0.51935828,1
376.000,0.42170775,0.01392297,0.19384905,-0.00650364,0.00650364,0.00650364,0.20035269,0.27346366,0.72653634,0.00000000,0.05924329,1
377.000,0.43562974,0.01392103,0.19379497,-0.00655700,0.00655700,0.00655700,0.20035198,0.26933401,0.73066599,0.00000000,0.18970030,1
378.000,0.44954980,0.01391911,0.19374161,-0.00660964,0.00660964,0.00660964,0.20035126,0.26545131,0.73454869,0.00000000,0.94880428,1
379.000,0.46346796,0.01391722,0.19368897,-0.00666157,0.00666157,0.00666157,0.20035053,0.26180475,0.73819525,0.00000000,0.75626671,1
380.000,0.47738424,0.01391535,0.19363705,-0.00671276,0.00671276,0.00671276,0.20034981,0.25838423,0.74161577,0.00000000,0.54621760,1
381.000,0.49129866,0.01391351,0.19358585,-0.00676324,0.00676324,0.00676324,0.20034909,0.25518034,0.74481966,0.00000000,0.89593576,1
382.000,0.50521126,0.01391170,0.19353537,-0.00681300,0.00681300,0.00681300,0.20034837,0.25218424,0.74781576,0.00000000,0.15407194,1
383.000,0.51912206,0.01390991,0.19348561,-0.00686205,0.00686205,0.00686205,0.20034767,0.24938768,0.75061232,0.00000000,0.37349238,1
384.000,0.53303108,0.01390815,0.19343656,-0.00691041,0.00691041,0.00691041,0.20034697,0.24678290,0.75321710,0.00000000,0.31901823,1
385.000,0.54693836,0.01390641,0.19338820,-0.00695808,0.00695808,0.00695808,0.20034628,0.24436259,0.75563741,0.00000000,0.08492876,1
386.000,0.56084390,0.01390469,0.19334052,-0.00700508,0.00700508,0.00700508,0.20034561,0.24211990,0.75788010,0.00000000,0.55985659,1
387.000,0.57474774,0.01390300,0.19329352,-0.00705143,0.00705143,0.00705143,0.20034495,0.24004831,0.75995169,0.00000000,0.83373596,1
388.000,0.58864991,0.01390134,0.19324718,-0.00709713,0.00709713,0.00709713,0.20034431,0.23814167,0.76185833,0.00000000,0.04328650,1
389.000,0.60255042,0.01389969,0.19320148,-0.00714220,0.00714220,0.00714220,0.20034368,0.23639412,0.76360588,0.00000000,0.71353116,1
390.000,0.61644930,0.01389807,0.19315641,-0.00718665,0.00718665,0.00718665,0.20034306,0.23480007,0.76519993,0.00000000,0.22424909,1
391.000,0.63034656,0.01389647,0.19311195,-0.00723051,0.00723051,0.00723051,0.20034246,0.23335420,0.76664580,0.00000000,0.60553425,1
392.000,0.64424224,0.01389489,0.19306809,-0.00727379,0.00727379,0.00727379,0.20034188,0.23205138,0.76794862,0.00000000,0.90948001,1
393.000,0.65813635,0.01389334,0.19302481,-0.00731650,0.00731650,0.00731650,0.20034131,0.23088667,0.76911333,0.00000000,0.35426235,1
394.000,0.67202891,0.01389180,0.19298209,-0.00735867,0.00735867,0.00735867,0.20034076,0.22985532,0.77014468,0.00000000,0.84010538,1
395.000,0.68591995,0.01389028,0.19293993,-0.00740029,0.00740029,0.00740029,0.20034022,0.22895270,0.77104730,0.00000000,0.45985640,1
396.000,0.69980948,0.01388878,0.19289831,-0.00744139,0.00744139,0.00744139,0.20033970,0.22817435,0.77182565,0.00000000,0.56379444,1
397.000,0.71369752,0.01388730,0.19285721,-0.00748198,0.00748198,0.00748198,0.20033919,0.22751590,0.77248410,0.00000000,0.76008234,1
398.000,0.72758409,0.01388584,0.19281661,-0.00752208,0.00752208,0.00752208,0.20033869,0.22697310,0.77302690,0.00000000,0.46054920,1
399.000,0.74146920,0.01388440,0.19277652,-0.00756169,0.00756169,0.00756169,0.20033821,0.22654176,0.77345824,0.00000000,0.72084396,1
400.000,0.75535288,0.01388297,0.19273690,-0.00760083,0.00760083,0.00760083,0.20033773,0.22621781,0.77378219,0.00000000,0.86851539,1
401.000,0.76923515,0.01388156,0.19269776,-0.00763951,0.00763951,0.00763951,0.20033727,0.22599722,0.77400278,0.00000000,0.09107569,1
402.000,0.78311601,0.01388017,0.19265908,-0.00767774,0.00767774,0.00767774,0.20033682,0.22587604,0.77412396,0.00000000,0.46126054,1
403.000,0.79699548,0.01387879,0.19262085,-0.00771553,0.00771553,0.00771553,0.20033638,0.22585038,0.77414962,0.00002645,0.61622529,1
404.000,0.81087359,0.01387743,0.19258306,-0.00775288,0.00775288,0.00775288,0.20033594,0.22591639,0.77408361,0.00014128,0.95531879,1
405.000,0.82475034,0.01387608,0.19254570,-0.00778982,0.00778982,0.00778982,0.20033552,0.22607028,0.77392972,0.00025131,0.83738679,1
406.000,0.83862576,0.01387475,0.19250877,-0.00782633,0.00782633,0.00782633,0.20033510,0.22630829,0.77369171,0.00035663,0.45251197,1
407.000,0.85249985,0.01387344,0.19247226,-0.00786243,0.00786243,0.00786243,0.20033469,0.22662672,0.77337328,0.00045733,0.06367263,1
408.000,0.86637263,0.01387214,0.19243615,-0.00789813,0.00789813,0.00789813,0.20033429,0.22702191,0.77297809,0.00055347,0.51729200,1
409.000,0.88024412,0.01387085,0.19240045,-0.00793343,0.00793343,0.00793343,0.20033389,0.22749023,0.77250977,0.00064513,0.73152360,1
410.000,0.89411433,0.01386958,0.19236515,-0.00796834,0.00796834,0.00796834,0.20033349,0.22802810,0.77197190,0.00073238,0.60473820,1
411.000,0.90798327,0.01386832,0.19233025,-0.00800286,0.00800286,0.00800286,0.20033310,0.22863198,0.77136802,0.00081528,0.59894825,1
412.000,0.92185097,0.01386707,0.19229573,-0.00803698,0.00803698,0.00803698,0.20033271,0.22929837,0.77070163,0.00089390,0.76000045,1
413.000,0.93571742,0.01386584,0.19226160,-0.00807073,0.00807073,0.00807073,0.20033233,0.23002382,0.76997618,0.00096829,0.26883447,1
414.000,0.94958265,0.01386463,0.19222786,-0.00810409,0.00810409,0.00810409,0.20033195,0.23080492,0.76919508,0.00103853,0.50284440,1
415.000,0.96344667,0.01386342,0.19219449,-0.00813708,0.00813708,0.00813708,0.20033157,0.23163830,0.76836170,0.00110467,0.06612590,1
416.000,0.97730950,0.01386223,0.19216151,-0.00816968,0.00816968,0.00816968,0.20033119,0.23252067,0.76747933,0.00116677,0.35925204,1
417.000,0.99117114,0.01386106,0.19212890,-0.00820191,0.00820191,0.00820191,0.20033081,0.23344877,0.76655123,0.00122490,0.52092138,1
418.000,1.00503161,0.01385989,0.19209667,-0.00823377,0.00823377,0.00823377,0.20033044,0.23441938,0.76558062,0.00127913,0.49700182,1
419.000,1.01889093,0.01385875,0.19206482,-0.00826525,0.00826525,0.00826525,0.20033006,0.23542936,0.76457064,0.00132951,0.34407081,1
420.000,1.03274910,0.01385761,0.19203334,-0.00829635,0.00829635,0.00829635,0.20032969,0.23647564,0.76352436,0.00137612,0.48244273,1
421.000,1.04660615,0.01385649,0.19200223,-0.00832708,0.00832708,0.00832708,0.20032932,0.23755518,0.76244482,0.00141903,0.82847402,1
422.000,1.06046207,0.01385538,0.19197150,-0.00835744,0.00835744,0.00835744,0.20032894,0.23866502,0.76133498,0.00145830,0.52091931,1
423.000,1.07431690,0.01385428,0.19194114,-0.00838742,0.00838742,0.00838742,0.20032857,0.23980228,0.76019772,0.00149402,0.26154490,1
424.000,1.08817064,0.01385320,0.19191116,-0.00841703,0.00841703,0.00841703,0.20032819,0.24096414,0.75903586,0.00152626,0.78738415,1
425.000,1.10202330,0.01385213,0.19188155,-0.00844626,0.00844626,0.00844626,0.20032782,0.24214785,0.75785215,0.00155509,0.63504922,1
426.000,1.11587490,0.01385108,0.19185232,-0.00847512,0.00847512,0.00847512,0.20032744,0.24335072,0.75664928,0.00158061,0.15719901,1
427.000,1.12972546,0.01385003,0.19182346,-0.00850360,0.00850360,0.00850360,0.20032707,0.24457017,0.75542983,0.00160288,0.14365936,1
428.000,1.14357497,0.01384901,0.19179498,-0.00853171,0.00853171,0.00853171,0.20032669,0.24580367,0.75419633,0.00162200,0.58195425,1
429.000,1.15742347,0.01384799,0.19176688,-0.00855943,0.00855943,0.00855943,0.20032631,0.24704878,0.75295122,0.00163806,0.13289820,1
430.000,1.17127096,0.01384699,0.19173915,-0.00858678,0.00858678,0.00858678,0.20032593,0.24830314,0.75169686,0.00165114,0.22071923,1
431.000,1.18511745,0.01384600,0.19171180,-0.00861376,0.00861376,0.00861376,0.20032556,0.24956448,0.75043552,0.00166134,0.29035546,1
432.000,1.19896296,0.01384503,0.19168483,-0.00864035,0.00864035,0.00864035,0.20032518,0.25083060,0.74916940,0.00166875,0.26997597,1
433.000,1.21280751,0.01384407,0.19165823,-0.00866657,0.00866657,0.00866657,0.20032480,0.25209939,0.74790061,0.00167346,0.20122215,1
434.000,1.22665110,0.01384312,0.19163202,-0.00869241,0.00869241,0.00869241,0.20032442,0.25336883,0.74663117,0.00167557,0.46493310,1
435.000,1.24049375,0.01384219,0.19160618,-0.00871787,0.00871787,0.00871787,0.20032405,0.25463697,0.74536303,0.00167517,0.02111602,1
436.000,1.25433548,0.01384127,0.19158072,-0.00874295,0.00874295,0.00874295,0.20032367,0.25590198,0.74409802,0.00167237,0.06115655,1
437.000,1.26817629,0.01384036,0.19155563,-0.00876766,0.00876766,0.00876766,0.20032329,0.25716207,0.74283793,0.00166727,0.78615111,1
438.000,1.28201620,0.01383947,0.19153093,-0.00879199,0.00879199,0.00879199,0.20032291,0.25841557,0.74158443,0.00165996,0.26368320,1
439.000,1.29585523,0.01383859,0.19150660,-0.00881594,0.00881594,0.00881594,0.20032254,0.25966089,0.74033911,0.00165055,0.58942980,1
440.000,1.30969338,0.01383773,0.19148265,-0.00883952,0.00883952,0.00883952,0.20032216,0.26089652,0.73910348,0.00163913,0.33194671,1
441.000,1.32353068,0.01383687,0.19145907,-0.00886272,0.00886272,0.00886272,0.20032179,0.26212103,0.73787897,0.00162581,0.73900080,1
442.000,1.33736713,0.01383604,0.19143586,-0.00888555,0.00888555,0.00888555,0.20032141,0.26333309,0.73666691,0.00161069,0.46380020,1
443.000,1.35120275,0.01383521,0.19141303,-0.00890801,0.00890801,0.00890801,0.20032104,0.26453144,0.73546856,0.00159387,0.37941570,1
444.000,1.36503755,0.01383440,0.19139057,-0.00893010,0.00893010,0.00893010,0.20032067,0.26571489,0.73428511,0.00157546,0.33517474,1
445.000,1.37887155,0.01383360,0.19136848,-0.00895182,0.00895182,0.00895182,0.20032031,0.26688237,0.73311763,0.00155554,0.51564309,1
446.000,1.39270475,0.01383281,0.19134676,-0.00897318,0.00897318,0.00897318,0.20031994,0.26803286,0.73196714,0.00153422,0.83942042,1
447.000,1.40653718,0.01383204,0.19132541,-0.00899417,0.00899417,0.00899417,0.20031957,0.26916542,0.73083458,0.00151160,0.21438798,1
448.000,1.42036884,0.01383128,0.19130442,-0.00901480,0.00901480,0.00901480,0.20031921,0.27027920,0.72972080,0.00148777,0.83212481,1
449.000,1.43419974,0.01383054,0.19128379,-0.00903507,0.00903507,0.00903507,0.20031885,0.27137340,0.72862660,0.00146284,0.80117707,1
450.000,1.44802991,0.01382981,0.19126352,-0.00905498,0.00905498,0.00905498,0.20031850,0.27244733,0.72755267,0.00143689,0.04111222,1
451.000,1.46185935,0.01382909,0.19124360,-0.00907454,0.00907454,0.00907454,0.20031814,0.27350034,0.72649966,0.00141001,0.44793378,1
452.000,1.47568808,0.01382838,0.19122404,-0.00909375,0.00909375,0.00909375,0.20031779,0.27453186,0.72546814,0.00138230,0.11309478,1
453.000,1.48951611,0.01382768,0.19120483,-0.00911261,0.00911261,0.00911261,0.20031744,0.27554140,0.72445860,0.00135384,0.61066974,1
454.000,1.50334345,0.01382700,0.19118597,-0.00913112,0.00913112,0.00913112,0.20031710,0.27652851,0.72347149,0.00132473,0.02673316,1
455.000,1.51717011,0.01382633,0.19116746,-0.00914930,0.00914930,0.00914930,0.20031676,0.27749283,0.72250717,0.00129504,0.89935743,1
456.000,1.53099611,0.01382567,0.19114928,-0.00916714,0.00916714,0.00916714,0.20031642,0.27843403,0.72156597,0.00126486,0.55330366,1
457.000,1.54482146,0.01382503,0.19113144,-0.00918464,0.00918464,0.00918464,0.20031608,0.27935187,0.72064813,0.00123426,0.24720665,1
458.000,1.55864617,0.01382440,0.19111394,-0.00920181,0.00920181,0.00920181,0.20031575,0.28024615,0.71975385,0.00120333,0.17530469,1
459.000,1.57247026,0.01382378,0.19109677,-0.00921866,0.00921866,0.00921866,0.20031543,0.28111673,0.71888327,0.00117213,0.56096900,1
460.000,1.58629372,0.01382317,0.19107992,-0.00923518,0.00923518,0.00923518,0.20031510,0.28196351,0.71803649,0.00114074,0.62769750,1
461.000,1.60011659,0.01382257,0.19106340,-0.00925139,0.00925139,0.00925139,0.20031478,0.28278645,0.71721355,0.00110923,0.53371990,1
462.000,1.61393886,0.01382198,0.19104719,-0.00926728,0.00926728,0.00926728,0.20031447,0.28358556,0.71641444,0.00107766,0.79931864,1
463.000,1.62776055,0.01382141,0.19103130,-0.00928286,0.00928286,0.00928286,0.20031416,0.28436089,0.71563911,0.00104609,0.01088981,1
464.000,1.64158168,0.01382084,0.19101572,-0.00929813,0.00929813,0.00929813,0.20031385,0.28511253,0.71488747,0.00101459,0.63986058,1
465.000,1.65540224,0.01382029,0.19100045,-0.00931310,0.00931310,0.00931310,0.20031355,0.28584061,0.71415939,0.00098321,0.94084730,1
466.000,1.66922226,0.01381975,0.19098547,-0.00932778,0.00932778,0.00932778,0.20031325,0.28654530,0.71345470,0.00095200,0.52734110,1
467.000,1.68304174,0.01381922,0.19097080,-0.00934216,0.00934216,0.00934216,0.20031296,0.28722680,0.71277320,0.00092101,0.81886232,1
468.000,1.69686070,0.01381870,0.19095642,-0.00935625,0.00935625,0.00935625,0.20031267,0.28788536,0.71211464,0.00089030,0.22811577,1
469.000,1.71067914,0.01381819,0.19094233,-0.00937006,0.00937006,0.00937006,0.20031238,0.28852124,0.71147876,0.00085991,0.64414639,1
470.000,1.72449707,0.01381769,0.19092852,-0.00938358,0.00938358,0.00938358,0.20031210,0.28913474,0.71086526,0.00082987,0.41787842,1
471.000,1.73831451,0.01381720,0.19091499,-0.00939684,0.00939684,0.00939684,0.20031183,0.28972617,0.71027383,0.00080023,0.37380812,1
472.000,1.75213147,0.01381672,0.19090174,-0.00940982,0.00940982,0.00940982,0.20031156,0.29029590,0.70970410,0.00077103,0.75403925,1
473.000,1.76594795,0.01381625,0.19088876,-0.00942253,0.00942253,0.00942253,0.20031129,0.29084429,0.70915571,0.00074229,0.40052727,1
474.000,1.77976397,0.01381579,0.19087604,-0.00943498,0.00943498,0.00943498,0.20031103,0.29137173,0.70862827,0.00071405,0.40059987,1
475.000,1.79357953,0.01381534,0.19086359,-0.00944718,0.00944718,0.00944718,0.20031077,0.29187862,0.70812138,0.00068633,0.58778661,1
476.000,1.80739465,0.01381490,0.19085140,-0.00945912,0.00945912,0.00945912,0.20031052,0.29236539,0.70763461,0.00065916,0.04588839,1
477.000,1.82120933,0.01381447,0.19083945,-0.00947081,0.00947081,0.00947081,0.20031027,0.29283249,0.70716751,0.00063256,0.53238615,1
478.000,1.83502358,0.01381404,0.19082776,-0.00948226,0.00948226,0.00948226,0.20031002,0.29328035,0.70671965,0.00060656,0.33432573,1
479.000,1.84883741,0.01381363,0.19081631,-0.00949347,0.00949347,0.00949347,0.20030978,0.29370945,0.70629055,0.00058116,0.37919586,1
480.000,1.86265083,0.01381322,0.19080510,-0.00950444,0.00950444,0.00950444,0.20030955,0.29412025,0.70587975,0.00055638,0.52442546,1
481.000,1.87646386,0.01381282,0.19079413,-0.00951519,0.00951519,0.00951519,0.20030931,0.29451323,0.70548677,0.00053223,0.17331323,1
482.000,1.89027648,0.01381244,0.19078339,-0.00952570,0.00952570,0.00952570,0.20030909,0.29488888,0.70511112,0.00050874,0.95789578,1
483.000,1.90408873,0.01381206,0.19077287,-0.00953599,0.00953599,0.00953599,0.20030886,0.29524768,0.70475232,0.00048589,0.35736059,1
484.000,1.91790059,0.01381168,0.19076258,-0.00954607,0.00954607,0.00954607,0.20030865,0.29559013,0.70440987,0.00046370,0.77666824,1
485.000,1.93171209,0.01381132,0.19075250,-0.00955593,0.00955593,0.00955593,0.20030843,0.29591672,0.70408328,0.00044218,0.66301224,1
486.000,1.94552323,0.01381096,0.19074264,-0.00956558,0.00956558,0.00956558,0.20030822,0.29622796,0.70377204,0.00042132,0.78871837,1
487.000,1.95933401,0.01381061,0.19073299,-0.00957502,0.00957502,0.00957502,0.20030801,0.29652432,0.70347568,0.00040113,0.40542636,1
488.000,1.97314445,0.01381027,0.19072355,-0.00958427,0.00958427,0.00958427,0.20030781,0.29680630,0.70319370,0.00038160,0.78452838,1
489.000,1.98695455,0.01380993,0.19071430,-0.00959331,0.00959331,0.00959331,0.20030761,0.29707440,0.70292560,0.00036274,0.54784919,1
490.000,2.00076432,0.01380961,0.19070526,-0.00960216,0.00960216,0.00960216,0.20030742,0.29732910,0.70267090,0.00034453,0.86247433,1
491.000,2.01457377,0.01380929,0.19069641,-0.00961082,0.00961082,0.00961082,0.20030723,0.29757088,0.70242912,0.00032698,0.37588638,1
492.000,2.02838290,0.01380897,0.19068775,-0.00961930,0.00961930,0.00961930,0.20030704,0.29780022,0.70219978,0.00031007,0.34231541,1
493.000,2.04219172,0.01380867,0.19067927,-0.00962759,0.00962759,0.00962759,0.20030686,0.29801759,0.70198241,0.00029380,0.33842808,1
494.000,2.05600023,0.01380837,0.19067098,-0.00963570,0.00963570,0.00963570,0.20030668,0.29822344,0.70177656,0.00027816,0.05459219,1
495.000,2.06980845,0.01380807,0.19066287,-0.00964364,0.00964364,0.00964364,0.20030651,0.29841825,0.70158175,0.00026314,0.60060030,1
496.000,2.08361637,0.01380778,0.19065493,-0.00965141,0.00965141,0.00965141,0.20030633,0.29860244,0.70139756,0.00024873,0.28399386,1
497.000,2.09742402,0.01380750,0.19064716,-0.00965901,0.00965901,0.00965901,0.20030617,0.29877646,0.70122354,0.00023491,0.55714506,1
498.000,2.11123138,0.01380723,0.19063956,-0.00966644,0.00966644,0.00966644,0.20030600,0.29894075,0.70105925,0.00022169,0.28616645,1
499.000,2.12503847,0.01380696,0.19063212,-0.00967372,0.00967372,0.00967372,0.20030584,0.29909572,0.70090428,0.00020903,0.70001673,1
500.000,2.13884530,0.01380670,0.19062485,-0.00968083,0.00968083,0.00968083,0.20030568,0.29924177,0.70075823,0.00019693,0.29403846,1
501.000,2.15265187,0.01380644,0.19061773,-0.00968779,0.00968779,0.00968779,0.20030553,0.29937932,0.70062068,0.00018538,0.24082562,1
502.000,2.16645818,0.01380619,0.19061077,-0.00969461,0.00969461,0.00969461,0.20030538,0.29950874,0.70049126,0.00017436,0.43275504,1
503.000,2.18026424,0.01380594,0.19060396,-0.00970127,0.00970127,0.00970127,0.20030523,0.29963042,0.70036958,0.00016386,0.00526063,1
504.000,2.19407006,0.01380570,0.19059730,-0.00970779,0.00970779,0.00970779,0.20030508,0.29974472,0.70025528,0.00015385,0.01167653,1
505.000,2.20787563,0.01380546,0.19059078,-0.00971416,0.00971416,0.00971416,0.20030494,0.29985201,0.70014799,0.00014434,0.80731610,1
506.000,2.22168098,0.01380523,0.19058440,-0.00972040,0.00972040,0.00972040,0.20030480,0.29995261,0.70004739,0.00013529,0.26553522,1
507.000,2.23548610,0.01380500,0.19057816,-0.00972650,0.00972650,0.00972650,0.20030467,0.30004688,0.69995312,0.00012670,0.14472069,1
508.000,2.24929099,0.01380478,0.19057206,-0.00973247,0.00973247,0.00973247,0.20030453,0.30013513,0.69986487,0.00011855,0.64002673,1
509.000,2.26309566,0.01380457,0.19056609,-0.00973831,0.00973831,0.00973831,0.20030440,0.30021767,0.69978233,0.00011082,0.07156362,1
510.000,2.27690012,0.01380436,0.19056025,-0.00974403,0.00974403,0.00974403,0.20030428,0.30029480,0.69970520,0.00010351,0.95163291,1
511.000,2.29070438,0.01380415,0.19055454,-0.00974961,0.00974961,0.00974961,0.20030415,0.30036682,0.69963318,0.00009659,0.56855492,1
512.000,2.30450842,0.01380395,0.19054895,-0.00975508,0.00975508,0.00975508,0.20030403,0.30043399,0.69956601,0.00009004,0.13017375,1
513.000,2.31831227,0.01380375,0.19054348,-0.00976043,0.00976043,0.00976043,0.20030391,0.30049660,0.69950340,0.00008386,0.09260287,1
514.000,2.33211592,0.01380356,0.19053813,-0.00976566,0.00976566,0.00976566,0.20030379,0.30055488,0.69944512,0.00007803,0.25617787,1
515.000,2.34591938,0.01380337,0.19053290,-0.00977078,0.00977078,0.00977078,0.20030368,0.30060909,0.69939091,0.00007254,0.61597578,1
516.000,2.35972265,0.01380318,0.19052779,-0.00977578,0.00977578,0.00977578,0.20030357,0.30065947,0.69934053,0.00006737,0.97507798,1
517.000,2.37352574,0.01380300,0.19052278,-0.00978068,0.00978068,0.00978068,0.20030346,0.30070624,0.69929376,0.00006250,0.42204907,1
518.000,2.38732865,0.01380282,0.19051789,-0.00978547,0.00978547,0.00978547,0.20030335,0.30074961,0.69925039,0.00005792,0.67223515,1
519.000,2.40113138,0.01380265,0.19051310,-0.00979015,0.00979015,0.00979015,0.20030325,0.30078979,0.69921021,0.00005362,0.04872392,1
520.000,2.41493395,0.01380248,0.19050841,-0.00979473,0.00979473,0.00979473,0.20030314,0.30082697,0.69917303,0.00004959,0.70018574,1
521.000,2.42873634,0.01380231,0.19050383,-0.00979921,0.00979921,0.00979921,0.20030304,0.30086134,0.69913866,0.00004582,0.05025506,1
522.000,2.44253857,0.01380215,0.19049935,-0.00980360,0.00980360,0.00980360,0.20030295,0.30089309,0.69910691,0.00004228,0.94586261,1
523.000,2.45634064,0.01380199,0.19049496,-0.00980789,0.00980789,0.00980789,0.20030285,0.30092237,0.69907763,0.00003897,0.28750931,1
524.000,2.47014255,0.01380184,0.19049067,-0.00981208,0.00981208,0.00981208,0.20030276,0.30094935,0.69905065,0.00003588,0.19379491,1
525.000,2.48394431,0.01380168,0.19048648,-0.00981619,0.00981619,0.00981619,0.20030266,0.30097418,0.69902582,0.00003299,0.92224832,1
526.000,2.49774592,0.01380154,0.19048237,-0.00982020,0.00982020,0.00982020,0.20030257,0.30099700,0.69900300,0.00003030,0.97350323,1
527.000,2.51154738,0.01380139,0.19047836,-0.00982413,0.00982413,0.00982413,0.20030249,0.30101795,0.69898205,0.00002779,0.70586672,1
528.000,2.52534870,0.01380125,0.19047443,-0.00982797,0.00982797,0.00982797,0.20030240,0.30103715,0.69896285,0.00002546,0.05158176,1
529.000,2.53914988,0.01380111,0.19047059,-0.00983172,0.00983172,0.00983172,0.20030232,0.30105474,0.69894526,0.00002329,0.72797859,1
530.000,2.55295092,0.01380097,0.19046684,-0.00983540,0.00983540,0.00983540,0.20030223,0.30107082,0.69892918,0.00002128,0.42321498,1
531.000,2.56675182,0.01380084,0.19046316,-0.00983899,0.00983899,0.00983899,0.20030215,0.30108550,0.69891450,0.00001941,0.25723180,1
532.000,2.58055260,0.01380071,0.19045957,-0.00984251,0.00984251,0.00984251,0.20030208,0.30109889,0.69890111,0.00001768,0.11731217,1
533.000,2.59435324,0.01380058,0.19045605,-0.00984595,0.00984595,0.00984595,0.20030200,0.30111107,0.69888893,0.00001608,0.92841623,1
534.000,2.60815376,0.01380046,0.19045261,-0.00984931,0.00984931,0.00984931,0.20030192,0.30112215,0.69887785,0.00001460,0.09771776,1
535.000,2.62195415,0.01380034,0.19044925,-0.00985260,0.00985260,0.00985260,0.20030185,0.30113219,0.69886781,0.00001323,0.49629774,1
536.000,2.63575443,0.01380022,0.19044596,-0.00985582,0.00985582,0.00985582,0.20030178,0.30114130,0.69885870,0.00001197,0.19370077,1
537.000,2.64955459,0.01380010,0.19044274,-0.00985897,0.00985897,0.00985897,0.20030171,0.30114952,0.69885048,0.00001081,0.70287804,1
538.000,2.66335463,0.01379999,0.19043959,-0.00986205,0.00986205,0.00986205,0.20030164,0.30115695,0.69884305,0.00000974,0.88972096,1
539.000,2.67715456,0.01379987,0.19043651,-0.00986506,0.00986506,0.00986506,0.20030157,0.30116363,0.69883637,0.00000876,0.35424083,1
540.000,2.69095437,0.01379976,0.19043350,-0.00986801,0.00986801,0.00986801,0.20030151,0.30116964,0.69883036,0.00000786,0.36753789,1
541.000,2.70475409,0.01379966,0.19043055,-0.00987089,0.00987089,0.00987089,0.20030144,0.30117503,0.69882497,0.00000704,0.67438443,1
542.000,2.71855369,0.01379955,0.19042767,-0.00987371,0.00987371,0.00987371,0.20030138,0.30117984,0.69882016,0.00000628,0.25071499,1
543.000,2.73235319,0.01379945,0.19042485,-0.00987647,0.00987647,0.00987647,0.20030132,0.30118414,0.69881586,0.00000560,0.38307756,1
544.000,2.74615259,0.01379935,0.19042209,-0.00987917,0.00987917,0.00987917,0.20030126,0.30118795,0.69881205,0.00000497,0.34886189,1
545.000,2.75995189,0.01379925,0.19041939,-0.00988180,0.00988180,0.00988180,0.20030120,0.30119134,0.69880866,0.00000440,0.71092134,1
546.000,2.77375110,0.01379916,0.19041675,-0.00988439,0.00988439,0.00988439,0.20030114,0.30119433,0.69880567,0.00000388,0.42386768,1
547.000,2.78755021,0.01379906,0.19041417,-0.00988691,0.00988691,0.00988691,0.20030108,0.30119696,0.69880304,0.00000340,0.39074423,1
548.000,2.80134923,0.01379897,0.19041165,-0.00988938,0.00988938,0.00988938,0.20030103,0.30119927,0.69880073,0.00000298,0.25632353,1
549.000,2.81514815,0.01379888,0.19040918,-0.00989180,0.00989180,0.00989180,0.20030097,0.30120128,0.69879872,0.00000259,0.39336207,1
550.000,2.82894699,0.01379880,0.19040676,-0.00989416,0.00989416,0.00989416,0.20030092,0.30120303,0.69879697,0.00000224,0.49140411,1
551.000,2.84274575,0.01379871,0.19040440,-0.00989647,0.00989647,0.00989647,0.20030087,0.30120454,0.69879546,0.00000193,0.02006758,1
552.000,2.85654441,0.01379863,0.19040209,-0.00989873,0.00989873,0.00989873,0.20030082,0.30120583,0.69879417,0.00000164,0.07488056,1
553.000,2.87034300,0.01379854,0.19039983,-0.00990094,0.00990094,0.00990094,0.20030077,0.30120693,0.69879307,0.00000139,0.96512059,1
554.000,2.88414150,0.01379846,0.19039762,-0.00990310,0.00990310,0.00990310,0.20030072,0.30120786,0.69879214,0.00000117,0.50102789,1
555.000,2.89793993,0.01379839,0.19039545,-0.00990522,0.00990522,0.00990522,0.20030067,0.30120863,0.69879137,0.00000096,0.86181383,1
556.000,2.91173827,0.01379831,0.19039334,-0.00990729,0.00990729,0.00990729,0.20030063,0.30120926,0.69879074,0.00000079,0.56403779,1
557.000,2.92553655,0.01379823,0.19039127,-0.00990931,0.00990931,0.00990931,0.20030058,0.30120977,0.69879023,0.00000063,0.55209623,1
558.000,2.93933474,0.01379816,0.19038924,-0.00991129,0.00991129,0.00991129,0.20030054,0.30121017,0.69878983,0.00000049,0.35959908,1
559.000,2.95313287,0.01379809,0.19038726,-0.00991323,0.00991323,0.00991323,0.20030049,0.30121048,0.69878952,0.00000036,0.99415706,1
560.000,2.96693092,0.01379802,0.19038533,-0.00991513,0.00991513,0.00991513,0.20030045,0.30121071,0.69878929,0.00000026,0.68101778,1
561.000,2.98072890,0.01379795,0.19038343,-0.00991698,0.00991698,0.00991698,0.20030041,0.30121086,0.69878914,0.00000016,0.61316852,1
562.000,2.99452682,0.01379788,0.19038158,-0.00991879,0.00991879,0.00991879,0.20030037,0.30121094,0.69878906,0.00000008,0.64226305,1
563.000,3.00832467,0.01379782,0.19037977,-0.00992056,0.00992056,0.00992056,0.20030033,0.30121098,0.69878902,0.00000001,0.87813965,1
564.000,3.02212246,0.01379775,0.19037799,-0.00992230,0.00992230,0.00992230,0.20030029,0.30121096,0.69878904,0.00000000,0.24369111,1
565.000,3.03592018,0.01379769,0.19037626,-0.00992400,0.00992400,0.00992400,0.20030025,0.30121090,0.69878910,0.00000000,0.37292452,1
566.000,3.04971784,0.01379763,0.19037456,-0.00992566,0.00992566,0.00992566,0.20030022,0.30121082,0.69878918,0.00000000,0.79445143,1
567.000,3.06351543,0.01379757,0.19037290,-0.00992728,0.00992728,0.00992728,0.20030018,0.30121070,0.69878930,0.00000000,0.66428862,1
568.000,3.07731297,0.01379751,0.19037128,-0.00992887,0.00992887,0.00992887,0.20030014,0.30121056,0.69878944,0.00000000,0.15472213,1
569.000,3.09111045,0.01379745,0.19036969,-0.00993042,0.00993042,0.00993042,0.20030011,0.30121040,0.69878960,0.00000000,0.68474222,1
570.000,3.10490788,0.01379740,0.19036814,-0.00993194,0.00993194,0.00993194,0.20030008,0.30121022,0.69878978,0.00000000,0.86199502,1
571.000,3.11870525,0.01379734,0.19036662,-0.00993342,0.00993342,0.00993342,0.20030004,0.30121003,0.69878997,0.00000000,0.98437742,1
572.000,3.13250256,0.01379729,0.19036513,-0.00993488,0.00993488,0.00993488,0.20030001,0.30120984,0.69879016,0.00000000,0.47559473,1
573.000,3.14629982,0.01379723,0.19036368,-0.00993630,0.00993630,0.00993630,0.20029998,0.30120964,0.69879036,0.00000000,0.00888276,1
574.000,3.16009703,0.01379718,0.19036226,-0.00993769,0.00993769,0.00993769,0.20029995,0.30120943,0.69879057,0.00000000,0.98493282,1
575.000,3.17389419,0.01379713,0.19036086,-0.00993905,0.00993905,0.00993905,0.20029992,0.30120922,0.69879078,0.00000000,0.22160961,1
576.000,3.18769129,0.01379708,0.19035950,-0.00994038,0.00994038,0.00994038,0.20029989,0.30120902,0.69879098,0.00000000,0.04483661,1
577.000,3.20148835,0.01379703,0.19035817,-0.00994168,0.00994168,0.00994168,0.20029986,0.30120881,0.69879119,0.00000000,0.06396907,1
578.000,3.21528536,0.01379699,0.19035687,-0.00994296,0.00994296,0.00994296,0.20029983,0.30120861,0.69879139,0.00000000,0.39126547,1
579.000,3.22908233,0.01379694,0.19035560,-0.00994420,0.00994420,0.00994420,0.20029980,0.30120841,0.69879159,0.00000000,0.98684600,1
580.000,3.24287925,0.01379690,0.19035435,-0.00994542,0.00994542,0.00994542,0.20029977,0.30120821,0.69879179,0.00000000,0.41117461,1
581.000,3.25667612,0.01379685,0.19035313,-0.00994661,0.00994661,0.00994661,0.20029975,0.30120803,0.69879197,0.00000000,0.25959128,1
582.000,3.27047295,0.01379681,0.19035194,-0.00994778,0.00994778,0.00994778,0.20029972,0.30120784,0.69879216,0.00000000,0.52072719,1
583.000,3.28426974,0.01379677,0.19035078,-0.00994892,0.00994892,0.00994892,0.20029970,0.30120767,0.69879233,0.00000000,0.76141361,1
584.000,3.29806649,0.01379673,0.19034964,-0.00995003,0.00995003,0.00995003,0.20029967,0.30120750,0.69879250,0.00000000,0.38633812,1
585.000,3.31186319,0.01379669,0.19034852,-0.00995112,0.00995112,0.00995112,0.20029965,0.30120733,0.69879267,0.00000000,0.44620404,1
586.000,3.32565986,0.01379665,0.19034743,-0.00995219,0.00995219,0.00995219,0.20029962,0.30120718,0.69879282,0.00000000,0.82621128,1
587.000,3.33945648,0.01379661,0.19034636,-0.00995323,0.00995323,0.00995323,0.20029960,0.30120703,0.69879297,0.00000000,0.36630286,1
588.000,3.35325307,0.01379657,0.19034532,-0.00995426,0.00995426,0.00995426,0.20029958,0.30120689,0.69879311,0.00000000,0.48741781,1
589.000,3.36704962,0.01379653,0.19034430,-0.00995525,0.00995525,0.00995525,0.20029955,0.30120675,0.69879325,0.00000000,0.26481629,1
590.000,3.38084613,0.01379650,0.19034330,-0.00995623,0.00995623,0.00995623,0.20029953,0.30120662,0.69879338,0.00000000,0.29737799,1
591.000,3.39464261,0.01379646,0.19034232,-0.00995719,0.00995719,0.00995719,0.20029951,0.30120650,0.69879350,0.00000000,0.35972478,1
592.000,3.40843906,0.01379643,0.19034137,-0.00995812,0.00995812,0.00995812,0.20029949,0.30120639,0.69879361,0.00000000,0.30128531,1
593.000,3.42223546,0.01379639,0.19034043,-0.00995904,0.00995904,0.00995904,0.20029947,0.30120628,0.69879372,0.00000000,0.29927414,1
594.000,3.43603184,0.01379636,0.19033952,-0.00995993,0.00995993,0.00995993,0.20029945,0.30120618,0.69879382,0.00000000,0.39684457,1
595.000,3.44982818,0.01379633,0.19033862,-0.00996081,0.00996081,0.00996081,0.20029943,0.30120608,0.69879392,0.00000000,0.75509070,1
596.000,3.46362449,0.01379629,0.19033775,-0.00996166,0.00996166,0.00996166,0.20029941,0.30120600,0.69879400,0.00000000,0.35108148,1
597.000,3.47742077,0.01379626,0.19033689,-0.00996250,0.00996250,0.00996250,0.20029939,0.30120591,0.69879409,0.00000000,0.75522539,1
598.000,3.49121702,0.01379623,0.19033606,-0.00996332,0.00996332,0.00996332,0.20029937,0.30120583,0.69879417,0.00000000,0.98085551,1
599.000,3.50501324,0.01379620,0.19033524,-0.00996412,0.00996412,0.00996412,0.20029936,0.30120576,0.69879424,0.00000000,0.00785615,1
600.000,3.51880943,0.01379617,0.19033444,-0.00996490,0.00996490,0.00996490,0.20029934,0.30120569,0.69879431,0.00000000,0.00420665,1
601.000,3.53260559,0.01379615,0.19033365,-0.00996567,0.00996567,0.00996567,0.20029932,0.30120563,0.69879437,0.00000000,0.94117863,1
602.000,3.54640172,0.01379612,0.19033289,-0.00996642,0.00996642,0.00996642,0.20029930,0.30120557,0.69879443,0.00000000,0.48262737,1
603.000,3.56019782,0.01379609,0.19033214,-0.00996715,0.00996715,0.00996715,0.20029929,0.30120552,0.69879448,0.00000000,0.45030087,1
604.000,3.57399390,0.01379606,0.19033140,-0.00996787,0.00996787,0.00996787,0.20029927,0.30120546,0.69879454,0.00000000,0.87826735,1
605.000,3.58778995,0.01379604,0.19033069,-0.00996857,0.00996857,0.00996857,0.20029926,0.30120542,0.69879458,0.00000000,0.25118075,1
606.000,3.60158598,0.01379601,0.19032999,-0.00996925,0.00996925,0.00996925,0.20029924,0.30120537,0.69879463,0.00000000,0.34194287,1
607.000,3.61538198,0.01379599,0.19032930,-0.00996993,0.00996993,0.00996993,0.20029923,0.30120533,0.69879467,0.00000000,0.18067463,1
608.000,3.62917796,0.01379596,0.19032863,-0.00997058,0.00997058,0.00997058,0.20029921,0.30120530,0.69879470,0.00000000,0.75829704,1
609.000,3.64297391,0.01379594,0.19032797,-0.00997122,0.00997122,0.00997122,0.20029920,0.30120526,0.69879474,0.00000000,0.01721699,1
610.000,3.65676984,0.01379592,0.19032733,-0.00997185,0.00997185,0.00997185,0.20029918,0.30120523,0.69879477,0.00000000,0.17650449,1
611.000,3.67056574,0.01379589,0.19032670,-0.00997247,0.00997247,0.00997247,0.20029917,0.30120520,0.69879480,0.00000000,0.42271343,1
612.000,3.68436163,0.01379587,0.19032609,-0.00997307,0.00997307,0.00997307,0.20029916,0.30120517,0.69879483,0.00000000,0.68936480,1
613.000,3.69815749,0.01379585,0.19032549,-0.00997366,0.00997366,0.00997366,0.20029914,0.30120515,0.69879485,0.00000000,0.21259053,1
614.000,3.71195333,0.01379583,0.19032490,-0.00997423,0.00997423,0.00997423,0.20029913,0.30120513,0.69879487,0.00000000,0.83493501,1
615.000,3.72574915,0.01379581,0.19032432,-0.00997479,0.00997479,0.00997479,0.20029912,0.30120510,0.69879490,0.00000000,0.31387578,1
616.000,3.73954494,0.01379579,0.19032376,-0.00997534,0.00997534,0.00997534,0.20029910,0.30120509,0.69879491,0.00000000,0.19628617,1
617.000,3.75334072,0.01379577,0.19032321,-0.00997588,0.00997588,0.00997588,0.20029909,0.30120507,0.69879493,0.00000000,0.33984327,1
618.000,3.76713648,0.01379575,0.19032267,-0.00997641,0.00997641,0.00997641,0.20029908,0.30120505,0.69879495,0.00000000,0.15101385,1
619.000,3.78093222,0.01379573,0.19032214,-0.00997692,0.00997692,0.00997692,0.20029907,0.30120504,0.69879496,0.00000000,0.84672718,1
620.000,3.79472794,0.01379571,0.19032163,-0.00997743,0.00997743,0.00997743,0.20029906,0.30120502,0.69879498,0.00000000,0.33136209,1
621.000,3.80852364,0.01379569,0.19032113,-0.00997792,0.00997792,0.00997792,0.20029905,0.30120501,0.69879499,0.00000000,0.26596002,1
622.000,3.82231932,0.01379567,0.19032063,-0.00997840,0.00997840,0.00997840,0.20029904,0.30120500,0.69879500,0.00000000,0.06692206,1
623.000,3.83611499,0.01379566,0.19032015,-0.00997887,0.00997887,0.00997887,0.20029903,0.30120499,0.69879501,0.00000000,0.32271890,1
624.000,3.84991064,0.01379564,0.19031968,-0.00997934,0.00997934,0.00997934,0.20029902,0.30120498,0.69879502,0.00000000,0.95943719,1
625.000,3.86370627,0.01379562,0.19031922,-0.00997979,0.00997979,0.00997979,0.20029901,0.30120497,0.69879503,0.00000000,0.37328179,1
626.000,3.87750188,0.01379561,0.19031877,-0.00998023,0.00998023,0.00998023,0.20029900,0.30120497,0.69879503,0.00000000,0.15180599,1
627.000,3.89129748,0.01379559,0.19031833,-0.00998066,0.00998066,0.00998066,0.20029899,0.30120496,0.69879504,0.00000000,0.80771193,1
628.000,3.90509306,0.01379558,0.19031789,-0.00998108,0.00998108,0.00998108,0.20029898,0.30120495,0.69879505,0.00000000,0.37187803,1
629.000,3.91888863,0.01379556,0.19031747,-0.00998149,0.00998149,0.00998149,0.20029897,0.30120495,0.69879505,0.00000000,0.69005009,1
630.000,3.93268418,0.01379554,0.19031706,-0.00998190,0.00998190,0.00998190,0.20029896,0.30120494,0.69879506,0.00000000,0.74701931,1
631.000,3.94647972,0.01379553,0.19031666,-0.00998229,0.00998229,0.00998229,0.20029895,0.30120494,0.69879506,0.00000000,0.05565403,1
632.000,3.96027524,0.01379552,0.19031626,-0.00998268,0.00998268,0.00998268,0.20029894,0.30120493,0.69879507,0.00000000,0.63263372,1
633.000,3.97407075,0.01379550,0.19031587,-0.00998306,0.00998306,0.00998306,0.20029893,0.30120493,0.69879507,0.00000000,0.12681670,1
634.000,3.98786625,0.01379549,0.19031550,-0.00998343,0.00998343,0.00998343,0.20029892,0.30120493,0.69879507,0.00000000,0.64801096,1
635.000,4.00166173,0.01379547,0.19031513,-0.00998379,0.00998379,0.00998379,0.20029892,0.30120492,0.69879508,0.00000000,0.60801626,1
636.000,4.01545720,0.01379546,0.19031476,-0.00998414,0.00998414,0.00998414,0.20029891,0.30120492,0.69879508,0.00000000,0.26765417,1
637.000,4.02925265,0.01379545,0.19031441,-0.00998449,0.00998449,0.00998449,0.20029890,0.30120492,0.69879508,0.00000000,0.89222978,1
638.000,4.04304810,0.01379544,0.19031406,-0.00998483,0.00998483,0.00998483,0.20029889,0.30120491,0.69879509,0.00000000,0.42536562,1
639.000,4.05684353,0.01379542,0.19031372,-0.00998516,0.00998516,0.00998516,0.20029889,0.30120491,0.69879509,0.00000000,0.75348062,1
640.000,4.07063894,0.01379541,0.19031339,-0.00998548,0.00998548,0.00998548,0.20029888,0.30120491,0.69879509,0.00000000,0.41772144,1
641.000,4.08443435,0.01379540,0.19031307,-0.00998580,0.00998580,0.00998580,0.20029887,0.30120491,0.69879509,0.00000000,0.15202606,1
642.000,4.09822974,0.01379539,0.19031275,-0.00998611,0.00998611,0.00998611,0.20029886,0.30120491,0.69879509,0.00000000,0.92519925,1
643.000,4.11202513,0.01379538,0.19031244,-0.00998641,0.00998641,0.00998641,0.20029886,0.30120491,0.69879509,0.00000000,0.78004601,1
644.000,4.12582050,0.01379537,0.19031214,-0.00998671,0.00998671,0.00998671,0.20029885,0.30120491,0.69879509,0.00000000,0.04324406,1
645.000,4.13961586,0.01379536,0.19031184,-0.00998700,0.00998700,0.00998700,0.20029884,0.30120490,0.69879510,0.00000000,0.83947592,1
646.000,4.15341121,0.01379535,0.19031155,-0.00998728,0.00998728,0.00998728,0.20029884,0.30120490,0.69879510,0.00000000,0.12317478,1
647.000,4.16720655,0.01379534,0.19031127,-0.00998756,0.00998756,0.00998756,0.20029883,0.30120490,0.69879510,0.00000000,0.63890428,1
648.000,4.18100188,0.01379532,0.19031099,-0.00998783,0.00998783,0.00998783,0.20029883,0.30120490,0.69879510,0.00000000,0.75351049,1
649.000,4.19479720,0.01379532,0.19031072,-0.00998810,0.00998810,0.00998810,0.20029882,0.30120490,0.69879510,0.00000000,0.79406740,1
650.000,4.20859251,0.01379531,0.19031045,-0.00998836,0.00998836,0.00998836,0.20029881,0.30120490,0.69879510,0.00000000,0.73105053,1
651.000,4.22238781,0.01379530,0.19031019,-0.00998861,0.00998861,0.00998861,0.20029881,0.30120490,0.69879510,0.00000000,0.96376435,1
652.000,4.23618310,0.01379529,0.19030994,-0.00998886,0.00998886,0.00998886,0.20029880,0.30120490,0.69879510,0.00000000,0.63053923,1
653.000,4.24997839,0.01379528,0.19030969,-0.00998911,0.00998911,0.00998911,0.20029880,0.30120490,0.69879510,0.00000000,0.31533366,1
654.000,4.26377366,0.01379527,0.19030945,-0.00998934,0.00998934,0.00998934,0.20029879,0.30120490,0.69879510,0.00000000,0.70553296,1
655.000,4.27756892,0.01379526,0.19030921,-0.00998958,0.00998958,0.00998958,0.20029879,0.30120490,0.69879510,0.00000000,0.14604915,1
656.000,4.29136418,0.01379525,0.19030898,-0.00998980,0.00998980,0.00998980,0.20029878,0.30120490,0.69879510,0.00000000,0.82309363,1
657.000,4.30515943,0.01379524,0.19030875,-0.00999003,0.00999003,0.00999003,0.20029878,0.30120490,0.69879510,0.00000000,0.36881123,1
658.000,4.31895467,0.01379524,0.19030853,-0.00999024,0.00999024,0.00999024,0.20029877,0.30120490,0.69879510,0.00000000,0.78016229,1
659.000,4.33274990,0.01379523,0.19030831,-0.00999046,0.00999046,0.00999046,0.20029877,0.30120490,0.69879510,0.00000000,0.66378467,1
660.000,4.34654512,0.01379522,0.19030810,-0.00999066,0.00999066,0.00999066,0.20029876,0.30120490,0.69879510,0.00000000,0.77250729,1
661.000,4.36034034,0.01379521,0.19030789,-0.00999087,0.00999087,0.00999087,0.20029876,0.30120490,0.69879510,0.00000000,0.20068174,1
662.000,4.37413555,0.01379521,0.19030769,-0.00999107,0.00999107,0.00999107,0.20029875,0.30120490,0.69879510,0.00000000,0.34974466,1
663.000,4.38793075,0.01379520,0.19030749,-0.00999126,0.00999126,0.00999126,0.20029875,0.30120490,0.69879510,0.00000000,0.41310759,1
664.000,4.40172594,0.01379519,0.19030729,-0.00999145,0.00999145,0.00999145,0.20029874,0.30120490,0.69879510,0.00000000,0.08970287,1
665.000,4.41552113,0.01379518,0.19030710,-0.00999164,0.00999164,0.00999164,0.20029874,0.30120490,0.69879510,0.00000000,0.30388913,1
666.000,4.42931631,0.01379518,0.19030691,-0.00999182,0.00999182,0.00999182,0.20029874,0.30120490,0.69879510,0.00000000,0.58459025,1
667.000,4.44311149,0.01379517,0.19030673,-0.00999200,0.00999200,0.00999200,0.20029873,0.30120490,0.69879510,0.00000000,0.01385109,1
668.000,4.45690665,0.01379516,0.19030655,-0.00999218,0.00999218,0.00999218,0.20029873,0.30120490,0.69879510,0.00000000,0.79499227,1
669.000,4.47070181,0.01379516,0.19030638,-0.00999235,0.00999235,0.00999235,0.20029872,0.30120490,0.69879510,0.00000000,0.99735127,1
670.000,4.48449697,0.01379515,0.19030621,-0.00999251,0.00999251,0.00999251,0.20029872,0.30120490,0.69879510,0.00000000,0.27555666,1
671.000,4.49829212,0.01379515,0.19030604,-0.00999268,0.00999268,0.00999268,0.20029872,0.30120490,0.69879510,0.00000000,0.20649740,1
672.000,4.51208726,0.01379514,0.19030588,-0.00999284,0.00999284,0.00999284,0.20029871,0.30120490,0.69879510,0.00000000,0.35723635,1
673.000,4.52588240,0.01379513,0.19030572,-0.00999299,0.00999299,0.00999299,0.20029871,0.30120490,0.69879510,0.00000000,0.24441943,1
674.000,4.53967753,0.01379513,0.19030556,-0.00999315,0.00999315,0.00999315,0.20029871,0.30120490,0.69879510,0.00000000,0.62139197,1
675.000,4.55347265,0.01379512,0.19030541,-0.00999330,0.00999330,0.00999330,0.20029870,0.30120490,0.69879510,0.00000000,0.92182937,1
676.000,4.56726777,0.01379512,0.19030526,-0.00999344,0.00999344,0.00999344,0.20029870,0.30120490,0.69879510,0.00000000,0.59341093,1
677.000,4.58106289,0.01379511,0.19030511,-0.00999359,0.00999359,0.00999359,0.20029870,0.30120490,0.69879510,0.00000000,0.60984492,1
678.000,4.59485800,0.01379511,0.19030497,-0.00999373,0.00999373,0.00999373,0.20029869,0.30120490,0.69879510,0.00000000,0.74804980,1
679.000,4.60865310,0.01379510,0.19030483,-0.00999386,0.00999386,0.00999386,0.20029869,0.30120490,0.69879510,0.00000000,0.21013082,1
680.000,4.62244820,0.01379510,0.19030469,-0.00999400,0.00999400,0.00999400,0.20029869,0.30120490,0.69879510,0.00000000,0.44788752,1
681.000,4.63624329,0.01379509,0.19030456,-0.00999413,0.00999413,0.00999413,0.20029868,0.30120490,0.69879510,0.00000000,0.14248670,1
682.000,4.65003838,0.01379509,0.19030443,-0.00999426,0.00999426,0.00999426,0.20029868,0.30120490,0.69879510,0.00000000,0.00194970,1
683.000,4.66383347,0.01379508,0.19030430,-0.00999438,0.00999438,0.00999438,0.20029868,0.30120490,0.69879510,0.00000000,0.23343396,1
684.000,4.67762855,0.01379508,0.19030417,-0.00999450,0.00999450,0.00999450,0.20029868,0.30120490,0.69879510,0.00000000,0.43464609,1
685.000,4.69142362,0.01379507,0.19030405,-0.00999462,0.00999462,0.00999462,0.20029867,0.30120490,0.69879510,0.00000000,0.81999656,1
686.000,4.70521870,0.01379507,0.19030393,-0.00999474,0.00999474,0.00999474,0.20029867,0.30120490,0.69879510,0.00000000,0.77101169,1
687.000,4.71901376,0.01379506,0.19030381,-0.00999486,0.00999486,0.00999486,0.20029867,0.30120490,0.69879510,0.00000000,0.39236197,1
688.000,4.73280882,0.01379506,0.19030370,-0.00999497,0.00999497,0.00999497,0.20029867,0.30120490,0.69879510,0.00000000,0.28598030,1
689.000,4.74660388,0.01379506,0.19030359,-0.00999508,0.00999508,0.00999508,0.20029866,0.30120490,0.69879510,0.00000000,0.63364967,1
690.000,4.76039894,0.01379505,0.19030348,-0.00999519,0.00999519,0.00999519,0.20029866,0.30120490,0.69879510,0.00000000,0.97289989,1
691.000,4.77419399,0.01379505,0.19030337,-0.00999529,0.00999529,0.00999529,0.20029866,0.30120490,0.69879510,0.00000000,0.10311387,1
692.000,4.78798904,0.01379504,0.19030326,-0.00999539,0.00999539,0.00999539,0.20029866,0.30120490,0.69879510,0.00000000,0.60439612,1
693.000,4.80178408,0.01379504,0.19030316,-0.00999549,0.00999549,0.00999549,0.20029865,0.30120490,0.69879510,0.00000000,0.21130564,1
694.000,4.81557912,0.01379504,0.19030306,-0.00999559,0.00999559,0.00999559,0.20029865,0.30120490,0.69879510,0.00000000,0.12629508,1
695.000,4.82937415,0.01379503,0.19030296,-0.00999569,0.00999569,0.00999569,0.20029865,0.30120490,0.69879510,0.00000000,0.27039453,1
696.000,4.84316919,0.01379503,0.19030286,-0.00999578,0.00999578,0.00999578,0.20029865,0.30120490,0.69879510,0.00000000,0.08686467,1
697.000,4.85696421,0.01379503,0.19030277,-0.00999587,0.00999587,0.00999587,0.20029865,0.30120490,0.69879510,0.00000000,0.47969758,1
698.000,4.87075924,0.01379502,0.19030268,-0.00999596,0.00999596,0.00999596,0.20029864,0.30120490,0.69879510,0.00000000,0.71151020,1
699.000,4.88455426,0.01379502,0.19030259,-0.00999605,0.00999605,0.00999605,0.20029864,0.30120490,0.69879510,0.00000000,0.51513934,1
700.000,4.89834928,0.01379502,0.19030250,-0.00999614,0.00999614,0.00999614,0.20029864,0.30120490,0.69879510,0.00000000,0.91080416,1
701.000,4.91214430,0.01379501,0.19030241,-0.00999622,0.00999622,0.00999622,0.20029864,0.30120490,0.69879510,0.00000000,0.39510379,1
702.000,4.92593931,0.01379501,0.19030233,-0.00999631,0.00999631,0.00999631,0.20029864,0.30120490,0.69879510,0.00000000,0.31199939,1
703.000,4.93973432,0.01379501,0.19030225,-0.00999639,0.00999639,0.00999639,0.20029863,0.30120490,0.69879510,0.00000000,0.03785432,1
704.000,4.95352932,0.01379501,0.19030217,-0.00999647,0.00999647,0.00999647,0.20029863,0.30120490,0.69879510,0.00000000,0.95389005,1
705.000,4.96732433,0.01379500,0.19030209,-0.00999654,0.00999654,0.00999654,0.20029863,0.30120490,0.69879510,0.00000000,0.03553391,1
706.000,4.98111933,0.01379500,0.19030201,-0.00999662,0.00999662,0.00999662,0.20029863,0.30120490,0.69879510,0.00000000,0.28425677,1
707.000,4.99491433,0.01379500,0.19030194,-0.00999669,0.00999669,0.00999669,0.20029863,0.30120490,0.69879510,0.00000000,0.47966983,1
